#
# There is insufficient memory for the Java Runtime Environment to continue.
# Native memory allocation (malloc) failed to allocate 328256 bytes for Chunk::new
# Possible reasons:
#   The system is out of physical RAM or swap space
#   In 32 bit mode, the process size limit was hit
# Possible solutions:
#   Reduce memory load on the system
#   Increase physical memory or swap space
#   Check if swap backing store is full
#   Use 64 bit Java on a 64 bit OS
#   Decrease Java heap size (-Xmx/-Xms)
#   Decrease number of Java threads
#   Decrease Java thread stack sizes (-Xss)
#   Set larger code cache with -XX:ReservedCodeCacheSize=
# This output file may be truncated or incomplete.
#
#  Out of Memory Error (allocation.cpp:390), pid=3064, tid=0x0000000000001d78
#
# JRE version: OpenJDK Runtime Environment (8.0_152-b06) (build 1.8.0_152-release-1136-b06)
# Java VM: OpenJDK 64-Bit Server VM (25.152-b06 mixed mode windows-amd64 compressed oops)
# Failed to write core dump. Minidumps are not enabled by default on client versions of Windows
#

---------------  T H R E A D  ---------------

Current thread (0x00000000181fd800):  JavaThread "C2 CompilerThread0" daemon [_thread_in_native, id=7544, stack(0x00000000189f0000,0x0000000018af0000)]

Stack: [0x00000000189f0000,0x0000000018af0000]
[error occurred during error reporting (printing stack bounds), id 0xc0000005]

Native frames: (J=compiled Java code, j=interpreted, Vv=VM code, C=native code)


Current CompileTask:
C2: 680906 8096 %     4       sun.nio.fs.WindowsPathParser::normalize @ 18 (233 bytes)


---------------  P R O C E S S  ---------------

Java Threads: ( => current thread )
  0x000000001d9b7000 JavaThread "RMI RenewClean-[127.0.0.1:55311,org.jetbrains.kotlin.daemon.common.LoopbackNetworkInterface$ClientLoopbackSocketFactory@64f28886]" daemon [_thread_blocked, id=7624, stack(0x0000000022250000,0x0000000022350000)]
  0x000000001d9b6000 JavaThread "RMI TCP Connection(5)-127.0.0.1" daemon [_thread_in_Java, id=10384, stack(0x0000000022150000,0x0000000022250000)]
  0x000000001d9b5800 JavaThread "RMI TCP Connection(4)-127.0.0.1" daemon [_thread_in_native, id=13800, stack(0x0000000022050000,0x0000000022150000)]
  0x000000001930b800 JavaThread "RMI RenewClean-[127.0.0.1:55311,org.jetbrains.kotlin.daemon.common.LoopbackNetworkInterface$ClientLoopbackSocketFactory@5ab3ff60]" daemon [_thread_blocked, id=10228, stack(0x000000001a7a0000,0x000000001a8a0000)]
  0x000000001932b800 JavaThread "RMI Scheduler(0)" daemon [_thread_blocked, id=11200, stack(0x000000001a4a0000,0x000000001a5a0000)]
  0x0000000002452800 JavaThread "DestroyJavaVM" [_thread_blocked, id=3636, stack(0x0000000002270000,0x0000000002370000)]
  0x000000001925d800 JavaThread "GC Daemon" daemon [_thread_blocked, id=3684, stack(0x0000000019f30000,0x000000001a030000)]
  0x000000001925b800 JavaThread "RMI Reaper" [_thread_blocked, id=11148, stack(0x0000000019e30000,0x0000000019f30000)]
  0x000000001924e800 JavaThread "Timer-0" daemon [_thread_blocked, id=9276, stack(0x0000000019c30000,0x0000000019d30000)]
  0x0000000019243800 JavaThread "RMI TCP Accept-17293" daemon [_thread_in_native, id=12112, stack(0x0000000019b30000,0x0000000019c30000)]
  0x000000001829a000 JavaThread "Service Thread" daemon [_thread_blocked, id=6196, stack(0x0000000018df0000,0x0000000018ef0000)]
  0x000000001631c000 JavaThread "C1 CompilerThread3" daemon [_thread_blocked, id=8616, stack(0x0000000018cf0000,0x0000000018df0000)]
  0x0000000018204000 JavaThread "C2 CompilerThread2" daemon [_thread_in_vm, id=12988, stack(0x0000000018bf0000,0x0000000018cf0000)]
  0x00000000181ff800 JavaThread "C2 CompilerThread1" daemon [_thread_in_native, id=4528, stack(0x0000000018af0000,0x0000000018bf0000)]
=>0x00000000181fd800 JavaThread "C2 CompilerThread0" daemon [_thread_in_native, id=7544, stack(0x00000000189f0000,0x0000000018af0000)]
  0x00000000181fb000 JavaThread "Attach Listener" daemon [_thread_blocked, id=12836, stack(0x00000000188f0000,0x00000000189f0000)]
  0x00000000181fa000 JavaThread "Signal Dispatcher" daemon [_thread_blocked, id=12496, stack(0x00000000187f0000,0x00000000188f0000)]
  0x00000000181f0800 JavaThread "Finalizer" daemon [_thread_blocked, id=1872, stack(0x00000000185d0000,0x00000000186d0000)]
  0x0000000002546000 JavaThread "Reference Handler" daemon [_thread_blocked, id=7456, stack(0x00000000180d0000,0x00000000181d0000)]

Other Threads:
  0x0000000016305800 VMThread [stack: 0x0000000017fd0000,0x00000000180d0000] [id=7856]
  0x000000001829b000 WatcherThread [stack: 0x0000000018ef0000,0x0000000018ff0000] [id=2808]

VM state:not at safepoint (normal execution)

VM Mutex/Monitor currently owned by a thread: None

Heap:
 PSYoungGen      total 99840K, used 96353K [0x00000000e0000000, 0x00000000e7f80000, 0x0000000100000000)
  eden space 77312K, 95% used [0x00000000e0000000,0x00000000e481a9d8,0x00000000e4b80000)
  from space 22528K, 99% used [0x00000000e6880000,0x00000000e7e7de18,0x00000000e7e80000)
  to   space 26624K, 0% used [0x00000000e4b80000,0x00000000e4b80000,0x00000000e6580000)
 ParOldGen       total 126464K, used 27930K [0x00000000a0000000, 0x00000000a7b80000, 0x00000000e0000000)
  object space 126464K, 22% used [0x00000000a0000000,0x00000000a1b46868,0x00000000a7b80000)
 Metaspace       used 55427K, capacity 56620K, committed 56960K, reserved 1099776K
  class space    used 6653K, capacity 6935K, committed 7040K, reserved 1048576K

Card table byte_map: [0x0000000011910000,0x0000000011c20000] byte_map_base: 0x0000000011410000

Marking Bits: (ParMarkBitMap*) 0x000000005a805aa0
 Begin Bits: [0x0000000012620000, 0x0000000013e20000)
 End Bits:   [0x0000000013e20000, 0x0000000015620000)

Polling page: 0x00000000009e0000

CodeCache: size=245760Kb used=23599Kb max_used=23614Kb free=222160Kb
 bounds [0x0000000002550000, 0x0000000003c90000, 0x0000000011550000]
 total_blobs=7663 nmethods=7125 adapters=449
 compilation: enabled

Compilation events (10 events):
Event: 680.770 Thread 0x00000000181ff800 8095       4       org.jetbrains.kotlin.util.Checks::isApplicable (103 bytes)
Event: 680.770 Thread 0x00000000181fd800 8096 %     4       sun.nio.fs.WindowsPathParser::normalize @ 18 (233 bytes)
Event: 680.772 Thread 0x000000001631c000 8099       3       kotlin.collections.CollectionsKt___CollectionsKt::all (82 bytes)
Event: 680.773 Thread 0x000000001631c000 nmethod 8099 0x0000000003c7aa90 code [0x0000000003c7aca0, 0x0000000003c7b848]
Event: 680.781 Thread 0x0000000018204000 nmethod 8078 0x0000000003c7e550 code [0x0000000003c7e7a0, 0x0000000003c7f9a0]
Event: 680.781 Thread 0x0000000018204000 8097       4       java.util.Arrays$ArrayList::indexOf (62 bytes)
Event: 680.784 Thread 0x0000000018204000 nmethod 8097 0x0000000002678e90 code [0x0000000002678fe0, 0x00000000026790f8]
Event: 680.785 Thread 0x0000000018204000 8101       4       org.jetbrains.kotlin.load.kotlin.TypeSignatureMappingKt::mapType (824 bytes)
Event: 680.788 Thread 0x000000001631c000 8102       3       kotlin.collections.CollectionsKt___CollectionsKt::plus (39 bytes)
Event: 680.789 Thread 0x000000001631c000 nmethod 8102 0x0000000003c7d650 code [0x0000000003c7d840, 0x0000000003c7e108]

GC Heap History (10 events):
Event: 4.663 GC heap before
{Heap before GC invocations=9 (full 3):
 PSYoungGen      total 55808K, used 510K [0x00000000e0000000, 0x00000000e6780000, 0x0000000100000000)
  eden space 55296K, 0% used [0x00000000e0000000,0x00000000e0000000,0x00000000e3600000)
  from space 512K, 99% used [0x00000000e4500000,0x00000000e457fb18,0x00000000e4580000)
  to   space 15360K, 0% used [0x00000000e3600000,0x00000000e3600000,0x00000000e4500000)
 ParOldGen       total 73728K, used 31373K [0x00000000a0000000, 0x00000000a4800000, 0x00000000e0000000)
  object space 73728K, 42% used [0x00000000a0000000,0x00000000a1ea3510,0x00000000a4800000)
 Metaspace       used 34598K, capacity 35115K, committed 35496K, reserved 1081344K
  class space    used 4327K, capacity 4484K, committed 4608K, reserved 1048576K
Event: 4.773 GC heap after
Heap after GC invocations=9 (full 3):
 PSYoungGen      total 55808K, used 0K [0x00000000e0000000, 0x00000000e6780000, 0x0000000100000000)
  eden space 55296K, 0% used [0x00000000e0000000,0x00000000e0000000,0x00000000e3600000)
  from space 512K, 0% used [0x00000000e4500000,0x00000000e4500000,0x00000000e4580000)
  to   space 15360K, 0% used [0x00000000e3600000,0x00000000e3600000,0x00000000e4500000)
 ParOldGen       total 126464K, used 17888K [0x00000000a0000000, 0x00000000a7b80000, 0x00000000e0000000)
  object space 126464K, 14% used [0x00000000a0000000,0x00000000a11783f8,0x00000000a7b80000)
 Metaspace       used 34598K, capacity 35115K, committed 35496K, reserved 1081344K
  class space    used 4327K, capacity 4484K, committed 4608K, reserved 1048576K
}
Event: 5.705 GC heap before
{Heap before GC invocations=10 (full 3):
 PSYoungGen      total 55808K, used 55296K [0x00000000e0000000, 0x00000000e6780000, 0x0000000100000000)
  eden space 55296K, 100% used [0x00000000e0000000,0x00000000e3600000,0x00000000e3600000)
  from space 512K, 0% used [0x00000000e4500000,0x00000000e4500000,0x00000000e4580000)
  to   space 15360K, 0% used [0x00000000e3600000,0x00000000e3600000,0x00000000e4500000)
 ParOldGen       total 126464K, used 17888K [0x00000000a0000000, 0x00000000a7b80000, 0x00000000e0000000)
  object space 126464K, 14% used [0x00000000a0000000,0x00000000a11783f8,0x00000000a7b80000)
 Metaspace       used 39336K, capacity 40047K, committed 40448K, reserved 1085440K
  class space    used 4920K, capacity 5066K, committed 5120K, reserved 1048576K
Event: 5.714 GC heap after
Heap after GC invocations=10 (full 3):
 PSYoungGen      total 70656K, used 11283K [0x00000000e0000000, 0x00000000e6280000, 0x0000000100000000)
  eden space 55296K, 0% used [0x00000000e0000000,0x00000000e0000000,0x00000000e3600000)
  from space 15360K, 73% used [0x00000000e3600000,0x00000000e4104fc0,0x00000000e4500000)
  to   space 15872K, 0% used [0x00000000e5300000,0x00000000e5300000,0x00000000e6280000)
 ParOldGen       total 126464K, used 17896K [0x00000000a0000000, 0x00000000a7b80000, 0x00000000e0000000)
  object space 126464K, 14% used [0x00000000a0000000,0x00000000a117a3f8,0x00000000a7b80000)
 Metaspace       used 39336K, capacity 40047K, committed 40448K, reserved 1085440K
  class space    used 4920K, capacity 5066K, committed 5120K, reserved 1048576K
}
Event: 6.592 GC heap before
{Heap before GC invocations=11 (full 3):
 PSYoungGen      total 70656K, used 66579K [0x00000000e0000000, 0x00000000e6280000, 0x0000000100000000)
  eden space 55296K, 100% used [0x00000000e0000000,0x00000000e3600000,0x00000000e3600000)
  from space 15360K, 73% used [0x00000000e3600000,0x00000000e4104fc0,0x00000000e4500000)
  to   space 15872K, 0% used [0x00000000e5300000,0x00000000e5300000,0x00000000e6280000)
 ParOldGen       total 126464K, used 17896K [0x00000000a0000000, 0x00000000a7b80000, 0x00000000e0000000)
  object space 126464K, 14% used [0x00000000a0000000,0x00000000a117a3f8,0x00000000a7b80000)
 Metaspace       used 42622K, capacity 43348K, committed 43648K, reserved 1087488K
  class space    used 5246K, capacity 5419K, committed 5504K, reserved 1048576K
Event: 6.604 GC heap after
Heap after GC invocations=11 (full 3):
 PSYoungGen      total 83456K, used 14537K [0x00000000e0000000, 0x00000000e6580000, 0x0000000100000000)
  eden space 67584K, 0% used [0x00000000e0000000,0x00000000e0000000,0x00000000e4200000)
  from space 15872K, 91% used [0x00000000e5300000,0x00000000e61326a8,0x00000000e6280000)
  to   space 17408K, 0% used [0x00000000e4200000,0x00000000e4200000,0x00000000e5300000)
 ParOldGen       total 126464K, used 17904K [0x00000000a0000000, 0x00000000a7b80000, 0x00000000e0000000)
  object space 126464K, 14% used [0x00000000a0000000,0x00000000a117c3f8,0x00000000a7b80000)
 Metaspace       used 42622K, capacity 43348K, committed 43648K, reserved 1087488K
  class space    used 5246K, capacity 5419K, committed 5504K, reserved 1048576K
}
Event: 7.813 GC heap before
{Heap before GC invocations=12 (full 3):
 PSYoungGen      total 83456K, used 82121K [0x00000000e0000000, 0x00000000e6580000, 0x0000000100000000)
  eden space 67584K, 100% used [0x00000000e0000000,0x00000000e4200000,0x00000000e4200000)
  from space 15872K, 91% used [0x00000000e5300000,0x00000000e61326a8,0x00000000e6280000)
  to   space 17408K, 0% used [0x00000000e4200000,0x00000000e4200000,0x00000000e5300000)
 ParOldGen       total 126464K, used 17904K [0x00000000a0000000, 0x00000000a7b80000, 0x00000000e0000000)
  object space 126464K, 14% used [0x00000000a0000000,0x00000000a117c3f8,0x00000000a7b80000)
 Metaspace       used 47714K, capacity 48614K, committed 49024K, reserved 1091584K
  class space    used 5916K, capacity 6160K, committed 6272K, reserved 1048576K
Event: 7.830 GC heap after
Heap after GC invocations=12 (full 3):
 PSYoungGen      total 84992K, used 17399K [0x00000000e0000000, 0x00000000e7e80000, 0x0000000100000000)
  eden space 67584K, 0% used [0x00000000e0000000,0x00000000e0000000,0x00000000e4200000)
  from space 17408K, 99% used [0x00000000e4200000,0x00000000e52fdf48,0x00000000e5300000)
  to   space 22528K, 0% used [0x00000000e6880000,0x00000000e6880000,0x00000000e7e80000)
 ParOldGen       total 126464K, used 25041K [0x00000000a0000000, 0x00000000a7b80000, 0x00000000e0000000)
  object space 126464K, 19% used [0x00000000a0000000,0x00000000a1874580,0x00000000a7b80000)
 Metaspace       used 47714K, capacity 48614K, committed 49024K, reserved 1091584K
  class space    used 5916K, capacity 6160K, committed 6272K, reserved 1048576K
}
Event: 9.832 GC heap before
{Heap before GC invocations=13 (full 3):
 PSYoungGen      total 84992K, used 84983K [0x00000000e0000000, 0x00000000e7e80000, 0x0000000100000000)
  eden space 67584K, 100% used [0x00000000e0000000,0x00000000e4200000,0x00000000e4200000)
  from space 17408K, 99% used [0x00000000e4200000,0x00000000e52fdf48,0x00000000e5300000)
  to   space 22528K, 0% used [0x00000000e6880000,0x00000000e6880000,0x00000000e7e80000)
 ParOldGen       total 126464K, used 25041K [0x00000000a0000000, 0x00000000a7b80000, 0x00000000e0000000)
  object space 126464K, 19% used [0x00000000a0000000,0x00000000a1874580,0x00000000a7b80000)
 Metaspace       used 54050K, capacity 55208K, committed 55552K, reserved 1097728K
  class space    used 6532K, capacity 6819K, committed 6912K, reserved 1048576K
Event: 9.852 GC heap after
Heap after GC invocations=13 (full 3):
 PSYoungGen      total 99840K, used 22519K [0x00000000e0000000, 0x00000000e7f80000, 0x0000000100000000)
  eden space 77312K, 0% used [0x00000000e0000000,0x00000000e0000000,0x00000000e4b80000)
  from space 22528K, 99% used [0x00000000e6880000,0x00000000e7e7de18,0x00000000e7e80000)
  to   space 26624K, 0% used [0x00000000e4b80000,0x00000000e4b80000,0x00000000e6580000)
 ParOldGen       total 126464K, used 27930K [0x00000000a0000000, 0x00000000a7b80000, 0x00000000e0000000)
  object space 126464K, 22% used [0x00000000a0000000,0x00000000a1b46868,0x00000000a7b80000)
 Metaspace       used 54050K, capacity 55208K, committed 55552K, reserved 1097728K
  class space    used 6532K, capacity 6819K, committed 6912K, reserved 1048576K
}

Deoptimization events (10 events):
Event: 680.299 Thread 0x000000001d9b6000 Uncommon trap: reason=class_check action=maybe_recompile pc=0x0000000003a08ac0 method=java.util.regex.Pattern$Slice.match(Ljava/util/regex/Matcher;ILjava/lang/CharSequence;)Z @ 75
Event: 680.317 Thread 0x000000001d9b6000 Uncommon trap: reason=unstable_if action=reinterpret pc=0x0000000003654bd8 method=org.jetbrains.kotlin.psi.KtFile.getVirtualFilePath()Ljava/lang/String; @ 5
Event: 680.658 Thread 0x000000001d9b6000 Uncommon trap: reason=class_check action=maybe_recompile pc=0x0000000003c4ced4 method=org.jetbrains.kotlin.load.java.structure.impl.classFiles.BinaryJavaMethodBase$Companion.create(Ljava/lang/String;ILjava/lang/String;Ljava/lang/String;Lorg/jetbrains/kotl
Event: 680.658 Thread 0x000000001d9b6000 Uncommon trap: reason=class_check action=maybe_recompile pc=0x0000000003c4ced4 method=org.jetbrains.kotlin.load.java.structure.impl.classFiles.BinaryJavaMethodBase$Companion.create(Ljava/lang/String;ILjava/lang/String;Ljava/lang/String;Lorg/jetbrains/kotl
Event: 680.658 Thread 0x000000001d9b6000 Uncommon trap: reason=class_check action=maybe_recompile pc=0x0000000003c4ced4 method=org.jetbrains.kotlin.load.java.structure.impl.classFiles.BinaryJavaMethodBase$Companion.create(Ljava/lang/String;ILjava/lang/String;Ljava/lang/String;Lorg/jetbrains/kotl
Event: 680.748 Thread 0x000000001d9b6000 Uncommon trap: reason=class_check action=maybe_recompile pc=0x0000000003bd31f8 method=org.jetbrains.kotlin.codegen.state.KotlinTypeMapper$1.getPredefinedTypeForClass(Lorg/jetbrains/kotlin/descriptors/ClassDescriptor;)Lorg/jetbrains/org/objectweb/asm/Type;
Event: 680.748 Thread 0x000000001d9b6000 Uncommon trap: reason=class_check action=maybe_recompile pc=0x0000000003bd31f8 method=org.jetbrains.kotlin.codegen.state.KotlinTypeMapper$1.getPredefinedTypeForClass(Lorg/jetbrains/kotlin/descriptors/ClassDescriptor;)Lorg/jetbrains/org/objectweb/asm/Type;
Event: 680.769 Thread 0x000000001d9b6000 Uncommon trap: reason=class_check action=maybe_recompile pc=0x0000000003bd31f8 method=org.jetbrains.kotlin.codegen.state.KotlinTypeMapper$1.getPredefinedTypeForClass(Lorg/jetbrains/kotlin/descriptors/ClassDescriptor;)Lorg/jetbrains/org/objectweb/asm/Type;
Event: 680.769 Thread 0x000000001d9b6000 Uncommon trap: reason=class_check action=maybe_recompile pc=0x0000000003bd31f8 method=org.jetbrains.kotlin.codegen.state.KotlinTypeMapper$1.getPredefinedTypeForClass(Lorg/jetbrains/kotlin/descriptors/ClassDescriptor;)Lorg/jetbrains/org/objectweb/asm/Type;
Event: 680.793 Thread 0x000000001d9b6000 Uncommon trap: reason=class_check action=maybe_recompile pc=0x0000000003c4ced4 method=org.jetbrains.kotlin.load.java.structure.impl.classFiles.BinaryJavaMethodBase$Companion.create(Ljava/lang/String;ILjava/lang/String;Ljava/lang/String;Lorg/jetbrains/kotl

Classes redefined (0 events):
No events

Internal exceptions (10 events):
Event: 10.164 Thread 0x0000000019303800 Exception <a 'sun/nio/fs/WindowsException'> (0x00000000e0b2d578) thrown at [D:\src\AOSP-openjdk-cygwin\jdk8u\hotspot\src\share\vm\prims\jni.cpp, line 709]
Event: 10.164 Thread 0x0000000019303800 Exception <a 'java/io/FileNotFoundException'> (0x00000000e0b2eda0) thrown at [D:\src\AOSP-openjdk-cygwin\jdk8u\hotspot\src\share\vm\prims\jni.cpp, line 709]
Event: 10.164 Thread 0x0000000019303800 Exception <a 'java/io/FileNotFoundException'> (0x00000000e0b30978) thrown at [D:\src\AOSP-openjdk-cygwin\jdk8u\hotspot\src\share\vm\prims\jni.cpp, line 709]
Event: 679.757 Thread 0x000000001d9b7000 Exception <a 'java/lang/InterruptedException'> (0x00000000e108b268) thrown at [D:\src\AOSP-openjdk-cygwin\jdk8u\hotspot\src\share\vm\runtime\objectMonitor.cpp, line 1684]
Event: 679.776 Thread 0x000000001d9b6000 Implicit null exception at 0x000000000388d494 to 0x000000000388d701
Event: 679.828 Thread 0x000000001d9b6000 Exception <a 'java/io/FileNotFoundException'> (0x00000000e1264e58) thrown at [D:\src\AOSP-openjdk-cygwin\jdk8u\hotspot\src\share\vm\prims\jni.cpp, line 709]
Event: 679.828 Thread 0x000000001d9b6000 Exception <a 'sun/nio/fs/WindowsException'> (0x00000000e1266878) thrown at [D:\src\AOSP-openjdk-cygwin\jdk8u\hotspot\src\share\vm\prims\jni.cpp, line 709]
Event: 679.835 Thread 0x000000001d9b6000 Exception <a 'sun/nio/fs/WindowsException'> (0x00000000e126a670) thrown at [D:\src\AOSP-openjdk-cygwin\jdk8u\hotspot\src\share\vm\prims\jni.cpp, line 709]
Event: 679.836 Thread 0x000000001d9b6000 Exception <a 'java/io/FileNotFoundException'> (0x00000000e126bab0) thrown at [D:\src\AOSP-openjdk-cygwin\jdk8u\hotspot\src\share\vm\prims\jni.cpp, line 709]
Event: 679.838 Thread 0x000000001d9b6000 Exception <a 'java/io/FileNotFoundException'> (0x00000000e126d650) thrown at [D:\src\AOSP-openjdk-cygwin\jdk8u\hotspot\src\share\vm\prims\jni.cpp, line 709]

Events (10 events):
Event: 680.769 Thread 0x000000001d9b6000 DEOPT PACKING pc=0x0000000003bd31f8 sp=0x0000000022248b90
Event: 680.769 Thread 0x000000001d9b6000 DEOPT UNPACKING pc=0x000000000259557b sp=0x0000000022248aa8 mode 2
Event: 680.773 Thread 0x000000001631c000 flushing nmethod 0x0000000002678c10
Event: 680.783 Thread 0x000000001d9b6000 DEOPT PACKING pc=0x0000000003936771 sp=0x000000002224a0b0
Event: 680.783 Thread 0x000000001d9b6000 DEOPT UNPACKING pc=0x00000000025975d0 sp=0x0000000022249dc8 mode 0
Event: 680.784 Thread 0x0000000018204000 flushing nmethod 0x00000000028c9510
Event: 680.784 Thread 0x0000000018204000 flushing nmethod 0x00000000028db650
Event: 680.793 Thread 0x000000001d9b6000 Uncommon trap: trap_request=0xffffffde fr.pc=0x0000000003c4ced4
Event: 680.793 Thread 0x000000001d9b6000 DEOPT PACKING pc=0x0000000003c4ced4 sp=0x0000000022249740
Event: 680.793 Thread 0x000000001d9b6000 DEOPT UNPACKING pc=0x000000000259557b sp=0x0000000022249710 mode 2


Dynamic libraries:
0x00007ff7e07d0000 - 0x00007ff7e0801000 	C:\Program Files\Android\Android Studio\jre\jre\bin\java.exe
0x00007ffa27190000 - 0x00007ffa27371000 	C:\Windows\SYSTEM32\ntdll.dll
0x00007ffa26740000 - 0x00007ffa267f2000 	C:\Windows\System32\KERNEL32.DLL
0x00007ffa23560000 - 0x00007ffa237d3000 	C:\Windows\System32\KERNELBASE.dll
0x00007ffa26870000 - 0x00007ffa26911000 	C:\Windows\System32\ADVAPI32.dll
0x00007ffa24a80000 - 0x00007ffa24b1e000 	C:\Windows\System32\msvcrt.dll
0x00007ffa25000000 - 0x00007ffa2505b000 	C:\Windows\System32\sechost.dll
0x00007ffa26c60000 - 0x00007ffa26d84000 	C:\Windows\System32\RPCRT4.dll
0x00007ffa26ad0000 - 0x00007ffa26c60000 	C:\Windows\System32\USER32.dll
0x00007ffa24310000 - 0x00007ffa24330000 	C:\Windows\System32\win32u.dll
0x00007ffa26800000 - 0x00007ffa26828000 	C:\Windows\System32\GDI32.dll
0x00007ffa23900000 - 0x00007ffa23a92000 	C:\Windows\System32\gdi32full.dll
0x00007ffa23860000 - 0x00007ffa238ff000 	C:\Windows\System32\msvcp_win.dll
0x00007ffa23aa0000 - 0x00007ffa23b9a000 	C:\Windows\System32\ucrtbase.dll
0x00007ffa105b0000 - 0x00007ffa10819000 	C:\Windows\WinSxS\amd64_microsoft.windows.common-controls_6595b64144ccf1df_6.0.17134.407_none_fb449d63306391e9\COMCTL32.dll
0x00007ffa26e30000 - 0x00007ffa27152000 	C:\Windows\System32\combase.dll
0x00007ffa237e0000 - 0x00007ffa2385a000 	C:\Windows\System32\bcryptPrimitives.dll
0x00007ffa26840000 - 0x00007ffa2686d000 	C:\Windows\System32\IMM32.DLL
0x0000000059e80000 - 0x0000000059f52000 	C:\Program Files\Android\Android Studio\jre\jre\bin\msvcr100.dll
0x000000005a040000 - 0x000000005a881000 	C:\Program Files\Android\Android Studio\jre\jre\bin\server\jvm.dll
0x00007ffa24620000 - 0x00007ffa24628000 	C:\Windows\System32\PSAPI.DLL
0x00007ffa11c90000 - 0x00007ffa11c9a000 	C:\Windows\SYSTEM32\VERSION.dll
0x00007ffa206a0000 - 0x00007ffa206c3000 	C:\Windows\SYSTEM32\WINMM.dll
0x00007ffa11f90000 - 0x00007ffa11f99000 	C:\Windows\SYSTEM32\WSOCK32.dll
0x00007ffa25060000 - 0x00007ffa250cc000 	C:\Windows\System32\WS2_32.dll
0x00007ffa20670000 - 0x00007ffa2069a000 	C:\Windows\SYSTEM32\WINMMBASE.dll
0x00007ffa243e0000 - 0x00007ffa24429000 	C:\Windows\System32\cfgmgr32.dll
0x00007ffa0a540000 - 0x00007ffa0a54f000 	C:\Program Files\Android\Android Studio\jre\jre\bin\verify.dll
0x00007ffa07eb0000 - 0x00007ffa07ed9000 	C:\Program Files\Android\Android Studio\jre\jre\bin\java.dll
0x00007ffa07e90000 - 0x00007ffa07ea6000 	C:\Program Files\Android\Android Studio\jre\jre\bin\zip.dll
0x00007ffa25250000 - 0x00007ffa2668f000 	C:\Windows\System32\SHELL32.dll
0x00007ffa26690000 - 0x00007ffa26739000 	C:\Windows\System32\shcore.dll
0x00007ffa23c00000 - 0x00007ffa2430d000 	C:\Windows\System32\windows.storage.dll
0x00007ffa26a70000 - 0x00007ffa26ac1000 	C:\Windows\System32\shlwapi.dll
0x00007ffa23540000 - 0x00007ffa23551000 	C:\Windows\System32\kernel.appcore.dll
0x00007ffa23520000 - 0x00007ffa2353f000 	C:\Windows\System32\profapi.dll
0x00007ffa234b0000 - 0x00007ffa234fc000 	C:\Windows\System32\powrprof.dll
0x00007ffa234a0000 - 0x00007ffa234aa000 	C:\Windows\System32\FLTLIB.DLL
0x00007ff9fa080000 - 0x00007ff9fa08d000 	C:\Program Files\Android\Android Studio\jre\jre\bin\management.dll
0x00007ffa07e70000 - 0x00007ffa07e8a000 	C:\Program Files\Android\Android Studio\jre\jre\bin\net.dll
0x00007ffa22d20000 - 0x00007ffa22d86000 	C:\Windows\system32\mswsock.dll
0x00007ff9fa090000 - 0x00007ff9fa0a1000 	C:\Program Files\Android\Android Studio\jre\jre\bin\nio.dll
0x00007ffa22ed0000 - 0x00007ffa22ee7000 	C:\Windows\SYSTEM32\CRYPTSP.dll
0x00007ffa22900000 - 0x00007ffa22933000 	C:\Windows\system32\rsaenh.dll
0x00007ffa23000000 - 0x00007ffa23025000 	C:\Windows\SYSTEM32\bcrypt.dll
0x00007ffa233d0000 - 0x00007ffa233f8000 	C:\Windows\SYSTEM32\USERENV.dll
0x00007ffa22ef0000 - 0x00007ffa22efb000 	C:\Windows\SYSTEM32\CRYPTBASE.dll
0x00007ffa22aa0000 - 0x00007ffa22ad8000 	C:\Windows\SYSTEM32\IPHLPAPI.DLL
0x00007ffa24f00000 - 0x00007ffa24f08000 	C:\Windows\System32\NSI.dll
0x00007ffa1cde0000 - 0x00007ffa1cdf6000 	C:\Windows\SYSTEM32\dhcpcsvc6.DLL
0x00007ffa1cd90000 - 0x00007ffa1cdaa000 	C:\Windows\SYSTEM32\dhcpcsvc.DLL

VM Arguments:
jvm_args: -Djava.awt.headless=true -Djava.rmi.server.hostname=127.0.0.1 -Xmx1536m -Dkotlin.environment.keepalive 
java_command: org.jetbrains.kotlin.daemon.KotlinCompileDaemon --daemon-runFilesPath C:\Users\verdy\AppData\Local\kotlin\daemon --daemon-autoshutdownIdleSeconds=7200 --daemon-compilerClasspath C:\Users\verdy\.gradle\caches\modules-2\files-2.1\org.jetbrains.kotlin\kotlin-compiler-embeddable\1.3.10\adc9e577de39fba3db6d60662892118afedd713\kotlin-compiler-embeddable-1.3.10.jar;C:\Users\verdy\.gradle\caches\modules-2\files-2.1\org.jetbrains.kotlin\kotlin-reflect\1.3.10\dd02865be0351707554b16a896b766b2396cdafa\kotlin-reflect-1.3.10.jar;C:\Users\verdy\.gradle\caches\modules-2\files-2.1\org.jetbrains.kotlin\kotlin-stdlib\1.3.10\b178c1501609c6e4ee8be635513cb023a466457d\kotlin-stdlib-1.3.10.jar;C:\Users\verdy\.gradle\caches\modules-2\files-2.1\org.jetbrains.kotlin\kotlin-script-runtime\1.3.10\1d2bac36f99b84e1493244f12629bc0756a3ff90\kotlin-script-runtime-1.3.10.jar;C:\Users\verdy\.gradle\caches\modules-2\files-2.1\org.jetbrains.kotlin\kotlin-stdlib-common\1.3.10\1b19d99229dcedad7caf50534dce38fe82845269\kotlin-stdlib-common-1.3.10.jar;C:\Users\verdy\.gradle\caches\modules-2\files-2.1\org.jetbrains\annotations\13.0\919f0dfe192fb4e063e7dacadee7f8bb9a2672a9\annotations-13.0.jar;C:\Program Files\Android\Android Studio\jre\lib\tools.jar
java_class_path (initial): C:\Users\verdy\.gradle\caches\modules-2\files-2.1\org.jetbrains.kotlin\kotlin-compiler-embeddable\1.3.10\adc9e577de39fba3db6d60662892118afedd713\kotlin-compiler-embeddable-1.3.10.jar;C:\Users\verdy\.gradle\caches\modules-2\files-2.1\org.jetbrains.kotlin\kotlin-reflect\1.3.10\dd02865be0351707554b16a896b766b2396cdafa\kotlin-reflect-1.3.10.jar;C:\Users\verdy\.gradle\caches\modules-2\files-2.1\org.jetbrains.kotlin\kotlin-stdlib\1.3.10\b178c1501609c6e4ee8be635513cb023a466457d\kotlin-stdlib-1.3.10.jar;C:\Users\verdy\.gradle\caches\modules-2\files-2.1\org.jetbrains.kotlin\kotlin-script-runtime\1.3.10\1d2bac36f99b84e1493244f12629bc0756a3ff90\kotlin-script-runtime-1.3.10.jar;C:\Users\verdy\.gradle\caches\modules-2\files-2.1\org.jetbrains.kotlin\kotlin-stdlib-common\1.3.10\1b19d99229dcedad7caf50534dce38fe82845269\kotlin-stdlib-common-1.3.10.jar;C:\Users\verdy\.gradle\caches\modules-2\files-2.1\org.jetbrains\annotations\13.0\919f0dfe192fb4e063e7dacadee7f8bb9a2672a9\annotations-13.0.jar;C:\Program Files\Android\Android Studio\jre\lib\tools.jar
Launcher Type: SUN_STANDARD

Environment Variables:
PATH=C:\Program Files (x86)\Intel\Intel(R) Management Engine Components\iCLS\;C:\Program Files\Intel\Intel(R) Management Engine Components\iCLS\;C:\Windows\system32;C:\Windows;C:\Windows\System32\Wbem;C:\Windows\System32\WindowsPowerShell\v1.0\;C:\Windows\System32\OpenSSH\;C:\Program Files (x86)\Intel\Intel(R) Management Engine Components\DAL;C:\Program Files\Intel\Intel(R) Management Engine Components\DAL;C:\Program Files (x86)\Intel\Intel(R) Management Engine Components\IPT;C:\Program Files\Intel\Intel(R) Management Engine Components\IPT;C:\Program Files\nodejs\;C:\Program Files\Intel\WiFi\bin\;C:\Program Files\Common Files\Intel\WirelessCommon\;C:\Program Files (x86)\GitExtensions\;C:\Program Files\Git\cmd;C:\Users\verdy\AppData\Local\Microsoft\WindowsApps;;C:\Users\verdy\AppData\Local\Programs\Microsoft VS Code\bin;C:\Users\verdy\AppData\Roaming\npm
USERNAME=verdy
OS=Windows_NT
PROCESSOR_IDENTIFIER=Intel64 Family 6 Model 142 Stepping 10, GenuineIntel



---------------  S Y S T E M  ---------------

OS: Windows 10.0 , 64 bit Build 17134 (10.0.17134.1)

CPU:total 8 (initial active 8) (4 cores per cpu, 2 threads per core) family 6 model 142 stepping 10, cmov, cx8, fxsr, mmx, sse, sse2, sse3, ssse3, sse4.1, sse4.2, popcnt, avx, avx2, aes, clmul, erms, 3dnowpref, lzcnt, ht, tsc, tscinvbit, bmi1, bmi2, adx

Memory: 4k page, physical 8238236k(947432k free), swap 10491036k(48k free)

vm_info: OpenJDK 64-Bit Server VM (25.152-b06) for windows-amd64 JRE (1.8.0_152-release-1136-b06), built by "builder" with MS VC++ 10.0 (VS2010)

time: Mon Nov 26 10:06:29 2018
elapsed time: 680 seconds (0d 0h 11m 20s)

