#
# There is insufficient memory for the Java Runtime Environment to continue.
# Native memory allocation (malloc) failed to allocate 1233216 bytes for Chunk::new
# Possible reasons:
#   The system is out of physical RAM or swap space
#   In 32 bit mode, the process size limit was hit
# Possible solutions:
#   Reduce memory load on the system
#   Increase physical memory or swap space
#   Check if swap backing store is full
#   Use 64 bit Java on a 64 bit OS
#   Decrease Java heap size (-Xmx/-Xms)
#   Decrease number of Java threads
#   Decrease Java thread stack sizes (-Xss)
#   Set larger code cache with -XX:ReservedCodeCacheSize=
# This output file may be truncated or incomplete.
#
#  Out of Memory Error (allocation.cpp:390), pid=5944, tid=0x0000000000002a10
#
# JRE version: OpenJDK Runtime Environment (8.0_152-b06) (build 1.8.0_152-release-1136-b06)
# Java VM: OpenJDK 64-Bit Server VM (25.152-b06 mixed mode windows-amd64 compressed oops)
# Failed to write core dump. Minidumps are not enabled by default on client versions of Windows
#

---------------  T H R E A D  ---------------

Current thread (0x000000001a2e6800):  JavaThread "C2 CompilerThread0" daemon [_thread_in_native, id=10768, stack(0x000000001aad0000,0x000000001abd0000)]

Stack: [0x000000001aad0000,0x000000001abd0000]
[error occurred during error reporting (printing stack bounds), id 0xc0000005]

Native frames: (J=compiled Java code, j=interpreted, Vv=VM code, C=native code)


Current CompileTask:
C2:   2150 1521       4       java.net.URLClassLoader$1::run (5 bytes)


---------------  P R O C E S S  ---------------

Java Threads: ( => current thread )
  0x000000001a344800 JavaThread "Service Thread" daemon [_thread_blocked, id=12592, stack(0x000000001aed0000,0x000000001afd0000)]
  0x000000001a2e8000 JavaThread "C1 CompilerThread3" daemon [_thread_blocked, id=13084, stack(0x000000001add0000,0x000000001aed0000)]
  0x000000001a2eb800 JavaThread "C2 CompilerThread2" daemon [_thread_in_native, id=14792, stack(0x000000001acd0000,0x000000001add0000)]
  0x000000001a2dc000 JavaThread "C2 CompilerThread1" daemon [_thread_in_native, id=10540, stack(0x000000001abd0000,0x000000001acd0000)]
=>0x000000001a2e6800 JavaThread "C2 CompilerThread0" daemon [_thread_in_native, id=10768, stack(0x000000001aad0000,0x000000001abd0000)]
  0x000000001a2e5000 JavaThread "Attach Listener" daemon [_thread_blocked, id=14636, stack(0x000000001a9d0000,0x000000001aad0000)]
  0x000000001a2e4000 JavaThread "Signal Dispatcher" daemon [_thread_blocked, id=3396, stack(0x000000001a8d0000,0x000000001a9d0000)]
  0x000000001a2d0800 JavaThread "Finalizer" daemon [_thread_blocked, id=6236, stack(0x000000001a6b0000,0x000000001a7b0000)]
  0x00000000183ca800 JavaThread "Reference Handler" daemon [_thread_blocked, id=14172, stack(0x000000001a1b0000,0x000000001a2b0000)]
  0x00000000032c4000 JavaThread "main" [_thread_in_Java, id=7112, stack(0x0000000003110000,0x0000000003210000)]

Other Threads:
  0x00000000183c7000 VMThread [stack: 0x000000001a0b0000,0x000000001a1b0000] [id=10720]
  0x000000001a346000 WatcherThread [stack: 0x000000001afd0000,0x000000001b0d0000] [id=5912]

VM state:not at safepoint (normal execution)

VM Mutex/Monitor currently owned by a thread: None

Heap:
 PSYoungGen      total 70656K, used 14819K [0x00000000d6180000, 0x00000000dab80000, 0x0000000100000000)
  eden space 65536K, 22% used [0x00000000d6180000,0x00000000d6ff8ec8,0x00000000da180000)
  from space 5120K, 0% used [0x00000000da180000,0x00000000da180000,0x00000000da680000)
  to   space 5120K, 0% used [0x00000000da680000,0x00000000da680000,0x00000000dab80000)
 ParOldGen       total 64512K, used 8638K [0x0000000082400000, 0x0000000086300000, 0x00000000d6180000)
  object space 64512K, 13% used [0x0000000082400000,0x0000000082c6fbe0,0x0000000086300000)
 Metaspace       used 21484K, capacity 21894K, committed 22192K, reserved 1069056K
  class space    used 2754K, capacity 2893K, committed 2992K, reserved 1048576K

Card table byte_map: [0x0000000012880000,0x0000000012c70000] byte_map_base: 0x000000001246e000

Marking Bits: (ParMarkBitMap*) 0x0000000055bd5aa0
 Begin Bits: [0x0000000013710000, 0x0000000015680000)
 End Bits:   [0x0000000015680000, 0x00000000175f0000)

Polling page: 0x0000000001930000

CodeCache: size=245760Kb used=5100Kb max_used=5119Kb free=240659Kb
 bounds [0x00000000034c0000, 0x00000000039d0000, 0x00000000124c0000]
 total_blobs=2062 nmethods=1669 adapters=306
 compilation: enabled

Compilation events (10 events):
Event: 2.081 Thread 0x000000001a2eb800 nmethod 1666 0x00000000039bd150 code [0x00000000039bd2e0, 0x00000000039bdc98]
Event: 2.081 Thread 0x000000001a2eb800 1673       4       org.jetbrains.kotlin.com.intellij.openapi.vfs.impl.ZipEntryMap::isTheOne (139 bytes)
Event: 2.092 Thread 0x000000001a2dc000 nmethod 1669 0x00000000039c2450 code [0x00000000039c25e0, 0x00000000039c2ff8]
Event: 2.092 Thread 0x000000001a2dc000 1667       4       java.util.zip.ZipEntry::setExtra0 (360 bytes)
Event: 2.092 Thread 0x000000001a2eb800 nmethod 1673 0x00000000039b6410 code [0x00000000039b65a0, 0x00000000039b6c18]
Event: 2.092 Thread 0x000000001a2eb800 1675       4       org.jetbrains.kotlin.com.intellij.openapi.vfs.impl.ZipHandlerBase::getOrCreate (217 bytes)
Event: 2.100 Thread 0x000000001a2dc000 nmethod 1667 0x00000000039bf750 code [0x00000000039bf920, 0x00000000039c0030]
Event: 2.100 Thread 0x000000001a2dc000 1670       4       org.jetbrains.kotlin.com.intellij.openapi.vfs.impl.ArchiveHandler$EntryInfo::<init> (40 bytes)
Event: 2.101 Thread 0x000000001a2dc000 nmethod 1670 0x00000000039b6190 code [0x00000000039b62c0, 0x00000000039b6378]
Event: 2.101 Thread 0x000000001a2dc000 1681       4       org.jetbrains.kotlin.com.intellij.openapi.vfs.impl.ZipHandlerBase::getOrCreate (183 bytes)

GC Heap History (8 events):
Event: 0.855 GC heap before
{Heap before GC invocations=1 (full 0):
 PSYoungGen      total 37888K, used 32768K [0x00000000d6180000, 0x00000000d8b80000, 0x0000000100000000)
  eden space 32768K, 100% used [0x00000000d6180000,0x00000000d8180000,0x00000000d8180000)
  from space 5120K, 0% used [0x00000000d8680000,0x00000000d8680000,0x00000000d8b80000)
  to   space 5120K, 0% used [0x00000000d8180000,0x00000000d8180000,0x00000000d8680000)
 ParOldGen       total 86016K, used 0K [0x0000000082400000, 0x0000000087800000, 0x00000000d6180000)
  object space 86016K, 0% used [0x0000000082400000,0x0000000082400000,0x0000000087800000)
 Metaspace       used 9213K, capacity 9972K, committed 10112K, reserved 1058816K
  class space    used 1033K, capacity 1072K, committed 1152K, reserved 1048576K
Event: 0.868 GC heap after
Heap after GC invocations=1 (full 0):
 PSYoungGen      total 37888K, used 5116K [0x00000000d6180000, 0x00000000dab80000, 0x0000000100000000)
  eden space 32768K, 0% used [0x00000000d6180000,0x00000000d6180000,0x00000000d8180000)
  from space 5120K, 99% used [0x00000000d8180000,0x00000000d867f128,0x00000000d8680000)
  to   space 5120K, 0% used [0x00000000da680000,0x00000000da680000,0x00000000dab80000)
 ParOldGen       total 86016K, used 2865K [0x0000000082400000, 0x0000000087800000, 0x00000000d6180000)
  object space 86016K, 3% used [0x0000000082400000,0x00000000826cc4f0,0x0000000087800000)
 Metaspace       used 9213K, capacity 9972K, committed 10112K, reserved 1058816K
  class space    used 1033K, capacity 1072K, committed 1152K, reserved 1048576K
}
Event: 1.510 GC heap before
{Heap before GC invocations=2 (full 0):
 PSYoungGen      total 37888K, used 37884K [0x00000000d6180000, 0x00000000dab80000, 0x0000000100000000)
  eden space 32768K, 100% used [0x00000000d6180000,0x00000000d8180000,0x00000000d8180000)
  from space 5120K, 99% used [0x00000000d8180000,0x00000000d867f128,0x00000000d8680000)
  to   space 5120K, 0% used [0x00000000da680000,0x00000000da680000,0x00000000dab80000)
 ParOldGen       total 86016K, used 2865K [0x0000000082400000, 0x0000000087800000, 0x00000000d6180000)
  object space 86016K, 3% used [0x0000000082400000,0x00000000826cc4f0,0x0000000087800000)
 Metaspace       used 17134K, capacity 17402K, committed 17792K, reserved 1064960K
  class space    used 2048K, capacity 2125K, committed 2176K, reserved 1048576K
Event: 1.519 GC heap after
Heap after GC invocations=2 (full 0):
 PSYoungGen      total 70656K, used 5104K [0x00000000d6180000, 0x00000000dab80000, 0x0000000100000000)
  eden space 65536K, 0% used [0x00000000d6180000,0x00000000d6180000,0x00000000da180000)
  from space 5120K, 99% used [0x00000000da680000,0x00000000dab7c040,0x00000000dab80000)
  to   space 5120K, 0% used [0x00000000da180000,0x00000000da180000,0x00000000da680000)
 ParOldGen       total 86016K, used 7977K [0x0000000082400000, 0x0000000087800000, 0x00000000d6180000)
  object space 86016K, 9% used [0x0000000082400000,0x0000000082bca700,0x0000000087800000)
 Metaspace       used 17134K, capacity 17402K, committed 17792K, reserved 1064960K
  class space    used 2048K, capacity 2125K, committed 2176K, reserved 1048576K
}
Event: 1.872 GC heap before
{Heap before GC invocations=3 (full 0):
 PSYoungGen      total 70656K, used 21239K [0x00000000d6180000, 0x00000000dab80000, 0x0000000100000000)
  eden space 65536K, 24% used [0x00000000d6180000,0x00000000d7141dd0,0x00000000da180000)
  from space 5120K, 99% used [0x00000000da680000,0x00000000dab7c040,0x00000000dab80000)
  to   space 5120K, 0% used [0x00000000da180000,0x00000000da180000,0x00000000da680000)
 ParOldGen       total 86016K, used 7977K [0x0000000082400000, 0x0000000087800000, 0x00000000d6180000)
  object space 86016K, 9% used [0x0000000082400000,0x0000000082bca700,0x0000000087800000)
 Metaspace       used 20762K, capacity 21122K, committed 21296K, reserved 1067008K
  class space    used 2662K, capacity 2817K, committed 2864K, reserved 1048576K
Event: 1.879 GC heap after
Heap after GC invocations=3 (full 0):
 PSYoungGen      total 70656K, used 5092K [0x00000000d6180000, 0x00000000dab80000, 0x0000000100000000)
  eden space 65536K, 0% used [0x00000000d6180000,0x00000000d6180000,0x00000000da180000)
  from space 5120K, 99% used [0x00000000da180000,0x00000000da679030,0x00000000da680000)
  to   space 5120K, 0% used [0x00000000da680000,0x00000000da680000,0x00000000dab80000)
 ParOldGen       total 86016K, used 11540K [0x0000000082400000, 0x0000000087800000, 0x00000000d6180000)
  object space 86016K, 13% used [0x0000000082400000,0x0000000082f45148,0x0000000087800000)
 Metaspace       used 20762K, capacity 21122K, committed 21296K, reserved 1067008K
  class space    used 2662K, capacity 2817K, committed 2864K, reserved 1048576K
}
Event: 1.879 GC heap before
{Heap before GC invocations=4 (full 1):
 PSYoungGen      total 70656K, used 5092K [0x00000000d6180000, 0x00000000dab80000, 0x0000000100000000)
  eden space 65536K, 0% used [0x00000000d6180000,0x00000000d6180000,0x00000000da180000)
  from space 5120K, 99% used [0x00000000da180000,0x00000000da679030,0x00000000da680000)
  to   space 5120K, 0% used [0x00000000da680000,0x00000000da680000,0x00000000dab80000)
 ParOldGen       total 86016K, used 11540K [0x0000000082400000, 0x0000000087800000, 0x00000000d6180000)
  object space 86016K, 13% used [0x0000000082400000,0x0000000082f45148,0x0000000087800000)
 Metaspace       used 20762K, capacity 21122K, committed 21296K, reserved 1067008K
  class space    used 2662K, capacity 2817K, committed 2864K, reserved 1048576K
Event: 1.911 GC heap after
Heap after GC invocations=4 (full 1):
 PSYoungGen      total 70656K, used 0K [0x00000000d6180000, 0x00000000dab80000, 0x0000000100000000)
  eden space 65536K, 0% used [0x00000000d6180000,0x00000000d6180000,0x00000000da180000)
  from space 5120K, 0% used [0x00000000da180000,0x00000000da180000,0x00000000da680000)
  to   space 5120K, 0% used [0x00000000da680000,0x00000000da680000,0x00000000dab80000)
 ParOldGen       total 64512K, used 8638K [0x0000000082400000, 0x0000000086300000, 0x00000000d6180000)
  object space 64512K, 13% used [0x0000000082400000,0x0000000082c6fbe0,0x0000000086300000)
 Metaspace       used 20762K, capacity 21122K, committed 21296K, reserved 1067008K
  class space    used 2662K, capacity 2817K, committed 2864K, reserved 1048576K
}

Deoptimization events (10 events):
Event: 1.165 Thread 0x00000000032c4000 Uncommon trap: reason=class_check action=maybe_recompile pc=0x00000000037ae0c0 method=java.util.Collections$UnmodifiableCollection.size()I @ 4
Event: 1.165 Thread 0x00000000032c4000 Uncommon trap: reason=class_check action=maybe_recompile pc=0x00000000037ea1ac method=java.util.Collections$UnmodifiableList.get(I)Ljava/lang/Object; @ 5
Event: 1.167 Thread 0x00000000032c4000 Uncommon trap: reason=class_check action=maybe_recompile pc=0x00000000037ae0c0 method=java.util.Collections$UnmodifiableCollection.size()I @ 4
Event: 1.167 Thread 0x00000000032c4000 Uncommon trap: reason=class_check action=maybe_recompile pc=0x00000000037ea1ac method=java.util.Collections$UnmodifiableList.get(I)Ljava/lang/Object; @ 5
Event: 1.212 Thread 0x00000000032c4000 Uncommon trap: reason=unstable_if action=reinterpret pc=0x00000000038731d4 method=java.util.HashMap.hash(Ljava/lang/Object;)I @ 1
Event: 1.472 Thread 0x00000000032c4000 Uncommon trap: reason=range_check action=make_not_entrant pc=0x0000000003822a60 method=sun.reflect.generics.parser.SignatureParser.current()C @ 34
Event: 1.764 Thread 0x00000000032c4000 Uncommon trap: reason=class_check action=maybe_recompile pc=0x00000000037ea1ac method=java.util.Collections$UnmodifiableList.get(I)Ljava/lang/Object; @ 5
Event: 1.768 Thread 0x00000000032c4000 Uncommon trap: reason=unstable_if action=reinterpret pc=0x0000000003617fc8 method=java.lang.String.startsWith(Ljava/lang/String;I)Z @ 25
Event: 1.972 Thread 0x00000000032c4000 Uncommon trap: reason=unstable_if action=reinterpret pc=0x000000000380dce4 method=java.lang.String.<init>([CII)V @ 18
Event: 2.046 Thread 0x00000000032c4000 Uncommon trap: reason=unstable_if action=reinterpret pc=0x00000000039ab85c method=org.jetbrains.kotlin.com.intellij.openapi.vfs.impl.ZipEntryMap.isTheOne(Lorg/jetbrains/kotlin/com/intellij/openapi/vfs/impl/ArchiveHandler$EntryInfo;Ljava/lang/CharSequence;

Classes redefined (0 events):
No events

Internal exceptions (10 events):
Event: 0.350 Thread 0x00000000032c4000 Exception <a 'java/security/PrivilegedActionException'> (0x00000000d6c3adf8) thrown at [D:\src\AOSP-openjdk-cygwin\jdk8u\hotspot\src\share\vm\prims\jvm.cpp, line 1390]
Event: 0.676 Thread 0x00000000032c4000 Exception <a 'java/lang/ArrayIndexOutOfBoundsException'> (0x00000000d7c2d7b8) thrown at [D:\src\AOSP-openjdk-cygwin\jdk8u\hotspot\src\share\vm\runtime\sharedRuntime.cpp, line 605]
Event: 0.898 Thread 0x00000000032c4000 Exception <a 'java/lang/ArrayIndexOutOfBoundsException'> (0x00000000d62fdd90) thrown at [D:\src\AOSP-openjdk-cygwin\jdk8u\hotspot\src\share\vm\runtime\sharedRuntime.cpp, line 605]
Event: 1.151 Thread 0x00000000032c4000 Exception <a 'java/lang/NoSuchFieldError': method resolution failed> (0x00000000d6ed7c30) thrown at [D:\src\AOSP-openjdk-cygwin\jdk8u\hotspot\src\share\vm\prims\methodHandles.cpp, line 1167]
Event: 1.153 Thread 0x00000000032c4000 Exception <a 'java/lang/NoSuchFieldError': method resolution failed> (0x00000000d6ee5138) thrown at [D:\src\AOSP-openjdk-cygwin\jdk8u\hotspot\src\share\vm\prims\methodHandles.cpp, line 1167]
Event: 1.212 Thread 0x00000000032c4000 Implicit null exception at 0x0000000003872b7b to 0x00000000038731b9
Event: 1.374 Thread 0x00000000032c4000 Exception <a 'java/lang/NoSuchMethodError': java.lang.Object.lambda$comparing$77a9974f$1(Ljava/util/function/Function;Ljava/lang/Object;Ljava/lang/Object;)I> (0x00000000d7ad8ad0) thrown at [D:\src\AOSP-openjdk-cygwin\jdk8u\hotspot\src\share\vm\interpreter
Event: 1.472 Thread 0x00000000032c4000 Exception <a 'java/lang/ArrayIndexOutOfBoundsException': 67> (0x00000000d8009ef0) thrown at [D:\src\AOSP-openjdk-cygwin\jdk8u\hotspot\src\share\vm\interpreter\interpreterRuntime.cpp, line 366]
Event: 1.709 Thread 0x00000000032c4000 Exception <a 'java/lang/NoSuchMethodError': java.lang.Object.lambda$static$0(I)[Lorg/jetbrains/kotlin/com/intellij/openapi/editor/event/DocumentListener;> (0x00000000d68ae3a0) thrown at [D:\src\AOSP-openjdk-cygwin\jdk8u\hotspot\src\share\vm\interpreter\li
Event: 1.752 Thread 0x00000000032c4000 Exception <a 'java/lang/NoSuchMethodError': java.lang.Object.lambda$static$0(I)[Lorg/jetbrains/kotlin/com/intellij/psi/PsiAnnotation;> (0x00000000d6a75260) thrown at [D:\src\AOSP-openjdk-cygwin\jdk8u\hotspot\src\share\vm\interpreter\linkResolver.cpp, line

Events (10 events):
Event: 1.960 loading class java/util/AbstractMap$SimpleEntry
Event: 1.960 loading class java/util/AbstractMap$SimpleEntry done
Event: 1.962 loading class java/util/zip/ZipUtils
Event: 1.962 loading class java/util/zip/ZipUtils done
Event: 1.972 Thread 0x00000000032c4000 Uncommon trap: trap_request=0xffffff65 fr.pc=0x000000000380dce4
Event: 1.972 Thread 0x00000000032c4000 DEOPT PACKING pc=0x000000000380dce4 sp=0x000000000320df70
Event: 1.972 Thread 0x00000000032c4000 DEOPT UNPACKING pc=0x000000000350557b sp=0x000000000320dee0 mode 2
Event: 2.046 Thread 0x00000000032c4000 Uncommon trap: trap_request=0xffffff65 fr.pc=0x00000000039ab85c
Event: 2.046 Thread 0x00000000032c4000 DEOPT PACKING pc=0x00000000039ab85c sp=0x000000000320e090
Event: 2.046 Thread 0x00000000032c4000 DEOPT UNPACKING pc=0x000000000350557b sp=0x000000000320e048 mode 2


Dynamic libraries:
0x00007ff79fd90000 - 0x00007ff79fdc1000 	C:\Program Files\Android\Android Studio\jre\jre\bin\java.exe
0x00007ff804970000 - 0x00007ff804b51000 	C:\Windows\SYSTEM32\ntdll.dll
0x00007ff802d40000 - 0x00007ff802df2000 	C:\Windows\System32\KERNEL32.DLL
0x00007ff801b80000 - 0x00007ff801df3000 	C:\Windows\System32\KERNELBASE.dll
0x00007ff802200000 - 0x00007ff8022a1000 	C:\Windows\System32\ADVAPI32.dll
0x00007ff804660000 - 0x00007ff8046fe000 	C:\Windows\System32\msvcrt.dll
0x00007ff8044d0000 - 0x00007ff80452b000 	C:\Windows\System32\sechost.dll
0x00007ff804530000 - 0x00007ff804654000 	C:\Windows\System32\RPCRT4.dll
0x00007ff802ec0000 - 0x00007ff803050000 	C:\Windows\System32\USER32.dll
0x00007ff801ac0000 - 0x00007ff801ae0000 	C:\Windows\System32\win32u.dll
0x00007ff8029b0000 - 0x00007ff8029d8000 	C:\Windows\System32\GDI32.dll
0x00007ff801920000 - 0x00007ff801ab2000 	C:\Windows\System32\gdi32full.dll
0x00007ff801ae0000 - 0x00007ff801b7f000 	C:\Windows\System32\msvcp_win.dll
0x00007ff801820000 - 0x00007ff80191a000 	C:\Windows\System32\ucrtbase.dll
0x00007ffff1780000 - 0x00007ffff19e9000 	C:\Windows\WinSxS\amd64_microsoft.windows.common-controls_6595b64144ccf1df_6.0.17134.407_none_fb449d63306391e9\COMCTL32.dll
0x00007ff801e00000 - 0x00007ff802122000 	C:\Windows\System32\combase.dll
0x00007ff800f30000 - 0x00007ff800faa000 	C:\Windows\System32\bcryptPrimitives.dll
0x00007ff8044a0000 - 0x00007ff8044cd000 	C:\Windows\System32\IMM32.DLL
0x0000000055250000 - 0x0000000055322000 	C:\Program Files\Android\Android Studio\jre\jre\bin\msvcr100.dll
0x0000000055410000 - 0x0000000055c51000 	C:\Program Files\Android\Android Studio\jre\jre\bin\server\jvm.dll
0x00007ff803050000 - 0x00007ff803058000 	C:\Windows\System32\PSAPI.DLL
0x00007fffebee0000 - 0x00007fffebee9000 	C:\Windows\SYSTEM32\WSOCK32.dll
0x00007fffec9f0000 - 0x00007fffec9fa000 	C:\Windows\SYSTEM32\VERSION.dll
0x00007ffffdef0000 - 0x00007ffffdf13000 	C:\Windows\SYSTEM32\WINMM.dll
0x00007ff8028c0000 - 0x00007ff80292c000 	C:\Windows\System32\WS2_32.dll
0x00007ffffd400000 - 0x00007ffffd42a000 	C:\Windows\SYSTEM32\WINMMBASE.dll
0x00007ff801060000 - 0x00007ff8010a9000 	C:\Windows\System32\cfgmgr32.dll
0x00007fffface0000 - 0x00007ffffacef000 	C:\Program Files\Android\Android Studio\jre\jre\bin\verify.dll
0x00007ffffa480000 - 0x00007ffffa4a9000 	C:\Program Files\Android\Android Studio\jre\jre\bin\java.dll
0x00007ffffab00000 - 0x00007ffffab16000 	C:\Program Files\Android\Android Studio\jre\jre\bin\zip.dll
0x00007ff803060000 - 0x00007ff80449f000 	C:\Windows\System32\SHELL32.dll
0x00007ff802150000 - 0x00007ff8021f9000 	C:\Windows\System32\shcore.dll
0x00007ff8010b0000 - 0x00007ff8017bd000 	C:\Windows\System32\windows.storage.dll
0x00007ff802410000 - 0x00007ff802461000 	C:\Windows\System32\shlwapi.dll
0x00007ff800c90000 - 0x00007ff800ca1000 	C:\Windows\System32\kernel.appcore.dll
0x00007ff800cd0000 - 0x00007ff800cef000 	C:\Windows\System32\profapi.dll
0x00007ff800cf0000 - 0x00007ff800d3c000 	C:\Windows\System32\powrprof.dll
0x00007ff800c80000 - 0x00007ff800c8a000 	C:\Windows\System32\FLTLIB.DLL
0x00007ffffaa90000 - 0x00007ffffaaaa000 	C:\Program Files\Android\Android Studio\jre\jre\bin\net.dll
0x00007ff800500000 - 0x00007ff800566000 	C:\Windows\system32\mswsock.dll
0x00007ffffaa50000 - 0x00007ffffaa61000 	C:\Program Files\Android\Android Studio\jre\jre\bin\nio.dll

VM Arguments:
java_command: org.jetbrains.kotlin.cli.jvm.K2JVMCompiler -Xadd-compiler-builtins -Xbuild-file=C:\Users\verdy\AppData\Local\Temp\kjps5912777750141969070app_debug.script.xml -classpath C:\Users\verdy\.gradle\caches\modules-2\files-2.1\org.jetbrains.kotlin\kotlin-stdlib-jdk7\1.3.10\4d147bf43060dc43d61b096e24da1e67dfe0c032\kotlin-stdlib-jdk7-1.3.10.jar;C:\Users\verdy\.gradle\caches\transforms-1\files-1.1\appcompat-v7-28.0.0.aar\ff8836eabf25e7f4411962e4a08a1830\jars\classes.jar;C:\Users\verdy\.gradle\caches\transforms-1\files-1.1\constraint-layout-1.1.3.aar\8ce3351759269ee718ef7f9f41ad7d28\jars\classes.jar;C:\Users\verdy\.gradle\caches\modules-2\files-2.1\org.jetbrains.kotlin\kotlin-stdlib\1.3.10\b178c1501609c6e4ee8be635513cb023a466457d\kotlin-stdlib-1.3.10.jar;C:\Users\verdy\.gradle\caches\transforms-1\files-1.1\support-fragment-28.0.0.aar\e8668f5217a05eccbae3cc44a3f9165a\jars\classes.jar;C:\Users\verdy\.gradle\caches\transforms-1\files-1.1\animated-vector-drawable-28.0.0.aar\3d17bd0b321a62d649c5d79c75e3e79d\jars\classes.jar;C:\Users\verdy\.gradle\caches\transforms-1\files-1.1\support-core-ui-28.0.0.aar\de367fa963bf3be698fc3779b23e7bd9\jars\classes.jar;C:\Users\verdy\.gradle\caches\transforms-1\files-1.1\support-core-utils-28.0.0.aar\8d03c9acf9d872140f324d538851a184\jars\classes.jar;C:\Users\verdy\.gradle\caches\transforms-1\files-1.1\support-vector-drawable-28.0.0.aar\18d0863dd84837a4903ed6f64e2eef11\jars\classes.jar;C:\Users\verdy\.gradle\caches\transforms-1\files-1.1\loader-28.0.0.aar\9a0775ddef4a7a4e183550e974f0dff1\jars\classes.jar;C:\Users\verdy\.gradle\caches\transforms-1\files-1.1\viewpager-28.0.0.aar\98134bdf988084ef7b7053745ed40985\jars\classes.jar;C:\Users\verdy\.gradle\caches\transforms-1\files-1.1\coordinatorlayout-28.0.0.aar\47b157d5b63beccc5a0b04f714faf0bf\jars\classes.jar;C:\Users\verdy\.gradle\caches\transforms-1\files-1.1\drawerlayout-28.0.0.aar\a3e7db45fddaae98cf282c44d16f4bb3\jars\classes.jar;C:\Users\verdy\.gradle\caches\transforms-1\files-1.1\sli
java_class_path (initial): C:\Users\verdy\.gradle\caches\modules-2\files-2.1\org.jetbrains.kotlin\kotlin-compiler-embeddable\1.3.10\adc9e577de39fba3db6d60662892118afedd713\kotlin-compiler-embeddable-1.3.10.jar;C:\Users\verdy\.gradle\caches\modules-2\files-2.1\org.jetbrains.kotlin\kotlin-reflect\1.3.10\dd02865be0351707554b16a896b766b2396cdafa\kotlin-reflect-1.3.10.jar;C:\Users\verdy\.gradle\caches\modules-2\files-2.1\org.jetbrains.kotlin\kotlin-stdlib\1.3.10\b178c1501609c6e4ee8be635513cb023a466457d\kotlin-stdlib-1.3.10.jar;C:\Users\verdy\.gradle\caches\modules-2\files-2.1\org.jetbrains.kotlin\kotlin-script-runtime\1.3.10\1d2bac36f99b84e1493244f12629bc0756a3ff90\kotlin-script-runtime-1.3.10.jar;C:\Users\verdy\.gradle\caches\modules-2\files-2.1\org.jetbrains.kotlin\kotlin-stdlib-common\1.3.10\1b19d99229dcedad7caf50534dce38fe82845269\kotlin-stdlib-common-1.3.10.jar;C:\Users\verdy\.gradle\caches\modules-2\files-2.1\org.jetbrains\annotations\13.0\919f0dfe192fb4e063e7dacadee7f8bb9a2672a9\annotations-13.0.jar;C:\Program Files\Android\Android Studio\jre\lib\tools.jar
Launcher Type: SUN_STANDARD

Environment Variables:
PATH=C:\Program Files (x86)\Intel\Intel(R) Management Engine Components\iCLS\;C:\Program Files\Intel\Intel(R) Management Engine Components\iCLS\;C:\Windows\system32;C:\Windows;C:\Windows\System32\Wbem;C:\Windows\System32\WindowsPowerShell\v1.0\;C:\Windows\System32\OpenSSH\;C:\Program Files (x86)\Intel\Intel(R) Management Engine Components\DAL;C:\Program Files\Intel\Intel(R) Management Engine Components\DAL;C:\Program Files (x86)\Intel\Intel(R) Management Engine Components\IPT;C:\Program Files\Intel\Intel(R) Management Engine Components\IPT;C:\Program Files\nodejs\;C:\Program Files\Intel\WiFi\bin\;C:\Program Files\Common Files\Intel\WirelessCommon\;C:\Program Files (x86)\GitExtensions\;C:\Program Files\Git\cmd;C:\Users\verdy\AppData\Local\Microsoft\WindowsApps;;C:\Users\verdy\AppData\Local\Programs\Microsoft VS Code\bin;C:\Users\verdy\AppData\Roaming\npm
USERNAME=verdy
OS=Windows_NT
PROCESSOR_IDENTIFIER=Intel64 Family 6 Model 142 Stepping 10, GenuineIntel



---------------  S Y S T E M  ---------------

OS: Windows 10.0 , 64 bit Build 17134 (10.0.17134.1)

CPU:total 8 (initial active 8) (4 cores per cpu, 2 threads per core) family 6 model 142 stepping 10, cmov, cx8, fxsr, mmx, sse, sse2, sse3, ssse3, sse4.1, sse4.2, popcnt, avx, avx2, aes, clmul, erms, 3dnowpref, lzcnt, ht, tsc, tscinvbit, bmi1, bmi2, adx

Memory: 4k page, physical 8238236k(1057116k free), swap 10491036k(7032k free)

vm_info: OpenJDK 64-Bit Server VM (25.152-b06) for windows-amd64 JRE (1.8.0_152-release-1136-b06), built by "builder" with MS VC++ 10.0 (VS2010)

time: Sat Nov 24 22:46:06 2018
elapsed time: 2 seconds (0d 0h 0m 2s)

