#
# There is insufficient memory for the Java Runtime Environment to continue.
# Native memory allocation (malloc) failed to allocate 2190256 bytes for Chunk::new
# Possible reasons:
#   The system is out of physical RAM or swap space
#   In 32 bit mode, the process size limit was hit
# Possible solutions:
#   Reduce memory load on the system
#   Increase physical memory or swap space
#   Check if swap backing store is full
#   Use 64 bit Java on a 64 bit OS
#   Decrease Java heap size (-Xmx/-Xms)
#   Decrease number of Java threads
#   Decrease Java thread stack sizes (-Xss)
#   Set larger code cache with -XX:ReservedCodeCacheSize=
# This output file may be truncated or incomplete.
#
#  Out of Memory Error (allocation.cpp:390), pid=14052, tid=0x0000000000003a4c
#
# JRE version: OpenJDK Runtime Environment (8.0_152-b06) (build 1.8.0_152-release-1136-b06)
# Java VM: OpenJDK 64-Bit Server VM (25.152-b06 mixed mode windows-amd64 compressed oops)
# Failed to write core dump. Minidumps are not enabled by default on client versions of Windows
#

---------------  T H R E A D  ---------------

Current thread (0x000000001923a000):  JavaThread "C2 CompilerThread2" daemon [_thread_in_native, id=14924, stack(0x0000000019c30000,0x0000000019d30000)]

Stack: [0x0000000019c30000,0x0000000019d30000]
[error occurred during error reporting (printing stack bounds), id 0xc0000005]

Native frames: (J=compiled Java code, j=interpreted, Vv=VM code, C=native code)


Current CompileTask:
C2:   1756 1531       4       java.net.URLClassLoader$1::run (5 bytes)


---------------  P R O C E S S  ---------------

Java Threads: ( => current thread )
  0x00000000192d3000 JavaThread "Service Thread" daemon [_thread_blocked, id=9800, stack(0x0000000019e30000,0x0000000019f30000)]
  0x0000000019240000 JavaThread "C1 CompilerThread3" daemon [_thread_blocked, id=13860, stack(0x0000000019d30000,0x0000000019e30000)]
=>0x000000001923a000 JavaThread "C2 CompilerThread2" daemon [_thread_in_native, id=14924, stack(0x0000000019c30000,0x0000000019d30000)]
  0x0000000019237000 JavaThread "C2 CompilerThread1" daemon [_thread_in_native, id=11328, stack(0x0000000019b30000,0x0000000019c30000)]
  0x0000000019246000 JavaThread "C2 CompilerThread0" daemon [_thread_in_native, id=14524, stack(0x0000000019a30000,0x0000000019b30000)]
  0x0000000019245000 JavaThread "Attach Listener" daemon [_thread_blocked, id=9484, stack(0x0000000019930000,0x0000000019a30000)]
  0x0000000019243800 JavaThread "Signal Dispatcher" daemon [_thread_blocked, id=13432, stack(0x0000000019830000,0x0000000019930000)]
  0x0000000017341000 JavaThread "Finalizer" daemon [_thread_blocked, id=4960, stack(0x0000000019610000,0x0000000019710000)]
  0x00000000023c9000 JavaThread "Reference Handler" daemon [_thread_blocked, id=10044, stack(0x0000000019110000,0x0000000019210000)]
  0x00000000022d4000 JavaThread "main" [_thread_in_vm, id=3336, stack(0x0000000000a00000,0x0000000000b00000)]

Other Threads:
  0x0000000017337000 VMThread [stack: 0x0000000019010000,0x0000000019110000] [id=11696]
  0x00000000192d3800 WatcherThread [stack: 0x0000000019f30000,0x000000001a030000] [id=13580]

VM state:not at safepoint (normal execution)

VM Mutex/Monitor currently owned by a thread: None

Heap:
 PSYoungGen      total 46592K, used 10652K [0x00000000d6180000, 0x00000000d9500000, 0x0000000100000000)
  eden space 41472K, 25% used [0x00000000d6180000,0x00000000d6be7138,0x00000000d8a00000)
  from space 5120K, 0% used [0x00000000d8f00000,0x00000000d8f00000,0x00000000d9400000)
  to   space 5120K, 0% used [0x00000000d8a00000,0x00000000d8a00000,0x00000000d8f00000)
 ParOldGen       total 67072K, used 10124K [0x0000000082400000, 0x0000000086580000, 0x00000000d6180000)
  object space 67072K, 15% used [0x0000000082400000,0x0000000082de31e8,0x0000000086580000)
 Metaspace       used 24316K, capacity 24700K, committed 25048K, reserved 1071104K
  class space    used 3103K, capacity 3250K, committed 3328K, reserved 1048576K

Card table byte_map: [0x00000000117f0000,0x0000000011be0000] byte_map_base: 0x00000000113de000

Marking Bits: (ParMarkBitMap*) 0x0000000055bd5aa0
 Begin Bits: [0x0000000012680000, 0x00000000145f0000)
 End Bits:   [0x00000000145f0000, 0x0000000016560000)

Polling page: 0x00000000001f0000

CodeCache: size=245760Kb used=5496Kb max_used=5496Kb free=240263Kb
 bounds [0x0000000002430000, 0x00000000029a0000, 0x0000000011430000]
 total_blobs=2288 nmethods=1892 adapters=309
 compilation: enabled

Compilation events (10 events):
Event: 1.740 Thread 0x0000000019240000 1882       3       java.lang.invoke.InvokerBytecodeGenerator::emitLoadInsn (21 bytes)
Event: 1.740 Thread 0x0000000019240000 nmethod 1882 0x0000000002987e50 code [0x0000000002987fc0, 0x0000000002988258]
Event: 1.740 Thread 0x0000000019240000 1883       3       java.lang.invoke.InvokerBytecodeGenerator::loadInsnOpcode (86 bytes)
Event: 1.741 Thread 0x0000000019240000 nmethod 1883 0x0000000002988390 code [0x00000000029885a0, 0x00000000029890f8]
Event: 1.741 Thread 0x0000000019240000 1884       3       java.lang.invoke.InvokerBytecodeGenerator::emitPushArgument (28 bytes)
Event: 1.741 Thread 0x0000000019240000 nmethod 1884 0x00000000029895d0 code [0x0000000002989760, 0x0000000002989c58]
Event: 1.741 Thread 0x0000000019240000 1885       3       java.lang.invoke.InvokerBytecodeGenerator::emitPushArgument (120 bytes)
Event: 1.742 Thread 0x0000000019240000 nmethod 1885 0x0000000002989f50 code [0x000000000298a1e0, 0x000000000298b1b8]
Event: 1.743 Thread 0x0000000019240000 1886       3       java.lang.invoke.CallSite::maybeReBox (28 bytes)
Event: 1.743 Thread 0x0000000019240000 nmethod 1886 0x000000000298b890 code [0x000000000298ba20, 0x000000000298c0b0]

GC Heap History (10 events):
Event: 0.881 GC heap before
{Heap before GC invocations=2 (full 0):
 PSYoungGen      total 37888K, used 22278K [0x00000000d6180000, 0x00000000d8b80000, 0x0000000100000000)
  eden space 32768K, 52% used [0x00000000d6180000,0x00000000d7249358,0x00000000d8180000)
  from space 5120K, 99% used [0x00000000d8180000,0x00000000d8678720,0x00000000d8680000)
  to   space 5120K, 0% used [0x00000000d8680000,0x00000000d8680000,0x00000000d8b80000)
 ParOldGen       total 86016K, used 3011K [0x0000000082400000, 0x0000000087800000, 0x00000000d6180000)
  object space 86016K, 3% used [0x0000000082400000,0x00000000826f0c48,0x0000000087800000)
 Metaspace       used 13655K, capacity 13882K, committed 13952K, reserved 1064960K
  class space    used 1575K, capacity 1651K, committed 1664K, reserved 1048576K
Event: 0.886 GC heap after
Heap after GC invocations=2 (full 0):
 PSYoungGen      total 37888K, used 5117K [0x00000000d6180000, 0x00000000d8b80000, 0x0000000100000000)
  eden space 32768K, 0% used [0x00000000d6180000,0x00000000d6180000,0x00000000d8180000)
  from space 5120K, 99% used [0x00000000d8680000,0x00000000d8b7f7d8,0x00000000d8b80000)
  to   space 5120K, 0% used [0x00000000d8180000,0x00000000d8180000,0x00000000d8680000)
 ParOldGen       total 86016K, used 4554K [0x0000000082400000, 0x0000000087800000, 0x00000000d6180000)
  object space 86016K, 5% used [0x0000000082400000,0x0000000082872a90,0x0000000087800000)
 Metaspace       used 13655K, capacity 13882K, committed 13952K, reserved 1064960K
  class space    used 1575K, capacity 1651K, committed 1664K, reserved 1048576K
}
Event: 0.886 GC heap before
{Heap before GC invocations=3 (full 1):
 PSYoungGen      total 37888K, used 5117K [0x00000000d6180000, 0x00000000d8b80000, 0x0000000100000000)
  eden space 32768K, 0% used [0x00000000d6180000,0x00000000d6180000,0x00000000d8180000)
  from space 5120K, 99% used [0x00000000d8680000,0x00000000d8b7f7d8,0x00000000d8b80000)
  to   space 5120K, 0% used [0x00000000d8180000,0x00000000d8180000,0x00000000d8680000)
 ParOldGen       total 86016K, used 4554K [0x0000000082400000, 0x0000000087800000, 0x00000000d6180000)
  object space 86016K, 5% used [0x0000000082400000,0x0000000082872a90,0x0000000087800000)
 Metaspace       used 13655K, capacity 13882K, committed 13952K, reserved 1064960K
  class space    used 1575K, capacity 1651K, committed 1664K, reserved 1048576K
Event: 0.919 GC heap after
Heap after GC invocations=3 (full 1):
 PSYoungGen      total 37888K, used 0K [0x00000000d6180000, 0x00000000d8b80000, 0x0000000100000000)
  eden space 32768K, 0% used [0x00000000d6180000,0x00000000d6180000,0x00000000d8180000)
  from space 5120K, 0% used [0x00000000d8680000,0x00000000d8680000,0x00000000d8b80000)
  to   space 5120K, 0% used [0x00000000d8180000,0x00000000d8180000,0x00000000d8680000)
 ParOldGen       total 67072K, used 6385K [0x0000000082400000, 0x0000000086580000, 0x00000000d6180000)
  object space 67072K, 9% used [0x0000000082400000,0x0000000082a3c518,0x0000000086580000)
 Metaspace       used 13655K, capacity 13882K, committed 13952K, reserved 1062912K
  class space    used 1575K, capacity 1651K, committed 1664K, reserved 1048576K
}
Event: 1.392 GC heap before
{Heap before GC invocations=4 (full 1):
 PSYoungGen      total 37888K, used 32768K [0x00000000d6180000, 0x00000000d8b80000, 0x0000000100000000)
  eden space 32768K, 100% used [0x00000000d6180000,0x00000000d8180000,0x00000000d8180000)
  from space 5120K, 0% used [0x00000000d8680000,0x00000000d8680000,0x00000000d8b80000)
  to   space 5120K, 0% used [0x00000000d8180000,0x00000000d8180000,0x00000000d8680000)
 ParOldGen       total 67072K, used 6385K [0x0000000082400000, 0x0000000086580000, 0x00000000d6180000)
  object space 67072K, 9% used [0x0000000082400000,0x0000000082a3c518,0x0000000086580000)
 Metaspace       used 21421K, capacity 21830K, committed 22144K, reserved 1069056K
  class space    used 2749K, capacity 2883K, committed 2944K, reserved 1048576K
Event: 1.397 GC heap after
Heap after GC invocations=4 (full 1):
 PSYoungGen      total 37888K, used 5090K [0x00000000d6180000, 0x00000000d9400000, 0x0000000100000000)
  eden space 32768K, 0% used [0x00000000d6180000,0x00000000d6180000,0x00000000d8180000)
  from space 5120K, 99% used [0x00000000d8180000,0x00000000d8678be8,0x00000000d8680000)
  to   space 5120K, 0% used [0x00000000d8f00000,0x00000000d8f00000,0x00000000d9400000)
 ParOldGen       total 67072K, used 9359K [0x0000000082400000, 0x0000000086580000, 0x00000000d6180000)
  object space 67072K, 13% used [0x0000000082400000,0x0000000082d23ef0,0x0000000086580000)
 Metaspace       used 21421K, capacity 21830K, committed 22144K, reserved 1069056K
  class space    used 2749K, capacity 2883K, committed 2944K, reserved 1048576K
}
Event: 1.588 GC heap before
{Heap before GC invocations=5 (full 1):
 PSYoungGen      total 37888K, used 26443K [0x00000000d6180000, 0x00000000d9400000, 0x0000000100000000)
  eden space 32768K, 65% used [0x00000000d6180000,0x00000000d765a2b8,0x00000000d8180000)
  from space 5120K, 99% used [0x00000000d8180000,0x00000000d8678be8,0x00000000d8680000)
  to   space 5120K, 0% used [0x00000000d8f00000,0x00000000d8f00000,0x00000000d9400000)
 ParOldGen       total 67072K, used 9359K [0x0000000082400000, 0x0000000086580000, 0x00000000d6180000)
  object space 67072K, 13% used [0x0000000082400000,0x0000000082d23ef0,0x0000000086580000)
 Metaspace       used 22781K, capacity 23144K, committed 23256K, reserved 1069056K
  class space    used 2924K, capacity 3054K, committed 3072K, reserved 1048576K
Event: 1.592 GC heap after
Heap after GC invocations=5 (full 1):
 PSYoungGen      total 46592K, used 5112K [0x00000000d6180000, 0x00000000d9500000, 0x0000000100000000)
  eden space 41472K, 0% used [0x00000000d6180000,0x00000000d6180000,0x00000000d8a00000)
  from space 5120K, 99% used [0x00000000d8f00000,0x00000000d93fe288,0x00000000d9400000)
  to   space 5120K, 0% used [0x00000000d8a00000,0x00000000d8a00000,0x00000000d8f00000)
 ParOldGen       total 67072K, used 10162K [0x0000000082400000, 0x0000000086580000, 0x00000000d6180000)
  object space 67072K, 15% used [0x0000000082400000,0x0000000082dec8a0,0x0000000086580000)
 Metaspace       used 22781K, capacity 23144K, committed 23256K, reserved 1069056K
  class space    used 2924K, capacity 3054K, committed 3072K, reserved 1048576K
}
Event: 1.592 GC heap before
{Heap before GC invocations=6 (full 2):
 PSYoungGen      total 46592K, used 5112K [0x00000000d6180000, 0x00000000d9500000, 0x0000000100000000)
  eden space 41472K, 0% used [0x00000000d6180000,0x00000000d6180000,0x00000000d8a00000)
  from space 5120K, 99% used [0x00000000d8f00000,0x00000000d93fe288,0x00000000d9400000)
  to   space 5120K, 0% used [0x00000000d8a00000,0x00000000d8a00000,0x00000000d8f00000)
 ParOldGen       total 67072K, used 10162K [0x0000000082400000, 0x0000000086580000, 0x00000000d6180000)
  object space 67072K, 15% used [0x0000000082400000,0x0000000082dec8a0,0x0000000086580000)
 Metaspace       used 22781K, capacity 23144K, committed 23256K, reserved 1069056K
  class space    used 2924K, capacity 3054K, committed 3072K, reserved 1048576K
Event: 1.637 GC heap after
Heap after GC invocations=6 (full 2):
 PSYoungGen      total 46592K, used 0K [0x00000000d6180000, 0x00000000d9500000, 0x0000000100000000)
  eden space 41472K, 0% used [0x00000000d6180000,0x00000000d6180000,0x00000000d8a00000)
  from space 5120K, 0% used [0x00000000d8f00000,0x00000000d8f00000,0x00000000d9400000)
  to   space 5120K, 0% used [0x00000000d8a00000,0x00000000d8a00000,0x00000000d8f00000)
 ParOldGen       total 67072K, used 10124K [0x0000000082400000, 0x0000000086580000, 0x00000000d6180000)
  object space 67072K, 15% used [0x0000000082400000,0x0000000082de31e8,0x0000000086580000)
 Metaspace       used 22781K, capacity 23144K, committed 23256K, reserved 1069056K
  class space    used 2924K, capacity 3054K, committed 3072K, reserved 1048576K
}

Deoptimization events (10 events):
Event: 1.282 Thread 0x00000000022d4000 Uncommon trap: reason=unstable_if action=reinterpret pc=0x0000000002589ac8 method=java.lang.String.startsWith(Ljava/lang/String;I)Z @ 25
Event: 1.404 Thread 0x00000000022d4000 Uncommon trap: reason=unstable_if action=reinterpret pc=0x0000000002768064 method=java.lang.String.<init>([CII)V @ 18
Event: 1.457 Thread 0x00000000022d4000 Uncommon trap: reason=unstable_if action=reinterpret pc=0x000000000290081c method=org.jetbrains.kotlin.com.intellij.openapi.vfs.impl.ZipEntryMap.isTheOne(Lorg/jetbrains/kotlin/com/intellij/openapi/vfs/impl/ArchiveHandler$EntryInfo;Ljava/lang/CharSequence;
Event: 1.496 Thread 0x00000000022d4000 Uncommon trap: reason=unstable_if action=reinterpret pc=0x0000000002860d80 method=java.util.WeakHashMap.expungeStaleEntries()V @ 9
Event: 1.746 Thread 0x00000000022d4000 Uncommon trap: reason=class_check action=maybe_recompile pc=0x000000000297044c method=org.jetbrains.kotlin.protobuf.CodedInputStream.tryRefillBuffer(I)Z @ 177
Event: 1.748 Thread 0x00000000022d4000 Uncommon trap: reason=class_check action=maybe_recompile pc=0x000000000297044c method=org.jetbrains.kotlin.protobuf.CodedInputStream.tryRefillBuffer(I)Z @ 177
Event: 1.749 Thread 0x00000000022d4000 Uncommon trap: reason=bimorphic action=maybe_recompile pc=0x00000000029226a4 method=java.util.AbstractList$Itr.hasNext()Z @ 8
Event: 1.749 Thread 0x00000000022d4000 Uncommon trap: reason=bimorphic action=maybe_recompile pc=0x00000000029226a4 method=java.util.AbstractList$Itr.hasNext()Z @ 8
Event: 1.749 Thread 0x00000000022d4000 Uncommon trap: reason=bimorphic action=maybe_recompile pc=0x0000000002923ca4 method=java.util.AbstractList$Itr.next()Ljava/lang/Object; @ 14
Event: 1.750 Thread 0x00000000022d4000 Uncommon trap: reason=bimorphic action=maybe_recompile pc=0x00000000029226a4 method=java.util.AbstractList$Itr.hasNext()Z @ 8

Classes redefined (0 events):
No events

Internal exceptions (10 events):
Event: 0.300 Thread 0x00000000022d4000 Exception <a 'java/security/PrivilegedActionException'> (0x00000000d6c3adf8) thrown at [D:\src\AOSP-openjdk-cygwin\jdk8u\hotspot\src\share\vm\prims\jvm.cpp, line 1390]
Event: 0.530 Thread 0x00000000022d4000 Exception <a 'java/lang/ArrayIndexOutOfBoundsException'> (0x00000000d7c2d778) thrown at [D:\src\AOSP-openjdk-cygwin\jdk8u\hotspot\src\share\vm\runtime\sharedRuntime.cpp, line 605]
Event: 0.637 Thread 0x00000000022d4000 Exception <a 'java/lang/ArrayIndexOutOfBoundsException'> (0x00000000d62fdcc0) thrown at [D:\src\AOSP-openjdk-cygwin\jdk8u\hotspot\src\share\vm\runtime\sharedRuntime.cpp, line 605]
Event: 0.816 Thread 0x00000000022d4000 Exception <a 'java/lang/NoSuchFieldError': method resolution failed> (0x00000000d6ed95e8) thrown at [D:\src\AOSP-openjdk-cygwin\jdk8u\hotspot\src\share\vm\prims\methodHandles.cpp, line 1167]
Event: 0.817 Thread 0x00000000022d4000 Exception <a 'java/lang/NoSuchFieldError': method resolution failed> (0x00000000d6ee6af0) thrown at [D:\src\AOSP-openjdk-cygwin\jdk8u\hotspot\src\share\vm\prims\methodHandles.cpp, line 1167]
Event: 0.861 Thread 0x00000000022d4000 Implicit null exception at 0x00000000027d1bfb to 0x00000000027d2239
Event: 1.049 Thread 0x00000000022d4000 Exception <a 'java/lang/NoSuchMethodError': java.lang.Object.lambda$comparing$77a9974f$1(Ljava/util/function/Function;Ljava/lang/Object;Ljava/lang/Object;)I> (0x00000000d6ad6280) thrown at [D:\src\AOSP-openjdk-cygwin\jdk8u\hotspot\src\share\vm\interpreter
Event: 1.131 Thread 0x00000000022d4000 Exception <a 'java/lang/ArrayIndexOutOfBoundsException': 67> (0x00000000d7001e90) thrown at [D:\src\AOSP-openjdk-cygwin\jdk8u\hotspot\src\share\vm\interpreter\interpreterRuntime.cpp, line 366]
Event: 1.253 Thread 0x00000000022d4000 Exception <a 'java/lang/NoSuchMethodError': java.lang.Object.lambda$static$0(I)[Lorg/jetbrains/kotlin/com/intellij/openapi/editor/event/DocumentListener;> (0x00000000d7838b58) thrown at [D:\src\AOSP-openjdk-cygwin\jdk8u\hotspot\src\share\vm\interpreter\li
Event: 1.274 Thread 0x00000000022d4000 Exception <a 'java/lang/NoSuchMethodError': java.lang.Object.lambda$static$0(I)[Lorg/jetbrains/kotlin/com/intellij/psi/PsiAnnotation;> (0x00000000d7a01250) thrown at [D:\src\AOSP-openjdk-cygwin\jdk8u\hotspot\src\share\vm\interpreter\linkResolver.cpp, line

Events (10 events):
Event: 1.749 Thread 0x00000000022d4000 Uncommon trap: trap_request=0xffffffc6 fr.pc=0x0000000002923ca4
Event: 1.749 Thread 0x00000000022d4000 DEOPT PACKING pc=0x0000000002923ca4 sp=0x0000000000afe630
Event: 1.749 Thread 0x00000000022d4000 DEOPT UNPACKING pc=0x000000000247557b sp=0x0000000000afe5d0 mode 2
Event: 1.749 loading class org/jetbrains/kotlin/metadata/jvm/deserialization/ModuleMappingKt
Event: 1.749 loading class org/jetbrains/kotlin/metadata/jvm/deserialization/ModuleMappingKt done
Event: 1.750 Thread 0x00000000022d4000 Uncommon trap: trap_request=0xffffffc6 fr.pc=0x00000000029226a4
Event: 1.750 Thread 0x00000000022d4000 DEOPT PACKING pc=0x00000000029226a4 sp=0x0000000000afe6a0
Event: 1.750 Thread 0x00000000022d4000 DEOPT UNPACKING pc=0x000000000247557b sp=0x0000000000afe640 mode 2
Event: 1.750 loading class org/jetbrains/kotlin/cli/jvm/compiler/JvmPackagePartProvider$ModuleMappingInfo
Event: 1.750 loading class org/jetbrains/kotlin/cli/jvm/compiler/JvmPackagePartProvider$ModuleMappingInfo done


Dynamic libraries:
0x00007ff79fd90000 - 0x00007ff79fdc1000 	C:\Program Files\Android\Android Studio\jre\jre\bin\java.exe
0x00007ff804970000 - 0x00007ff804b51000 	C:\Windows\SYSTEM32\ntdll.dll
0x00007ff802d40000 - 0x00007ff802df2000 	C:\Windows\System32\KERNEL32.DLL
0x00007ff801b80000 - 0x00007ff801df3000 	C:\Windows\System32\KERNELBASE.dll
0x00007ff802200000 - 0x00007ff8022a1000 	C:\Windows\System32\ADVAPI32.dll
0x00007ff804660000 - 0x00007ff8046fe000 	C:\Windows\System32\msvcrt.dll
0x00007ff8044d0000 - 0x00007ff80452b000 	C:\Windows\System32\sechost.dll
0x00007ff804530000 - 0x00007ff804654000 	C:\Windows\System32\RPCRT4.dll
0x00007ff802ec0000 - 0x00007ff803050000 	C:\Windows\System32\USER32.dll
0x00007ff801ac0000 - 0x00007ff801ae0000 	C:\Windows\System32\win32u.dll
0x00007ff8029b0000 - 0x00007ff8029d8000 	C:\Windows\System32\GDI32.dll
0x00007ff801920000 - 0x00007ff801ab2000 	C:\Windows\System32\gdi32full.dll
0x00007ff801ae0000 - 0x00007ff801b7f000 	C:\Windows\System32\msvcp_win.dll
0x00007ff801820000 - 0x00007ff80191a000 	C:\Windows\System32\ucrtbase.dll
0x00007ffff1780000 - 0x00007ffff19e9000 	C:\Windows\WinSxS\amd64_microsoft.windows.common-controls_6595b64144ccf1df_6.0.17134.407_none_fb449d63306391e9\COMCTL32.dll
0x00007ff801e00000 - 0x00007ff802122000 	C:\Windows\System32\combase.dll
0x00007ff800f30000 - 0x00007ff800faa000 	C:\Windows\System32\bcryptPrimitives.dll
0x00007ff8044a0000 - 0x00007ff8044cd000 	C:\Windows\System32\IMM32.DLL
0x0000000055250000 - 0x0000000055322000 	C:\Program Files\Android\Android Studio\jre\jre\bin\msvcr100.dll
0x0000000055410000 - 0x0000000055c51000 	C:\Program Files\Android\Android Studio\jre\jre\bin\server\jvm.dll
0x00007ff803050000 - 0x00007ff803058000 	C:\Windows\System32\PSAPI.DLL
0x00007fffebee0000 - 0x00007fffebee9000 	C:\Windows\SYSTEM32\WSOCK32.dll
0x00007ffffdef0000 - 0x00007ffffdf13000 	C:\Windows\SYSTEM32\WINMM.dll
0x00007fffec9f0000 - 0x00007fffec9fa000 	C:\Windows\SYSTEM32\VERSION.dll
0x00007ff8028c0000 - 0x00007ff80292c000 	C:\Windows\System32\WS2_32.dll
0x00007ffffd400000 - 0x00007ffffd42a000 	C:\Windows\SYSTEM32\winmmbase.dll
0x00007ff801060000 - 0x00007ff8010a9000 	C:\Windows\System32\cfgmgr32.dll
0x00007fffface0000 - 0x00007ffffacef000 	C:\Program Files\Android\Android Studio\jre\jre\bin\verify.dll
0x00007ffffa480000 - 0x00007ffffa4a9000 	C:\Program Files\Android\Android Studio\jre\jre\bin\java.dll
0x00007ffffab00000 - 0x00007ffffab16000 	C:\Program Files\Android\Android Studio\jre\jre\bin\zip.dll
0x00007ff803060000 - 0x00007ff80449f000 	C:\Windows\System32\SHELL32.dll
0x00007ff802150000 - 0x00007ff8021f9000 	C:\Windows\System32\shcore.dll
0x00007ff8010b0000 - 0x00007ff8017bd000 	C:\Windows\System32\windows.storage.dll
0x00007ff802410000 - 0x00007ff802461000 	C:\Windows\System32\shlwapi.dll
0x00007ff800c90000 - 0x00007ff800ca1000 	C:\Windows\System32\kernel.appcore.dll
0x00007ff800cd0000 - 0x00007ff800cef000 	C:\Windows\System32\profapi.dll
0x00007ff800cf0000 - 0x00007ff800d3c000 	C:\Windows\System32\powrprof.dll
0x00007ff800c80000 - 0x00007ff800c8a000 	C:\Windows\System32\FLTLIB.DLL
0x00007ffffaa90000 - 0x00007ffffaaaa000 	C:\Program Files\Android\Android Studio\jre\jre\bin\net.dll
0x00007ff800500000 - 0x00007ff800566000 	C:\Windows\system32\mswsock.dll
0x00007ffffaa50000 - 0x00007ffffaa61000 	C:\Program Files\Android\Android Studio\jre\jre\bin\nio.dll

VM Arguments:
java_command: org.jetbrains.kotlin.cli.jvm.K2JVMCompiler -Xadd-compiler-builtins -Xbuild-file=C:\Users\verdy\AppData\Local\Temp\kjps6338841167313232597app_debug.script.xml -classpath C:\Users\verdy\.gradle\caches\modules-2\files-2.1\org.jetbrains.kotlin\kotlin-stdlib-jdk7\1.3.10\4d147bf43060dc43d61b096e24da1e67dfe0c032\kotlin-stdlib-jdk7-1.3.10.jar;C:\Users\verdy\.gradle\caches\transforms-1\files-1.1\appcompat-v7-28.0.0.aar\ff8836eabf25e7f4411962e4a08a1830\jars\classes.jar;C:\Users\verdy\.gradle\caches\transforms-1\files-1.1\constraint-layout-1.1.3.aar\8ce3351759269ee718ef7f9f41ad7d28\jars\classes.jar;C:\Users\verdy\.gradle\caches\modules-2\files-2.1\org.jetbrains.kotlin\kotlin-stdlib\1.3.10\b178c1501609c6e4ee8be635513cb023a466457d\kotlin-stdlib-1.3.10.jar;C:\Users\verdy\.gradle\caches\transforms-1\files-1.1\support-fragment-28.0.0.aar\e8668f5217a05eccbae3cc44a3f9165a\jars\classes.jar;C:\Users\verdy\.gradle\caches\transforms-1\files-1.1\animated-vector-drawable-28.0.0.aar\3d17bd0b321a62d649c5d79c75e3e79d\jars\classes.jar;C:\Users\verdy\.gradle\caches\transforms-1\files-1.1\support-core-ui-28.0.0.aar\de367fa963bf3be698fc3779b23e7bd9\jars\classes.jar;C:\Users\verdy\.gradle\caches\transforms-1\files-1.1\support-core-utils-28.0.0.aar\8d03c9acf9d872140f324d538851a184\jars\classes.jar;C:\Users\verdy\.gradle\caches\transforms-1\files-1.1\support-vector-drawable-28.0.0.aar\18d0863dd84837a4903ed6f64e2eef11\jars\classes.jar;C:\Users\verdy\.gradle\caches\transforms-1\files-1.1\loader-28.0.0.aar\9a0775ddef4a7a4e183550e974f0dff1\jars\classes.jar;C:\Users\verdy\.gradle\caches\transforms-1\files-1.1\viewpager-28.0.0.aar\98134bdf988084ef7b7053745ed40985\jars\classes.jar;C:\Users\verdy\.gradle\caches\transforms-1\files-1.1\coordinatorlayout-28.0.0.aar\47b157d5b63beccc5a0b04f714faf0bf\jars\classes.jar;C:\Users\verdy\.gradle\caches\transforms-1\files-1.1\drawerlayout-28.0.0.aar\a3e7db45fddaae98cf282c44d16f4bb3\jars\classes.jar;C:\Users\verdy\.gradle\caches\transforms-1\files-1.1\sli
java_class_path (initial): C:\Users\verdy\.gradle\caches\modules-2\files-2.1\org.jetbrains.kotlin\kotlin-compiler-embeddable\1.3.10\adc9e577de39fba3db6d60662892118afedd713\kotlin-compiler-embeddable-1.3.10.jar;C:\Users\verdy\.gradle\caches\modules-2\files-2.1\org.jetbrains.kotlin\kotlin-reflect\1.3.10\dd02865be0351707554b16a896b766b2396cdafa\kotlin-reflect-1.3.10.jar;C:\Users\verdy\.gradle\caches\modules-2\files-2.1\org.jetbrains.kotlin\kotlin-stdlib\1.3.10\b178c1501609c6e4ee8be635513cb023a466457d\kotlin-stdlib-1.3.10.jar;C:\Users\verdy\.gradle\caches\modules-2\files-2.1\org.jetbrains.kotlin\kotlin-script-runtime\1.3.10\1d2bac36f99b84e1493244f12629bc0756a3ff90\kotlin-script-runtime-1.3.10.jar;C:\Users\verdy\.gradle\caches\modules-2\files-2.1\org.jetbrains.kotlin\kotlin-stdlib-common\1.3.10\1b19d99229dcedad7caf50534dce38fe82845269\kotlin-stdlib-common-1.3.10.jar;C:\Users\verdy\.gradle\caches\modules-2\files-2.1\org.jetbrains\annotations\13.0\919f0dfe192fb4e063e7dacadee7f8bb9a2672a9\annotations-13.0.jar;C:\Program Files\Android\Android Studio\jre\lib\tools.jar
Launcher Type: SUN_STANDARD

Environment Variables:
PATH=C:\Program Files (x86)\Intel\Intel(R) Management Engine Components\iCLS\;C:\Program Files\Intel\Intel(R) Management Engine Components\iCLS\;C:\Windows\system32;C:\Windows;C:\Windows\System32\Wbem;C:\Windows\System32\WindowsPowerShell\v1.0\;C:\Windows\System32\OpenSSH\;C:\Program Files (x86)\Intel\Intel(R) Management Engine Components\DAL;C:\Program Files\Intel\Intel(R) Management Engine Components\DAL;C:\Program Files (x86)\Intel\Intel(R) Management Engine Components\IPT;C:\Program Files\Intel\Intel(R) Management Engine Components\IPT;C:\Program Files\nodejs\;C:\Program Files\Intel\WiFi\bin\;C:\Program Files\Common Files\Intel\WirelessCommon\;C:\Program Files (x86)\GitExtensions\;C:\Program Files\Git\cmd;C:\Users\verdy\AppData\Local\Microsoft\WindowsApps;;C:\Users\verdy\AppData\Local\Programs\Microsoft VS Code\bin;C:\Users\verdy\AppData\Roaming\npm
USERNAME=verdy
OS=Windows_NT
PROCESSOR_IDENTIFIER=Intel64 Family 6 Model 142 Stepping 10, GenuineIntel



---------------  S Y S T E M  ---------------

OS: Windows 10.0 , 64 bit Build 17134 (10.0.17134.1)

CPU:total 8 (initial active 8) (4 cores per cpu, 2 threads per core) family 6 model 142 stepping 10, cmov, cx8, fxsr, mmx, sse, sse2, sse3, ssse3, sse4.1, sse4.2, popcnt, avx, avx2, aes, clmul, erms, 3dnowpref, lzcnt, ht, tsc, tscinvbit, bmi1, bmi2, adx

Memory: 4k page, physical 8238236k(1016876k free), swap 10491036k(5896k free)

vm_info: OpenJDK 64-Bit Server VM (25.152-b06) for windows-amd64 JRE (1.8.0_152-release-1136-b06), built by "builder" with MS VC++ 10.0 (VS2010)

time: Sat Nov 24 22:39:06 2018
elapsed time: 1 seconds (0d 0h 0m 1s)

