#
# There is insufficient memory for the Java Runtime Environment to continue.
# Native memory allocation (malloc) failed to allocate 1413536 bytes for Chunk::new
# Possible reasons:
#   The system is out of physical RAM or swap space
#   In 32 bit mode, the process size limit was hit
# Possible solutions:
#   Reduce memory load on the system
#   Increase physical memory or swap space
#   Check if swap backing store is full
#   Use 64 bit Java on a 64 bit OS
#   Decrease Java heap size (-Xmx/-Xms)
#   Decrease number of Java threads
#   Decrease Java thread stack sizes (-Xss)
#   Set larger code cache with -XX:ReservedCodeCacheSize=
# This output file may be truncated or incomplete.
#
#  Out of Memory Error (allocation.cpp:390), pid=12676, tid=0x000000000000120c
#
# JRE version: OpenJDK Runtime Environment (8.0_152-b06) (build 1.8.0_152-release-1136-b06)
# Java VM: OpenJDK 64-Bit Server VM (25.152-b06 mixed mode windows-amd64 compressed oops)
# Failed to write core dump. Minidumps are not enabled by default on client versions of Windows
#

---------------  T H R E A D  ---------------

Current thread (0x000000001891a000):  JavaThread "C2 CompilerThread0" daemon [_thread_in_native, id=4620, stack(0x0000000019110000,0x0000000019210000)]

Stack: [0x0000000019110000,0x0000000019210000]
[error occurred during error reporting (printing stack bounds), id 0xc0000005]

Native frames: (J=compiled Java code, j=interpreted, Vv=VM code, C=native code)


Current CompileTask:
C2:  16994 1931   !   4       java.net.URLClassLoader$1::run (63 bytes)


---------------  P R O C E S S  ---------------

Java Threads: ( => current thread )
  0x0000000019913800 JavaThread "RMI RenewClean-[127.0.0.1:54395,org.jetbrains.kotlin.daemon.common.LoopbackNetworkInterface$ClientLoopbackSocketFactory@5fb2cea]" daemon [_thread_blocked, id=8300, stack(0x000000001adc0000,0x000000001aec0000)]
  0x0000000018c67800 JavaThread "RMI TCP Connection(2)-127.0.0.1" daemon [_thread_in_Java, id=5600, stack(0x000000001acc0000,0x000000001adc0000)]
  0x0000000018988000 JavaThread "RMI Scheduler(0)" daemon [_thread_blocked, id=260, stack(0x000000001abc0000,0x000000001acc0000)]
  0x0000000019a14800 JavaThread "RMI TCP Connection(1)-127.0.0.1" daemon [_thread_in_native, id=3688, stack(0x000000001aac0000,0x000000001abc0000)]
  0x0000000002b52800 JavaThread "DestroyJavaVM" [_thread_blocked, id=8576, stack(0x0000000002a30000,0x0000000002b30000)]
  0x00000000199f1000 JavaThread "GC Daemon" daemon [_thread_blocked, id=10336, stack(0x000000001a650000,0x000000001a750000)]
  0x00000000199f0000 JavaThread "RMI Reaper" [_thread_blocked, id=11928, stack(0x000000001a550000,0x000000001a650000)]
  0x0000000019824800 JavaThread "Timer-0" daemon [_thread_blocked, id=1368, stack(0x000000001a350000,0x000000001a450000)]
  0x00000000198c2800 JavaThread "RMI TCP Accept-17444" daemon [_thread_in_native, id=2936, stack(0x000000001a250000,0x000000001a350000)]
  0x00000000189bf000 JavaThread "Service Thread" daemon [_thread_blocked, id=12948, stack(0x0000000019510000,0x0000000019610000)]
  0x000000001892c800 JavaThread "C1 CompilerThread3" daemon [_thread_blocked, id=7860, stack(0x0000000019410000,0x0000000019510000)]
  0x0000000018920800 JavaThread "C2 CompilerThread2" daemon [_thread_blocked, id=11816, stack(0x0000000019310000,0x0000000019410000)]
  0x000000001891d000 JavaThread "C2 CompilerThread1" daemon [_thread_in_native, id=7100, stack(0x0000000019210000,0x0000000019310000)]
=>0x000000001891a000 JavaThread "C2 CompilerThread0" daemon [_thread_in_native, id=4620, stack(0x0000000019110000,0x0000000019210000)]
  0x0000000018919000 JavaThread "Attach Listener" daemon [_thread_blocked, id=12180, stack(0x0000000019010000,0x0000000019110000)]
  0x0000000018918000 JavaThread "Signal Dispatcher" daemon [_thread_blocked, id=13444, stack(0x0000000018f10000,0x0000000019010000)]
  0x0000000018910800 JavaThread "Finalizer" daemon [_thread_blocked, id=9376, stack(0x0000000018cf0000,0x0000000018df0000)]
  0x0000000016a0a800 JavaThread "Reference Handler" daemon [_thread_blocked, id=3892, stack(0x00000000187f0000,0x00000000188f0000)]

Other Threads:
  0x0000000016a06800 VMThread [stack: 0x00000000186f0000,0x00000000187f0000] [id=2728]
  0x00000000189bf800 WatcherThread [stack: 0x0000000019610000,0x0000000019710000] [id=3696]

VM state:not at safepoint (normal execution)

VM Mutex/Monitor currently owned by a thread: None

Heap:
 PSYoungGen      total 37888K, used 27218K [0x00000000e0000000, 0x00000000e4600000, 0x0000000100000000)
  eden space 32768K, 67% used [0x00000000e0000000,0x00000000e1598cf0,0x00000000e2000000)
  from space 5120K, 99% used [0x00000000e2500000,0x00000000e29fbc08,0x00000000e2a00000)
  to   space 5120K, 0% used [0x00000000e2000000,0x00000000e2000000,0x00000000e2500000)
 ParOldGen       total 50688K, used 13438K [0x00000000a0000000, 0x00000000a3180000, 0x00000000e0000000)
  object space 50688K, 26% used [0x00000000a0000000,0x00000000a0d1fa60,0x00000000a3180000)
 Metaspace       used 29107K, capacity 29692K, committed 30000K, reserved 1075200K
  class space    used 3682K, capacity 3864K, committed 3888K, reserved 1048576K

Card table byte_map: [0x0000000012010000,0x0000000012320000] byte_map_base: 0x0000000011b10000

Marking Bits: (ParMarkBitMap*) 0x0000000055bd5aa0
 Begin Bits: [0x0000000012d20000, 0x0000000014520000)
 End Bits:   [0x0000000014520000, 0x0000000015d20000)

Polling page: 0x00000000009f0000

CodeCache: size=245760Kb used=6179Kb max_used=6179Kb free=239580Kb
 bounds [0x0000000002c50000, 0x0000000003260000, 0x0000000011c50000]
 total_blobs=2548 nmethods=2094 adapters=367
 compilation: enabled

Compilation events (10 events):
Event: 16.986 Thread 0x000000001892c800 2103       3       sun.reflect.FieldAccessorImpl::<init> (5 bytes)
Event: 16.987 Thread 0x000000001892c800 nmethod 2103 0x000000000325bad0 code [0x000000000325bc40, 0x000000000325be50]
Event: 16.987 Thread 0x000000001892c800 2104       3       sun.reflect.UnsafeStaticFieldAccessorImpl::<init> (17 bytes)
Event: 16.987 Thread 0x000000001892c800 nmethod 2104 0x000000000325bf10 code [0x000000000325c080, 0x000000000325c2f8]
Event: 16.987 Thread 0x000000001892c800 2107       3       sun.reflect.UnsafeQualifiedStaticFieldAccessorImpl::<init> (11 bytes)
Event: 16.987 Thread 0x000000001892c800 nmethod 2107 0x000000000325c3d0 code [0x000000000325c540, 0x000000000325c838]
Event: 16.987 Thread 0x000000001892c800 2108       3       sun.reflect.UnsafeQualifiedStaticObjectFieldAccessorImpl::<init> (7 bytes)
Event: 16.987 Thread 0x000000001892c800 nmethod 2108 0x000000000325c950 code [0x000000000325cae0, 0x000000000325ce38]
Event: 16.987 Thread 0x000000001892c800 2109       3       sun.reflect.UnsafeQualifiedStaticObjectFieldAccessorImpl::get (15 bytes)
Event: 16.987 Thread 0x000000001892c800 nmethod 2109 0x000000000325cf90 code [0x000000000325d0e0, 0x000000000325d230]

GC Heap History (10 events):
Event: 0.447 GC heap before
{Heap before GC invocations=2 (full 1):
 PSYoungGen      total 37888K, used 2954K [0x00000000e0000000, 0x00000000e2a00000, 0x0000000100000000)
  eden space 32768K, 0% used [0x00000000e0000000,0x00000000e0000000,0x00000000e2000000)
  from space 5120K, 57% used [0x00000000e2000000,0x00000000e22e2800,0x00000000e2500000)
  to   space 5120K, 0% used [0x00000000e2500000,0x00000000e2500000,0x00000000e2a00000)
 ParOldGen       total 86016K, used 8K [0x00000000a0000000, 0x00000000a5400000, 0x00000000e0000000)
  object space 86016K, 0% used [0x00000000a0000000,0x00000000a0002000,0x00000000a5400000)
 Metaspace       used 8992K, capacity 9182K, committed 9216K, reserved 1056768K
  class space    used 958K, capacity 1023K, committed 1024K, reserved 1048576K
Event: 0.456 GC heap after
Heap after GC invocations=2 (full 1):
 PSYoungGen      total 37888K, used 0K [0x00000000e0000000, 0x00000000e2a00000, 0x0000000100000000)
  eden space 32768K, 0% used [0x00000000e0000000,0x00000000e0000000,0x00000000e2000000)
  from space 5120K, 0% used [0x00000000e2000000,0x00000000e2000000,0x00000000e2500000)
  to   space 5120K, 0% used [0x00000000e2500000,0x00000000e2500000,0x00000000e2a00000)
 ParOldGen       total 86016K, used 2704K [0x00000000a0000000, 0x00000000a5400000, 0x00000000e0000000)
  object space 86016K, 3% used [0x00000000a0000000,0x00000000a02a4338,0x00000000a5400000)
 Metaspace       used 8992K, capacity 9182K, committed 9216K, reserved 1056768K
  class space    used 958K, capacity 1023K, committed 1024K, reserved 1048576K
}
Event: 15.944 GC heap before
{Heap before GC invocations=3 (full 1):
 PSYoungGen      total 37888K, used 32768K [0x00000000e0000000, 0x00000000e2a00000, 0x0000000100000000)
  eden space 32768K, 100% used [0x00000000e0000000,0x00000000e2000000,0x00000000e2000000)
  from space 5120K, 0% used [0x00000000e2000000,0x00000000e2000000,0x00000000e2500000)
  to   space 5120K, 0% used [0x00000000e2500000,0x00000000e2500000,0x00000000e2a00000)
 ParOldGen       total 86016K, used 2704K [0x00000000a0000000, 0x00000000a5400000, 0x00000000e0000000)
  object space 86016K, 3% used [0x00000000a0000000,0x00000000a02a4338,0x00000000a5400000)
 Metaspace       used 14051K, capacity 14298K, committed 14592K, reserved 1062912K
  class space    used 1616K, capacity 1697K, committed 1792K, reserved 1048576K
Event: 15.949 GC heap after
Heap after GC invocations=3 (full 1):
 PSYoungGen      total 37888K, used 5104K [0x00000000e0000000, 0x00000000e2a00000, 0x0000000100000000)
  eden space 32768K, 0% used [0x00000000e0000000,0x00000000e0000000,0x00000000e2000000)
  from space 5120K, 99% used [0x00000000e2500000,0x00000000e29fc260,0x00000000e2a00000)
  to   space 5120K, 0% used [0x00000000e2000000,0x00000000e2000000,0x00000000e2500000)
 ParOldGen       total 86016K, used 5071K [0x00000000a0000000, 0x00000000a5400000, 0x00000000e0000000)
  object space 86016K, 5% used [0x00000000a0000000,0x00000000a04f3cf0,0x00000000a5400000)
 Metaspace       used 14051K, capacity 14298K, committed 14592K, reserved 1062912K
  class space    used 1616K, capacity 1697K, committed 1792K, reserved 1048576K
}
Event: 16.330 GC heap before
{Heap before GC invocations=4 (full 1):
 PSYoungGen      total 37888K, used 37587K [0x00000000e0000000, 0x00000000e2a00000, 0x0000000100000000)
  eden space 32768K, 99% used [0x00000000e0000000,0x00000000e1fb89a8,0x00000000e2000000)
  from space 5120K, 99% used [0x00000000e2500000,0x00000000e29fc260,0x00000000e2a00000)
  to   space 5120K, 0% used [0x00000000e2000000,0x00000000e2000000,0x00000000e2500000)
 ParOldGen       total 86016K, used 5071K [0x00000000a0000000, 0x00000000a5400000, 0x00000000e0000000)
  object space 86016K, 5% used [0x00000000a0000000,0x00000000a04f3cf0,0x00000000a5400000)
 Metaspace       used 20720K, capacity 21142K, committed 21296K, reserved 1069056K
  class space    used 2479K, capacity 2577K, committed 2608K, reserved 1048576K
Event: 16.336 GC heap after
Heap after GC invocations=4 (full 1):
 PSYoungGen      total 37888K, used 5105K [0x00000000e0000000, 0x00000000e2a00000, 0x0000000100000000)
  eden space 32768K, 0% used [0x00000000e0000000,0x00000000e0000000,0x00000000e2000000)
  from space 5120K, 99% used [0x00000000e2000000,0x00000000e24fc540,0x00000000e2500000)
  to   space 5120K, 0% used [0x00000000e2500000,0x00000000e2500000,0x00000000e2a00000)
 ParOldGen       total 86016K, used 10384K [0x00000000a0000000, 0x00000000a5400000, 0x00000000e0000000)
  object space 86016K, 12% used [0x00000000a0000000,0x00000000a0a24360,0x00000000a5400000)
 Metaspace       used 20720K, capacity 21142K, committed 21296K, reserved 1069056K
  class space    used 2479K, capacity 2577K, committed 2608K, reserved 1048576K
}
Event: 16.336 GC heap before
{Heap before GC invocations=5 (full 2):
 PSYoungGen      total 37888K, used 5105K [0x00000000e0000000, 0x00000000e2a00000, 0x0000000100000000)
  eden space 32768K, 0% used [0x00000000e0000000,0x00000000e0000000,0x00000000e2000000)
  from space 5120K, 99% used [0x00000000e2000000,0x00000000e24fc540,0x00000000e2500000)
  to   space 5120K, 0% used [0x00000000e2500000,0x00000000e2500000,0x00000000e2a00000)
 ParOldGen       total 86016K, used 10384K [0x00000000a0000000, 0x00000000a5400000, 0x00000000e0000000)
  object space 86016K, 12% used [0x00000000a0000000,0x00000000a0a24360,0x00000000a5400000)
 Metaspace       used 20720K, capacity 21142K, committed 21296K, reserved 1069056K
  class space    used 2479K, capacity 2577K, committed 2608K, reserved 1048576K
Event: 16.361 GC heap after
Heap after GC invocations=5 (full 2):
 PSYoungGen      total 37888K, used 0K [0x00000000e0000000, 0x00000000e2a00000, 0x0000000100000000)
  eden space 32768K, 0% used [0x00000000e0000000,0x00000000e0000000,0x00000000e2000000)
  from space 5120K, 0% used [0x00000000e2000000,0x00000000e2000000,0x00000000e2500000)
  to   space 5120K, 0% used [0x00000000e2500000,0x00000000e2500000,0x00000000e2a00000)
 ParOldGen       total 50688K, used 11374K [0x00000000a0000000, 0x00000000a3180000, 0x00000000e0000000)
  object space 50688K, 22% used [0x00000000a0000000,0x00000000a0b1b8d8,0x00000000a3180000)
 Metaspace       used 20720K, capacity 21142K, committed 21296K, reserved 1069056K
  class space    used 2479K, capacity 2577K, committed 2608K, reserved 1048576K
}
Event: 16.698 GC heap before
{Heap before GC invocations=6 (full 2):
 PSYoungGen      total 37888K, used 32768K [0x00000000e0000000, 0x00000000e2a00000, 0x0000000100000000)
  eden space 32768K, 100% used [0x00000000e0000000,0x00000000e2000000,0x00000000e2000000)
  from space 5120K, 0% used [0x00000000e2000000,0x00000000e2000000,0x00000000e2500000)
  to   space 5120K, 0% used [0x00000000e2500000,0x00000000e2500000,0x00000000e2a00000)
 ParOldGen       total 50688K, used 11374K [0x00000000a0000000, 0x00000000a3180000, 0x00000000e0000000)
  object space 50688K, 22% used [0x00000000a0000000,0x00000000a0b1b8d8,0x00000000a3180000)
 Metaspace       used 25600K, capacity 26182K, committed 26544K, reserved 1073152K
  class space    used 3262K, capacity 3443K, committed 3504K, reserved 1048576K
Event: 16.703 GC heap after
Heap after GC invocations=6 (full 2):
 PSYoungGen      total 37888K, used 5103K [0x00000000e0000000, 0x00000000e4600000, 0x0000000100000000)
  eden space 32768K, 0% used [0x00000000e0000000,0x00000000e0000000,0x00000000e2000000)
  from space 5120K, 99% used [0x00000000e2500000,0x00000000e29fbc08,0x00000000e2a00000)
  to   space 5120K, 0% used [0x00000000e2000000,0x00000000e2000000,0x00000000e2500000)
 ParOldGen       total 50688K, used 13438K [0x00000000a0000000, 0x00000000a3180000, 0x00000000e0000000)
  object space 50688K, 26% used [0x00000000a0000000,0x00000000a0d1fa60,0x00000000a3180000)
 Metaspace       used 25600K, capacity 26182K, committed 26544K, reserved 1073152K
  class space    used 3262K, capacity 3443K, committed 3504K, reserved 1048576K
}

Deoptimization events (10 events):
Event: 16.524 Thread 0x0000000018c67800 Uncommon trap: reason=unstable_if action=reinterpret pc=0x0000000002f0de30 method=java.lang.String.startsWith(Ljava/lang/String;I)Z @ 25
Event: 16.524 Thread 0x0000000018c67800 Uncommon trap: reason=unstable_if action=reinterpret pc=0x0000000002dd7888 method=java.lang.String.startsWith(Ljava/lang/String;I)Z @ 25
Event: 16.600 Thread 0x0000000018c67800 Uncommon trap: reason=unstable_if action=reinterpret pc=0x00000000031323f4 method=java.lang.ref.SoftReference.get()Ljava/lang/Object; @ 6
Event: 16.667 Thread 0x0000000018c67800 Uncommon trap: reason=unstable_if action=reinterpret pc=0x00000000031b929c method=org.jetbrains.kotlin.com.intellij.openapi.vfs.impl.ZipEntryMap.isTheOne(Lorg/jetbrains/kotlin/com/intellij/openapi/vfs/impl/ArchiveHandler$EntryInfo;Ljava/lang/CharSequence;
Event: 16.717 Thread 0x0000000018c67800 Uncommon trap: reason=bimorphic action=maybe_recompile pc=0x0000000002e909e8 method=java.io.FilterInputStream.read([B)I @ 5
Event: 16.888 Thread 0x0000000018c67800 Uncommon trap: reason=unstable_if action=reinterpret pc=0x00000000032022c8 method=org.jetbrains.kotlin.protobuf.CodedInputStream.readRawVarint32()I @ 10
Event: 16.933 Thread 0x0000000018c67800 Uncommon trap: reason=class_check action=maybe_recompile pc=0x00000000032193cc method=org.jetbrains.kotlin.protobuf.CodedInputStream.tryRefillBuffer(I)Z @ 177
Event: 16.935 Thread 0x0000000018c67800 Uncommon trap: reason=class_check action=maybe_recompile pc=0x00000000032193cc method=org.jetbrains.kotlin.protobuf.CodedInputStream.tryRefillBuffer(I)Z @ 177
Event: 16.937 Thread 0x0000000018c67800 Uncommon trap: reason=class_check action=maybe_recompile pc=0x00000000032193cc method=org.jetbrains.kotlin.protobuf.CodedInputStream.tryRefillBuffer(I)Z @ 177
Event: 16.937 Thread 0x0000000018c67800 Uncommon trap: reason=class_check action=maybe_recompile pc=0x00000000032193cc method=org.jetbrains.kotlin.protobuf.CodedInputStream.tryRefillBuffer(I)Z @ 177

Classes redefined (0 events):
No events

Internal exceptions (10 events):
Event: 15.643 Thread 0x0000000018c67800 Exception <a 'java/lang/NoSuchMethodError': <clinit>> (0x00000000e0524660) thrown at [D:\src\AOSP-openjdk-cygwin\jdk8u\hotspot\src\share\vm\prims\jni.cpp, line 1613]
Event: 15.663 Thread 0x0000000018c67800 Exception <a 'java/lang/NoSuchMethodError': <clinit>> (0x00000000e06dba90) thrown at [D:\src\AOSP-openjdk-cygwin\jdk8u\hotspot\src\share\vm\prims\jni.cpp, line 1613]
Event: 15.665 Thread 0x0000000019913800 Exception <a 'java/lang/InterruptedException'> (0x00000000e0701a98) thrown at [D:\src\AOSP-openjdk-cygwin\jdk8u\hotspot\src\share\vm\runtime\objectMonitor.cpp, line 1684]
Event: 15.878 Thread 0x0000000018c67800 Exception <a 'java/lang/ArrayIndexOutOfBoundsException'> (0x00000000e1b306a8) thrown at [D:\src\AOSP-openjdk-cygwin\jdk8u\hotspot\src\share\vm\runtime\sharedRuntime.cpp, line 605]
Event: 15.966 Thread 0x0000000018c67800 Exception <a 'java/lang/ArrayIndexOutOfBoundsException'> (0x00000000e014a3f8) thrown at [D:\src\AOSP-openjdk-cygwin\jdk8u\hotspot\src\share\vm\runtime\sharedRuntime.cpp, line 605]
Event: 16.251 Thread 0x0000000018c67800 Implicit null exception at 0x0000000002fcb56f to 0x0000000002fcb5d9
Event: 16.295 Thread 0x0000000018c67800 Exception <a 'java/lang/NoSuchMethodError': java.lang.Object.lambda$comparing$77a9974f$1(Ljava/util/function/Function;Ljava/lang/Object;Ljava/lang/Object;)I> (0x00000000e1cb9b98) thrown at [D:\src\AOSP-openjdk-cygwin\jdk8u\hotspot\src\share\vm\interpreter
Event: 16.396 Thread 0x0000000018c67800 Exception <a 'java/lang/ArrayIndexOutOfBoundsException': 67> (0x00000000e028d780) thrown at [D:\src\AOSP-openjdk-cygwin\jdk8u\hotspot\src\share\vm\interpreter\interpreterRuntime.cpp, line 366]
Event: 16.496 Thread 0x0000000018c67800 Exception <a 'java/lang/NoSuchMethodError': java.lang.Object.lambda$static$0(I)[Lorg/jetbrains/kotlin/com/intellij/openapi/editor/event/DocumentListener;> (0x00000000e0ae6910) thrown at [D:\src\AOSP-openjdk-cygwin\jdk8u\hotspot\src\share\vm\interpreter\li
Event: 16.517 Thread 0x0000000018c67800 Exception <a 'java/lang/NoSuchMethodError': java.lang.Object.lambda$static$0(I)[Lorg/jetbrains/kotlin/com/intellij/psi/PsiAnnotation;> (0x00000000e0ccaec0) thrown at [D:\src\AOSP-openjdk-cygwin\jdk8u\hotspot\src\share\vm\interpreter\linkResolver.cpp, line

Events (10 events):
Event: 16.986 loading class org/jetbrains/kotlin/resolve/checkers/ApiVersionClassifierUsageChecker
Event: 16.986 loading class org/jetbrains/kotlin/resolve/checkers/ApiVersionClassifierUsageChecker done
Event: 16.986 loading class org/jetbrains/kotlin/resolve/checkers/MissingDependencyClassChecker$ClassifierUsage
Event: 16.986 loading class org/jetbrains/kotlin/resolve/checkers/MissingDependencyClassChecker$ClassifierUsage done
Event: 16.986 loading class org/jetbrains/kotlin/resolve/checkers/OptionalExpectationUsageChecker
Event: 16.986 loading class org/jetbrains/kotlin/resolve/checkers/OptionalExpectationUsageChecker done
Event: 16.987 loading class org/jetbrains/kotlin/resolve/checkers/ExperimentalMarkerDeclarationAnnotationChecker
Event: 16.987 loading class org/jetbrains/kotlin/resolve/checkers/ExperimentalMarkerDeclarationAnnotationChecker done
Event: 16.987 loading class org/jetbrains/kotlin/descriptors/annotations/KotlinTarget
Event: 16.987 loading class org/jetbrains/kotlin/descriptors/annotations/KotlinTarget done


Dynamic libraries:
0x00007ff79fd90000 - 0x00007ff79fdc1000 	C:\Program Files\Android\Android Studio\jre\jre\bin\java.exe
0x00007ff804970000 - 0x00007ff804b51000 	C:\Windows\SYSTEM32\ntdll.dll
0x00007ff802d40000 - 0x00007ff802df2000 	C:\Windows\System32\KERNEL32.DLL
0x00007ff801b80000 - 0x00007ff801df3000 	C:\Windows\System32\KERNELBASE.dll
0x00007ff802200000 - 0x00007ff8022a1000 	C:\Windows\System32\ADVAPI32.dll
0x00007ff804660000 - 0x00007ff8046fe000 	C:\Windows\System32\msvcrt.dll
0x00007ff8044d0000 - 0x00007ff80452b000 	C:\Windows\System32\sechost.dll
0x00007ff804530000 - 0x00007ff804654000 	C:\Windows\System32\RPCRT4.dll
0x00007ff802ec0000 - 0x00007ff803050000 	C:\Windows\System32\USER32.dll
0x00007ff801ac0000 - 0x00007ff801ae0000 	C:\Windows\System32\win32u.dll
0x00007ff8029b0000 - 0x00007ff8029d8000 	C:\Windows\System32\GDI32.dll
0x00007ff801920000 - 0x00007ff801ab2000 	C:\Windows\System32\gdi32full.dll
0x00007ff801ae0000 - 0x00007ff801b7f000 	C:\Windows\System32\msvcp_win.dll
0x00007ff801820000 - 0x00007ff80191a000 	C:\Windows\System32\ucrtbase.dll
0x00007ffff1780000 - 0x00007ffff19e9000 	C:\Windows\WinSxS\amd64_microsoft.windows.common-controls_6595b64144ccf1df_6.0.17134.407_none_fb449d63306391e9\COMCTL32.dll
0x00007ff801e00000 - 0x00007ff802122000 	C:\Windows\System32\combase.dll
0x00007ff800f30000 - 0x00007ff800faa000 	C:\Windows\System32\bcryptPrimitives.dll
0x00007ff8044a0000 - 0x00007ff8044cd000 	C:\Windows\System32\IMM32.DLL
0x0000000055250000 - 0x0000000055322000 	C:\Program Files\Android\Android Studio\jre\jre\bin\msvcr100.dll
0x0000000055410000 - 0x0000000055c51000 	C:\Program Files\Android\Android Studio\jre\jre\bin\server\jvm.dll
0x00007ff803050000 - 0x00007ff803058000 	C:\Windows\System32\PSAPI.DLL
0x00007fffebee0000 - 0x00007fffebee9000 	C:\Windows\SYSTEM32\WSOCK32.dll
0x00007ff8028c0000 - 0x00007ff80292c000 	C:\Windows\System32\WS2_32.dll
0x00007fffec9f0000 - 0x00007fffec9fa000 	C:\Windows\SYSTEM32\VERSION.dll
0x00007ffffdef0000 - 0x00007ffffdf13000 	C:\Windows\SYSTEM32\WINMM.dll
0x00007ffffd400000 - 0x00007ffffd42a000 	C:\Windows\SYSTEM32\WINMMBASE.dll
0x00007ff801060000 - 0x00007ff8010a9000 	C:\Windows\System32\cfgmgr32.dll
0x00007fffface0000 - 0x00007ffffacef000 	C:\Program Files\Android\Android Studio\jre\jre\bin\verify.dll
0x00007ffffa480000 - 0x00007ffffa4a9000 	C:\Program Files\Android\Android Studio\jre\jre\bin\java.dll
0x00007ffffab00000 - 0x00007ffffab16000 	C:\Program Files\Android\Android Studio\jre\jre\bin\zip.dll
0x00007ff803060000 - 0x00007ff80449f000 	C:\Windows\System32\SHELL32.dll
0x00007ff802150000 - 0x00007ff8021f9000 	C:\Windows\System32\shcore.dll
0x00007ff8010b0000 - 0x00007ff8017bd000 	C:\Windows\System32\windows.storage.dll
0x00007ff802410000 - 0x00007ff802461000 	C:\Windows\System32\shlwapi.dll
0x00007ff800c90000 - 0x00007ff800ca1000 	C:\Windows\System32\kernel.appcore.dll
0x00007ff800cd0000 - 0x00007ff800cef000 	C:\Windows\System32\profapi.dll
0x00007ff800cf0000 - 0x00007ff800d3c000 	C:\Windows\System32\powrprof.dll
0x00007ff800c80000 - 0x00007ff800c8a000 	C:\Windows\System32\FLTLIB.DLL
0x00007ffffacd0000 - 0x00007ffffacdd000 	C:\Program Files\Android\Android Studio\jre\jre\bin\management.dll
0x00007ffffaa90000 - 0x00007ffffaaaa000 	C:\Program Files\Android\Android Studio\jre\jre\bin\net.dll
0x00007ff800500000 - 0x00007ff800566000 	C:\Windows\system32\mswsock.dll
0x00007ffffaa50000 - 0x00007ffffaa61000 	C:\Program Files\Android\Android Studio\jre\jre\bin\nio.dll
0x00007ff8006b0000 - 0x00007ff8006c7000 	C:\Windows\SYSTEM32\CRYPTSP.dll
0x00007ff8000e0000 - 0x00007ff800113000 	C:\Windows\system32\rsaenh.dll
0x00007ff8007e0000 - 0x00007ff800805000 	C:\Windows\SYSTEM32\bcrypt.dll
0x00007ff800bb0000 - 0x00007ff800bd8000 	C:\Windows\SYSTEM32\USERENV.dll
0x00007ff8006d0000 - 0x00007ff8006db000 	C:\Windows\SYSTEM32\CRYPTBASE.dll
0x00007ff800280000 - 0x00007ff8002b8000 	C:\Windows\SYSTEM32\IPHLPAPI.DLL
0x00007ff802140000 - 0x00007ff802148000 	C:\Windows\System32\NSI.dll
0x00007ffffa8c0000 - 0x00007ffffa8d6000 	C:\Windows\SYSTEM32\dhcpcsvc6.DLL
0x00007ffffa8a0000 - 0x00007ffffa8ba000 	C:\Windows\SYSTEM32\dhcpcsvc.DLL

VM Arguments:
jvm_args: -Djava.awt.headless=true -Djava.rmi.server.hostname=127.0.0.1 -Xmx1536m -Dkotlin.environment.keepalive 
java_command: org.jetbrains.kotlin.daemon.KotlinCompileDaemon --daemon-runFilesPath C:\Users\verdy\AppData\Local\kotlin\daemon --daemon-autoshutdownIdleSeconds=7200 --daemon-compilerClasspath C:\Users\verdy\.gradle\caches\modules-2\files-2.1\org.jetbrains.kotlin\kotlin-compiler-embeddable\1.3.10\adc9e577de39fba3db6d60662892118afedd713\kotlin-compiler-embeddable-1.3.10.jar;C:\Users\verdy\.gradle\caches\modules-2\files-2.1\org.jetbrains.kotlin\kotlin-reflect\1.3.10\dd02865be0351707554b16a896b766b2396cdafa\kotlin-reflect-1.3.10.jar;C:\Users\verdy\.gradle\caches\modules-2\files-2.1\org.jetbrains.kotlin\kotlin-stdlib\1.3.10\b178c1501609c6e4ee8be635513cb023a466457d\kotlin-stdlib-1.3.10.jar;C:\Users\verdy\.gradle\caches\modules-2\files-2.1\org.jetbrains.kotlin\kotlin-script-runtime\1.3.10\1d2bac36f99b84e1493244f12629bc0756a3ff90\kotlin-script-runtime-1.3.10.jar;C:\Users\verdy\.gradle\caches\modules-2\files-2.1\org.jetbrains.kotlin\kotlin-stdlib-common\1.3.10\1b19d99229dcedad7caf50534dce38fe82845269\kotlin-stdlib-common-1.3.10.jar;C:\Users\verdy\.gradle\caches\modules-2\files-2.1\org.jetbrains\annotations\13.0\919f0dfe192fb4e063e7dacadee7f8bb9a2672a9\annotations-13.0.jar;C:\Program Files\Android\Android Studio\jre\lib\tools.jar
java_class_path (initial): C:\Users\verdy\.gradle\caches\modules-2\files-2.1\org.jetbrains.kotlin\kotlin-compiler-embeddable\1.3.10\adc9e577de39fba3db6d60662892118afedd713\kotlin-compiler-embeddable-1.3.10.jar;C:\Users\verdy\.gradle\caches\modules-2\files-2.1\org.jetbrains.kotlin\kotlin-reflect\1.3.10\dd02865be0351707554b16a896b766b2396cdafa\kotlin-reflect-1.3.10.jar;C:\Users\verdy\.gradle\caches\modules-2\files-2.1\org.jetbrains.kotlin\kotlin-stdlib\1.3.10\b178c1501609c6e4ee8be635513cb023a466457d\kotlin-stdlib-1.3.10.jar;C:\Users\verdy\.gradle\caches\modules-2\files-2.1\org.jetbrains.kotlin\kotlin-script-runtime\1.3.10\1d2bac36f99b84e1493244f12629bc0756a3ff90\kotlin-script-runtime-1.3.10.jar;C:\Users\verdy\.gradle\caches\modules-2\files-2.1\org.jetbrains.kotlin\kotlin-stdlib-common\1.3.10\1b19d99229dcedad7caf50534dce38fe82845269\kotlin-stdlib-common-1.3.10.jar;C:\Users\verdy\.gradle\caches\modules-2\files-2.1\org.jetbrains\annotations\13.0\919f0dfe192fb4e063e7dacadee7f8bb9a2672a9\annotations-13.0.jar;C:\Program Files\Android\Android Studio\jre\lib\tools.jar
Launcher Type: SUN_STANDARD

Environment Variables:
PATH=C:\Program Files (x86)\Intel\Intel(R) Management Engine Components\iCLS\;C:\Program Files\Intel\Intel(R) Management Engine Components\iCLS\;C:\Windows\system32;C:\Windows;C:\Windows\System32\Wbem;C:\Windows\System32\WindowsPowerShell\v1.0\;C:\Windows\System32\OpenSSH\;C:\Program Files (x86)\Intel\Intel(R) Management Engine Components\DAL;C:\Program Files\Intel\Intel(R) Management Engine Components\DAL;C:\Program Files (x86)\Intel\Intel(R) Management Engine Components\IPT;C:\Program Files\Intel\Intel(R) Management Engine Components\IPT;C:\Program Files\nodejs\;C:\Program Files\Intel\WiFi\bin\;C:\Program Files\Common Files\Intel\WirelessCommon\;C:\Program Files (x86)\GitExtensions\;C:\Program Files\Git\cmd;C:\Users\verdy\AppData\Local\Microsoft\WindowsApps;;C:\Users\verdy\AppData\Local\Programs\Microsoft VS Code\bin;C:\Users\verdy\AppData\Roaming\npm
USERNAME=verdy
OS=Windows_NT
PROCESSOR_IDENTIFIER=Intel64 Family 6 Model 142 Stepping 10, GenuineIntel



---------------  S Y S T E M  ---------------

OS: Windows 10.0 , 64 bit Build 17134 (10.0.17134.1)

CPU:total 8 (initial active 8) (4 cores per cpu, 2 threads per core) family 6 model 142 stepping 10, cmov, cx8, fxsr, mmx, sse, sse2, sse3, ssse3, sse4.1, sse4.2, popcnt, avx, avx2, aes, clmul, erms, 3dnowpref, lzcnt, ht, tsc, tscinvbit, bmi1, bmi2, adx

Memory: 4k page, physical 8238236k(837528k free), swap 10491036k(5520k free)

vm_info: OpenJDK 64-Bit Server VM (25.152-b06) for windows-amd64 JRE (1.8.0_152-release-1136-b06), built by "builder" with MS VC++ 10.0 (VS2010)

time: Sat Nov 24 22:49:19 2018
elapsed time: 16 seconds (0d 0h 0m 16s)

