#
# There is insufficient memory for the Java Runtime Environment to continue.
# Native memory allocation (malloc) failed to allocate 1113136 bytes for Chunk::new
# Possible reasons:
#   The system is out of physical RAM or swap space
#   In 32 bit mode, the process size limit was hit
# Possible solutions:
#   Reduce memory load on the system
#   Increase physical memory or swap space
#   Check if swap backing store is full
#   Use 64 bit Java on a 64 bit OS
#   Decrease Java heap size (-Xmx/-Xms)
#   Decrease number of Java threads
#   Decrease Java thread stack sizes (-Xss)
#   Set larger code cache with -XX:ReservedCodeCacheSize=
# This output file may be truncated or incomplete.
#
#  Out of Memory Error (allocation.cpp:390), pid=15236, tid=0x00000000000029cc
#
# JRE version: OpenJDK Runtime Environment (8.0_152-b06) (build 1.8.0_152-release-1136-b06)
# Java VM: OpenJDK 64-Bit Server VM (25.152-b06 mixed mode windows-amd64 compressed oops)
# Failed to write core dump. Minidumps are not enabled by default on client versions of Windows
#

---------------  T H R E A D  ---------------

Current thread (0x0000000018375800):  JavaThread "C2 CompilerThread0" daemon [_thread_in_native, id=10700, stack(0x0000000018b60000,0x0000000018c60000)]

Stack: [0x0000000018b60000,0x0000000018c60000]
[error occurred during error reporting (printing stack bounds), id 0xc0000005]

Native frames: (J=compiled Java code, j=interpreted, Vv=VM code, C=native code)


Current CompileTask:
C2:  18126 5093       4       org.jetbrains.kotlin.com.intellij.lang.impl.PsiBuilderImpl::insertLeaves (88 bytes)


---------------  P R O C E S S  ---------------

Java Threads: ( => current thread )
  0x000000001928b800 JavaThread "RMI RenewClean-[127.0.0.1:54395,org.jetbrains.kotlin.daemon.common.LoopbackNetworkInterface$ClientLoopbackSocketFactory@303e80d2]" daemon [_thread_blocked, id=9564, stack(0x000000001a810000,0x000000001a910000)]
  0x000000001922a000 JavaThread "RMI TCP Connection(2)-127.0.0.1" daemon [_thread_in_Java, id=4032, stack(0x000000001a710000,0x000000001a810000)]
  0x0000000019227000 JavaThread "RMI Scheduler(0)" daemon [_thread_blocked, id=12216, stack(0x000000001a610000,0x000000001a710000)]
  0x0000000019395800 JavaThread "RMI TCP Connection(1)-127.0.0.1" daemon [_thread_in_native, id=8516, stack(0x000000001a510000,0x000000001a610000)]
  0x0000000002542800 JavaThread "DestroyJavaVM" [_thread_blocked, id=400, stack(0x00000000023f0000,0x00000000024f0000)]
  0x00000000193b6000 JavaThread "GC Daemon" daemon [_thread_blocked, id=3168, stack(0x000000001a0a0000,0x000000001a1a0000)]
  0x00000000193b4000 JavaThread "RMI Reaper" [_thread_blocked, id=14600, stack(0x0000000019fa0000,0x000000001a0a0000)]
  0x000000001938a000 JavaThread "Timer-0" daemon [_thread_blocked, id=4836, stack(0x0000000019da0000,0x0000000019ea0000)]
  0x0000000019343800 JavaThread "RMI TCP Accept-17950" daemon [_thread_in_native, id=1660, stack(0x0000000019ca0000,0x0000000019da0000)]
  0x00000000183ff800 JavaThread "Service Thread" daemon [_thread_blocked, id=12176, stack(0x0000000018f60000,0x0000000019060000)]
  0x000000001836d000 JavaThread "C1 CompilerThread3" daemon [_thread_blocked, id=4884, stack(0x0000000018e60000,0x0000000018f60000)]
  0x0000000018367800 JavaThread "C2 CompilerThread2" daemon [_thread_in_native, id=11932, stack(0x0000000018d60000,0x0000000018e60000)]
  0x0000000018366000 JavaThread "C2 CompilerThread1" daemon [_thread_in_vm, id=7104, stack(0x0000000018c60000,0x0000000018d60000)]
=>0x0000000018375800 JavaThread "C2 CompilerThread0" daemon [_thread_in_native, id=10700, stack(0x0000000018b60000,0x0000000018c60000)]
  0x0000000018374800 JavaThread "Attach Listener" daemon [_thread_blocked, id=3044, stack(0x0000000018a60000,0x0000000018b60000)]
  0x0000000018373800 JavaThread "Signal Dispatcher" daemon [_thread_blocked, id=1092, stack(0x0000000018960000,0x0000000018a60000)]
  0x0000000018360800 JavaThread "Finalizer" daemon [_thread_blocked, id=11804, stack(0x0000000018740000,0x0000000018840000)]
  0x000000001645a800 JavaThread "Reference Handler" daemon [_thread_blocked, id=4372, stack(0x0000000018240000,0x0000000018340000)]

Other Threads:
  0x0000000016456800 VMThread [stack: 0x0000000018140000,0x0000000018240000] [id=1788]
  0x0000000018400000 WatcherThread [stack: 0x0000000019060000,0x0000000019160000] [id=1820]

VM state:not at safepoint (normal execution)

VM Mutex/Monitor currently owned by a thread: None

Heap:
 PSYoungGen      total 77824K, used 60508K [0x00000000e0000000, 0x00000000e5c80000, 0x0000000100000000)
  eden space 63488K, 75% used [0x00000000e0000000,0x00000000e2ef08c8,0x00000000e3e00000)
  from space 14336K, 86% used [0x00000000e4d00000,0x00000000e5926a50,0x00000000e5b00000)
  to   space 15360K, 0% used [0x00000000e3e00000,0x00000000e3e00000,0x00000000e4d00000)
 ParOldGen       total 79872K, used 17919K [0x00000000a0000000, 0x00000000a4e00000, 0x00000000e0000000)
  object space 79872K, 22% used [0x00000000a0000000,0x00000000a117fec8,0x00000000a4e00000)
 Metaspace       used 46342K, capacity 47216K, committed 47616K, reserved 1091584K
  class space    used 5793K, capacity 6037K, committed 6144K, reserved 1048576K

Card table byte_map: [0x0000000011a60000,0x0000000011d70000] byte_map_base: 0x0000000011560000

Marking Bits: (ParMarkBitMap*) 0x0000000055bd5aa0
 Begin Bits: [0x0000000012770000, 0x0000000013f70000)
 End Bits:   [0x0000000013f70000, 0x0000000015770000)

Polling page: 0x0000000000720000

CodeCache: size=245760Kb used=16815Kb max_used=16815Kb free=228944Kb
 bounds [0x00000000026a0000, 0x0000000003720000, 0x00000000116a0000]
 total_blobs=5432 nmethods=4932 adapters=412
 compilation: enabled

Compilation events (10 events):
Event: 18.119 Thread 0x000000001836d000 5260       3       org.jetbrains.kotlin.resolve.BindingContextUtils::lambda$addOwnDataTo$0 (27 bytes)
Event: 18.119 Thread 0x000000001836d000 nmethod 5260 0x0000000003711f50 code [0x00000000037120c0, 0x0000000003712438]
Event: 18.119 Thread 0x000000001836d000 5261       3       org.jetbrains.kotlin.resolve.calls.tower.NewResolutionOldInference$ImplicitScopeTowerImpl::getImplicitReceiver (102 bytes)
Event: 18.120 Thread 0x000000001836d000 nmethod 5261 0x0000000003714850 code [0x0000000003714a40, 0x00000000037151c8]
Event: 18.120 Thread 0x000000001836d000 5262       3       org.jetbrains.kotlin.resolve.calls.tower.TowerResolver$Task$createNonLocalLevels$1::invoke (46 bytes)
Event: 18.120 Thread 0x000000001836d000 nmethod 5262 0x0000000003715490 code [0x0000000003715660, 0x0000000003715d78]
Event: 18.120 Thread 0x000000001836d000 5263       3       org.jetbrains.kotlin.resolve.calls.tower.TowerResolver::processTowerData (97 bytes)
Event: 18.120 Thread 0x0000000018366000 5265       4       org.jetbrains.kotlin.load.java.lazy.descriptors.LazyJavaScope::getContributedFunctions (48 bytes)
Event: 18.121 Thread 0x000000001836d000 nmethod 5263 0x0000000003716110 code [0x00000000037163a0, 0x00000000037172f8]
Event: 18.121 Thread 0x000000001836d000 5264       3       org.jetbrains.kotlin.resolve.calls.tower.TowerResolver$Task::mayFitForName (28 bytes)

GC Heap History (10 events):
Event: 13.708 GC heap before
{Heap before GC invocations=7 (full 2):
 PSYoungGen      total 37888K, used 37881K [0x00000000e0000000, 0x00000000e3e80000, 0x0000000100000000)
  eden space 32768K, 100% used [0x00000000e0000000,0x00000000e2000000,0x00000000e2000000)
  from space 5120K, 99% used [0x00000000e2500000,0x00000000e29fe798,0x00000000e2a00000)
  to   space 5120K, 0% used [0x00000000e2000000,0x00000000e2000000,0x00000000e2500000)
 ParOldGen       total 50688K, used 13357K [0x00000000a0000000, 0x00000000a3180000, 0x00000000e0000000)
  object space 50688K, 26% used [0x00000000a0000000,0x00000000a0d0b7a8,0x00000000a3180000)
 Metaspace       used 30712K, capacity 31290K, committed 31744K, reserved 1077248K
  class space    used 3863K, capacity 4029K, committed 4096K, reserved 1048576K
Event: 13.728 GC heap after
Heap after GC invocations=7 (full 2):
 PSYoungGen      total 37888K, used 5106K [0x00000000e0000000, 0x00000000e4080000, 0x0000000100000000)
  eden space 32768K, 0% used [0x00000000e0000000,0x00000000e0000000,0x00000000e2000000)
  from space 5120K, 99% used [0x00000000e2000000,0x00000000e24fcb38,0x00000000e2500000)
  to   space 5120K, 0% used [0x00000000e3b80000,0x00000000e3b80000,0x00000000e4080000)
 ParOldGen       total 50688K, used 20434K [0x00000000a0000000, 0x00000000a3180000, 0x00000000e0000000)
  object space 50688K, 40% used [0x00000000a0000000,0x00000000a13f4a68,0x00000000a3180000)
 Metaspace       used 30712K, capacity 31290K, committed 31744K, reserved 1077248K
  class space    used 3863K, capacity 4029K, committed 4096K, reserved 1048576K
}
Event: 14.328 GC heap before
{Heap before GC invocations=8 (full 2):
 PSYoungGen      total 37888K, used 27580K [0x00000000e0000000, 0x00000000e4080000, 0x0000000100000000)
  eden space 32768K, 68% used [0x00000000e0000000,0x00000000e15f2850,0x00000000e2000000)
  from space 5120K, 99% used [0x00000000e2000000,0x00000000e24fcb38,0x00000000e2500000)
  to   space 5120K, 0% used [0x00000000e3b80000,0x00000000e3b80000,0x00000000e4080000)
 ParOldGen       total 50688K, used 20434K [0x00000000a0000000, 0x00000000a3180000, 0x00000000e0000000)
  object space 50688K, 40% used [0x00000000a0000000,0x00000000a13f4a68,0x00000000a3180000)
 Metaspace       used 34498K, capacity 35076K, committed 35496K, reserved 1081344K
  class space    used 4345K, capacity 4516K, committed 4608K, reserved 1048576K
Event: 14.342 GC heap after
Heap after GC invocations=8 (full 2):
 PSYoungGen      total 51200K, used 5115K [0x00000000e0000000, 0x00000000e5580000, 0x0000000100000000)
  eden space 46080K, 0% used [0x00000000e0000000,0x00000000e0000000,0x00000000e2d00000)
  from space 5120K, 99% used [0x00000000e3b80000,0x00000000e407efe8,0x00000000e4080000)
  to   space 14848K, 0% used [0x00000000e2d00000,0x00000000e2d00000,0x00000000e3b80000)
 ParOldGen       total 50688K, used 26014K [0x00000000a0000000, 0x00000000a3180000, 0x00000000e0000000)
  object space 50688K, 51% used [0x00000000a0000000,0x00000000a19679b8,0x00000000a3180000)
 Metaspace       used 34498K, capacity 35076K, committed 35496K, reserved 1081344K
  class space    used 4345K, capacity 4516K, committed 4608K, reserved 1048576K
}
Event: 14.342 GC heap before
{Heap before GC invocations=9 (full 3):
 PSYoungGen      total 51200K, used 5115K [0x00000000e0000000, 0x00000000e5580000, 0x0000000100000000)
  eden space 46080K, 0% used [0x00000000e0000000,0x00000000e0000000,0x00000000e2d00000)
  from space 5120K, 99% used [0x00000000e3b80000,0x00000000e407efe8,0x00000000e4080000)
  to   space 14848K, 0% used [0x00000000e2d00000,0x00000000e2d00000,0x00000000e3b80000)
 ParOldGen       total 50688K, used 26014K [0x00000000a0000000, 0x00000000a3180000, 0x00000000e0000000)
  object space 50688K, 51% used [0x00000000a0000000,0x00000000a19679b8,0x00000000a3180000)
 Metaspace       used 34498K, capacity 35076K, committed 35496K, reserved 1081344K
  class space    used 4345K, capacity 4516K, committed 4608K, reserved 1048576K
Event: 14.452 GC heap after
Heap after GC invocations=9 (full 3):
 PSYoungGen      total 51200K, used 0K [0x00000000e0000000, 0x00000000e5580000, 0x0000000100000000)
  eden space 46080K, 0% used [0x00000000e0000000,0x00000000e0000000,0x00000000e2d00000)
  from space 5120K, 0% used [0x00000000e3b80000,0x00000000e3b80000,0x00000000e4080000)
  to   space 14848K, 0% used [0x00000000e2d00000,0x00000000e2d00000,0x00000000e3b80000)
 ParOldGen       total 79872K, used 17903K [0x00000000a0000000, 0x00000000a4e00000, 0x00000000e0000000)
  object space 79872K, 22% used [0x00000000a0000000,0x00000000a117bec8,0x00000000a4e00000)
 Metaspace       used 34498K, capacity 35076K, committed 35496K, reserved 1081344K
  class space    used 4345K, capacity 4516K, committed 4608K, reserved 1048576K
}
Event: 15.337 GC heap before
{Heap before GC invocations=10 (full 3):
 PSYoungGen      total 51200K, used 46080K [0x00000000e0000000, 0x00000000e5580000, 0x0000000100000000)
  eden space 46080K, 100% used [0x00000000e0000000,0x00000000e2d00000,0x00000000e2d00000)
  from space 5120K, 0% used [0x00000000e3b80000,0x00000000e3b80000,0x00000000e4080000)
  to   space 14848K, 0% used [0x00000000e2d00000,0x00000000e2d00000,0x00000000e3b80000)
 ParOldGen       total 79872K, used 17903K [0x00000000a0000000, 0x00000000a4e00000, 0x00000000e0000000)
  object space 79872K, 22% used [0x00000000a0000000,0x00000000a117bec8,0x00000000a4e00000)
 Metaspace       used 38313K, capacity 38987K, committed 39552K, reserved 1083392K
  class space    used 4790K, capacity 4954K, committed 4992K, reserved 1048576K
Event: 15.352 GC heap after
Heap after GC invocations=10 (full 3):
 PSYoungGen      total 60928K, used 8984K [0x00000000e0000000, 0x00000000e5b00000, 0x0000000100000000)
  eden space 46080K, 0% used [0x00000000e0000000,0x00000000e0000000,0x00000000e2d00000)
  from space 14848K, 60% used [0x00000000e2d00000,0x00000000e35c6270,0x00000000e3b80000)
  to   space 14336K, 0% used [0x00000000e4d00000,0x00000000e4d00000,0x00000000e5b00000)
 ParOldGen       total 79872K, used 17911K [0x00000000a0000000, 0x00000000a4e00000, 0x00000000e0000000)
  object space 79872K, 22% used [0x00000000a0000000,0x00000000a117dec8,0x00000000a4e00000)
 Metaspace       used 38313K, capacity 38987K, committed 39552K, reserved 1083392K
  class space    used 4790K, capacity 4954K, committed 4992K, reserved 1048576K
}
Event: 16.914 GC heap before
{Heap before GC invocations=11 (full 3):
 PSYoungGen      total 60928K, used 55064K [0x00000000e0000000, 0x00000000e5b00000, 0x0000000100000000)
  eden space 46080K, 100% used [0x00000000e0000000,0x00000000e2d00000,0x00000000e2d00000)
  from space 14848K, 60% used [0x00000000e2d00000,0x00000000e35c6270,0x00000000e3b80000)
  to   space 14336K, 0% used [0x00000000e4d00000,0x00000000e4d00000,0x00000000e5b00000)
 ParOldGen       total 79872K, used 17911K [0x00000000a0000000, 0x00000000a4e00000, 0x00000000e0000000)
  object space 79872K, 22% used [0x00000000a0000000,0x00000000a117dec8,0x00000000a4e00000)
 Metaspace       used 41010K, capacity 41748K, committed 42112K, reserved 1085440K
  class space    used 5025K, capacity 5175K, committed 5248K, reserved 1048576K
Event: 16.933 GC heap after
Heap after GC invocations=11 (full 3):
 PSYoungGen      total 77824K, used 12442K [0x00000000e0000000, 0x00000000e5c80000, 0x0000000100000000)
  eden space 63488K, 0% used [0x00000000e0000000,0x00000000e0000000,0x00000000e3e00000)
  from space 14336K, 86% used [0x00000000e4d00000,0x00000000e5926a50,0x00000000e5b00000)
  to   space 15360K, 0% used [0x00000000e3e00000,0x00000000e3e00000,0x00000000e4d00000)
 ParOldGen       total 79872K, used 17919K [0x00000000a0000000, 0x00000000a4e00000, 0x00000000e0000000)
  object space 79872K, 22% used [0x00000000a0000000,0x00000000a117fec8,0x00000000a4e00000)
 Metaspace       used 41010K, capacity 41748K, committed 42112K, reserved 1085440K
  class space    used 5025K, capacity 5175K, committed 5248K, reserved 1048576K
}

Deoptimization events (10 events):
Event: 17.925 Thread 0x000000001922a000 Uncommon trap: reason=class_check action=maybe_recompile pc=0x00000000035e7db0 method=org.jetbrains.kotlin.com.intellij.psi.impl.source.CharTableImpl.intern(Ljava/lang/CharSequence;II)Ljava/lang/CharSequence; @ 13
Event: 17.925 Thread 0x000000001922a000 Uncommon trap: reason=class_check action=maybe_recompile pc=0x00000000035e7db0 method=org.jetbrains.kotlin.com.intellij.psi.impl.source.CharTableImpl.intern(Ljava/lang/CharSequence;II)Ljava/lang/CharSequence; @ 13
Event: 17.954 Thread 0x000000001922a000 Uncommon trap: reason=class_check action=maybe_recompile pc=0x000000000345b068 method=org.jetbrains.kotlin.serialization.deserialization.descriptors.DeserializedPackageMemberScope.hasClass(Lorg/jetbrains/kotlin/name/Name;)Z @ 26
Event: 17.964 Thread 0x000000001922a000 Uncommon trap: reason=class_check action=maybe_recompile pc=0x000000000345b068 method=org.jetbrains.kotlin.serialization.deserialization.descriptors.DeserializedPackageMemberScope.hasClass(Lorg/jetbrains/kotlin/name/Name;)Z @ 26
Event: 18.003 Thread 0x000000001922a000 Uncommon trap: reason=unstable_if action=reinterpret pc=0x000000000345f970 method=org.jetbrains.kotlin.resolve.DescriptorUtils.getFqNameSafeIfPossible(Lorg/jetbrains/kotlin/descriptors/DeclarationDescriptor;)Lorg/jetbrains/kotlin/name/FqName; @ 4
Event: 18.003 Thread 0x000000001922a000 Uncommon trap: reason=unstable_if action=reinterpret pc=0x00000000033ddbdc method=org.jetbrains.kotlin.name.FqNameUnsafe.child(Lorg/jetbrains/kotlin/name/Name;)Lorg/jetbrains/kotlin/name/FqNameUnsafe; @ 4
Event: 18.032 Thread 0x000000001922a000 Uncommon trap: reason=class_check action=maybe_recompile pc=0x00000000027c0388 method=org.jetbrains.kotlin.types.TypeConstructorSubstitution$Companion$createByConstructorsMap$1.isEmpty()Z @ 4
Event: 18.070 Thread 0x000000001922a000 Uncommon trap: reason=unstable_if action=reinterpret pc=0x00000000033d9470 method=org.jetbrains.kotlin.resolve.DescriptorUtils.getFqNameSafeIfPossible(Lorg/jetbrains/kotlin/descriptors/DeclarationDescriptor;)Lorg/jetbrains/kotlin/name/FqName; @ 4
Event: 18.107 Thread 0x000000001922a000 Uncommon trap: reason=class_check action=maybe_recompile pc=0x00000000027c0388 method=org.jetbrains.kotlin.types.TypeConstructorSubstitution$Companion$createByConstructorsMap$1.isEmpty()Z @ 4
Event: 18.108 Thread 0x000000001922a000 Uncommon trap: reason=class_check action=maybe_recompile pc=0x00000000034497b4 method=org.jetbrains.kotlin.serialization.deserialization.descriptors.DeserializedMemberScope.getContributedClassifier(Lorg/jetbrains/kotlin/name/Name;Lorg/jetbrains/kotlin/inc

Classes redefined (0 events):
No events

Internal exceptions (10 events):
Event: 14.582 Thread 0x000000001922a000 Exception <a 'java/lang/NoSuchMethodError': java.lang.Object.lambda$static$0(I)[Lorg/jetbrains/kotlin/psi/KtDeclaration;> (0x00000000e041a528) thrown at [D:\src\AOSP-openjdk-cygwin\jdk8u\hotspot\src\share\vm\interpreter\linkResolver.cpp, line 584]
Event: 14.596 Thread 0x000000001922a000 Exception <a 'java/lang/NoSuchMethodError': java.lang.Object.lambda$static$0(I)[Lorg/jetbrains/kotlin/com/intellij/psi/PsiElement;> (0x00000000e0488170) thrown at [D:\src\AOSP-openjdk-cygwin\jdk8u\hotspot\src\share\vm\interpreter\linkResolver.cpp, line 58
Event: 14.617 Thread 0x000000001922a000 Exception <a 'java/lang/NoSuchMethodError': java.lang.Object.lambda$static$0(I)[Lorg/jetbrains/kotlin/psi/KtTypeElement;> (0x00000000e055dd88) thrown at [D:\src\AOSP-openjdk-cygwin\jdk8u\hotspot\src\share\vm\interpreter\linkResolver.cpp, line 584]
Event: 15.455 Thread 0x000000001922a000 Exception <a 'java/lang/NoSuchMethodError': java.lang.Object.lambda$static$0(I)[Lorg/jetbrains/kotlin/com/intellij/psi/PsiClass;> (0x00000000e04d0620) thrown at [D:\src\AOSP-openjdk-cygwin\jdk8u\hotspot\src\share\vm\interpreter\linkResolver.cpp, line 584]
Event: 17.514 Thread 0x000000001922a000 Exception <a 'java/lang/NoSuchMethodError': java.lang.Object.lambda$static$0(I)[Lorg/jetbrains/kotlin/com/intellij/psi/PsiTypeElement;> (0x00000000e1b40838) thrown at [D:\src\AOSP-openjdk-cygwin\jdk8u\hotspot\src\share\vm\interpreter\linkResolver.cpp, lin
Event: 17.658 Thread 0x000000001922a000 Exception <a 'java/lang/NoSuchMethodError': java.lang.Object.lambda$static$0(I)[Lorg/jetbrains/kotlin/com/intellij/psi/PsiTypeParameter;> (0x00000000e1f48f40) thrown at [D:\src\AOSP-openjdk-cygwin\jdk8u\hotspot\src\share\vm\interpreter\linkResolver.cpp, l
Event: 17.713 Thread 0x000000001922a000 Exception <a 'java/lang/NoSuchMethodError': java.lang.Object.lambda$static$0(I)[Lorg/jetbrains/kotlin/com/intellij/psi/PsiMethod;> (0x00000000e2175ed8) thrown at [D:\src\AOSP-openjdk-cygwin\jdk8u\hotspot\src\share\vm\interpreter\linkResolver.cpp, line 584
Event: 17.714 Thread 0x000000001922a000 Exception <a 'java/lang/NoSuchMethodError': java.lang.Object.lambda$static$0(I)[Lorg/jetbrains/kotlin/com/intellij/psi/PsiField;> (0x00000000e2180b90) thrown at [D:\src\AOSP-openjdk-cygwin\jdk8u\hotspot\src\share\vm\interpreter\linkResolver.cpp, line 584]
Event: 17.740 Thread 0x000000001922a000 Exception <a 'java/lang/NoSuchMethodError': java.lang.Object.lambda$static$0(I)[Lorg/jetbrains/kotlin/com/intellij/psi/PsiJavaCodeReferenceElement;> (0x00000000e2201e48) thrown at [D:\src\AOSP-openjdk-cygwin\jdk8u\hotspot\src\share\vm\interpreter\linkReso
Event: 17.859 Thread 0x000000001922a000 Implicit null exception at 0x00000000027e538c to 0x00000000027e5435

Events (10 events):
Event: 18.109 loading class org/jetbrains/kotlin/resolve/constants/evaluate/ConstantExpressionEvaluatorKt
Event: 18.109 loading class org/jetbrains/kotlin/resolve/constants/evaluate/ConstantExpressionEvaluatorKt done
Event: 18.111 loading class org/jetbrains/kotlin/resolve/constants/evaluate/CompileTimeType
Event: 18.111 loading class org/jetbrains/kotlin/resolve/constants/evaluate/CompileTimeType done
Event: 18.111 loading class org/jetbrains/kotlin/resolve/constants/evaluate/ConstantExpressionEvaluatorKt$WhenMappings
Event: 18.111 loading class org/jetbrains/kotlin/resolve/constants/evaluate/ConstantExpressionEvaluatorKt$WhenMappings done
Event: 18.112 loading class org/jetbrains/kotlin/resolve/constants/evaluate/ConstantExpressionEvaluatorVisitor$OperationArgument
Event: 18.112 loading class org/jetbrains/kotlin/resolve/constants/evaluate/ConstantExpressionEvaluatorVisitor$OperationArgument done
Event: 18.112 loading class org/jetbrains/kotlin/resolve/constants/AnnotationValue
Event: 18.112 loading class org/jetbrains/kotlin/resolve/constants/AnnotationValue done


Dynamic libraries:
0x00007ff79fd90000 - 0x00007ff79fdc1000 	C:\Program Files\Android\Android Studio\jre\jre\bin\java.exe
0x00007ff804970000 - 0x00007ff804b51000 	C:\Windows\SYSTEM32\ntdll.dll
0x00007ff802d40000 - 0x00007ff802df2000 	C:\Windows\System32\KERNEL32.DLL
0x00007ff801b80000 - 0x00007ff801df3000 	C:\Windows\System32\KERNELBASE.dll
0x00007ff802200000 - 0x00007ff8022a1000 	C:\Windows\System32\ADVAPI32.dll
0x00007ff804660000 - 0x00007ff8046fe000 	C:\Windows\System32\msvcrt.dll
0x00007ff8044d0000 - 0x00007ff80452b000 	C:\Windows\System32\sechost.dll
0x00007ff804530000 - 0x00007ff804654000 	C:\Windows\System32\RPCRT4.dll
0x00007ff802ec0000 - 0x00007ff803050000 	C:\Windows\System32\USER32.dll
0x00007ff801ac0000 - 0x00007ff801ae0000 	C:\Windows\System32\win32u.dll
0x00007ff8029b0000 - 0x00007ff8029d8000 	C:\Windows\System32\GDI32.dll
0x00007ff801920000 - 0x00007ff801ab2000 	C:\Windows\System32\gdi32full.dll
0x00007ff801ae0000 - 0x00007ff801b7f000 	C:\Windows\System32\msvcp_win.dll
0x00007ff801820000 - 0x00007ff80191a000 	C:\Windows\System32\ucrtbase.dll
0x00007ffff1780000 - 0x00007ffff19e9000 	C:\Windows\WinSxS\amd64_microsoft.windows.common-controls_6595b64144ccf1df_6.0.17134.407_none_fb449d63306391e9\COMCTL32.dll
0x00007ff801e00000 - 0x00007ff802122000 	C:\Windows\System32\combase.dll
0x00007ff800f30000 - 0x00007ff800faa000 	C:\Windows\System32\bcryptPrimitives.dll
0x00007ff8044a0000 - 0x00007ff8044cd000 	C:\Windows\System32\IMM32.DLL
0x0000000055250000 - 0x0000000055322000 	C:\Program Files\Android\Android Studio\jre\jre\bin\msvcr100.dll
0x0000000055410000 - 0x0000000055c51000 	C:\Program Files\Android\Android Studio\jre\jre\bin\server\jvm.dll
0x00007ff803050000 - 0x00007ff803058000 	C:\Windows\System32\PSAPI.DLL
0x00007fffebee0000 - 0x00007fffebee9000 	C:\Windows\SYSTEM32\WSOCK32.dll
0x00007fffec9f0000 - 0x00007fffec9fa000 	C:\Windows\SYSTEM32\VERSION.dll
0x00007ffffdef0000 - 0x00007ffffdf13000 	C:\Windows\SYSTEM32\WINMM.dll
0x00007ff8028c0000 - 0x00007ff80292c000 	C:\Windows\System32\WS2_32.dll
0x00007ffffd400000 - 0x00007ffffd42a000 	C:\Windows\SYSTEM32\winmmbase.dll
0x00007ff801060000 - 0x00007ff8010a9000 	C:\Windows\System32\cfgmgr32.dll
0x00007fffface0000 - 0x00007ffffacef000 	C:\Program Files\Android\Android Studio\jre\jre\bin\verify.dll
0x00007ffffa480000 - 0x00007ffffa4a9000 	C:\Program Files\Android\Android Studio\jre\jre\bin\java.dll
0x00007ffffab00000 - 0x00007ffffab16000 	C:\Program Files\Android\Android Studio\jre\jre\bin\zip.dll
0x00007ff803060000 - 0x00007ff80449f000 	C:\Windows\System32\SHELL32.dll
0x00007ff802150000 - 0x00007ff8021f9000 	C:\Windows\System32\shcore.dll
0x00007ff8010b0000 - 0x00007ff8017bd000 	C:\Windows\System32\windows.storage.dll
0x00007ff802410000 - 0x00007ff802461000 	C:\Windows\System32\shlwapi.dll
0x00007ff800c90000 - 0x00007ff800ca1000 	C:\Windows\System32\kernel.appcore.dll
0x00007ff800cd0000 - 0x00007ff800cef000 	C:\Windows\System32\profapi.dll
0x00007ff800cf0000 - 0x00007ff800d3c000 	C:\Windows\System32\powrprof.dll
0x00007ff800c80000 - 0x00007ff800c8a000 	C:\Windows\System32\FLTLIB.DLL
0x00007ffffacd0000 - 0x00007ffffacdd000 	C:\Program Files\Android\Android Studio\jre\jre\bin\management.dll
0x00007ffffaa90000 - 0x00007ffffaaaa000 	C:\Program Files\Android\Android Studio\jre\jre\bin\net.dll
0x00007ff800500000 - 0x00007ff800566000 	C:\Windows\system32\mswsock.dll
0x00007ffffaa50000 - 0x00007ffffaa61000 	C:\Program Files\Android\Android Studio\jre\jre\bin\nio.dll
0x00007ff8006b0000 - 0x00007ff8006c7000 	C:\Windows\SYSTEM32\CRYPTSP.dll
0x00007ff8000e0000 - 0x00007ff800113000 	C:\Windows\system32\rsaenh.dll
0x00007ff8007e0000 - 0x00007ff800805000 	C:\Windows\SYSTEM32\bcrypt.dll
0x00007ff800bb0000 - 0x00007ff800bd8000 	C:\Windows\SYSTEM32\USERENV.dll
0x00007ff8006d0000 - 0x00007ff8006db000 	C:\Windows\SYSTEM32\CRYPTBASE.dll
0x00007ff800280000 - 0x00007ff8002b8000 	C:\Windows\SYSTEM32\IPHLPAPI.DLL
0x00007ff802140000 - 0x00007ff802148000 	C:\Windows\System32\NSI.dll
0x00007ffffa8c0000 - 0x00007ffffa8d6000 	C:\Windows\SYSTEM32\dhcpcsvc6.DLL
0x00007ffffa8a0000 - 0x00007ffffa8ba000 	C:\Windows\SYSTEM32\dhcpcsvc.DLL

VM Arguments:
jvm_args: -Djava.awt.headless=true -Djava.rmi.server.hostname=127.0.0.1 -Xmx1536m -Dkotlin.environment.keepalive 
java_command: org.jetbrains.kotlin.daemon.KotlinCompileDaemon --daemon-runFilesPath C:\Users\verdy\AppData\Local\kotlin\daemon --daemon-autoshutdownIdleSeconds=7200 --daemon-compilerClasspath C:\Users\verdy\.gradle\caches\modules-2\files-2.1\org.jetbrains.kotlin\kotlin-compiler-embeddable\1.3.10\adc9e577de39fba3db6d60662892118afedd713\kotlin-compiler-embeddable-1.3.10.jar;C:\Users\verdy\.gradle\caches\modules-2\files-2.1\org.jetbrains.kotlin\kotlin-reflect\1.3.10\dd02865be0351707554b16a896b766b2396cdafa\kotlin-reflect-1.3.10.jar;C:\Users\verdy\.gradle\caches\modules-2\files-2.1\org.jetbrains.kotlin\kotlin-stdlib\1.3.10\b178c1501609c6e4ee8be635513cb023a466457d\kotlin-stdlib-1.3.10.jar;C:\Users\verdy\.gradle\caches\modules-2\files-2.1\org.jetbrains.kotlin\kotlin-script-runtime\1.3.10\1d2bac36f99b84e1493244f12629bc0756a3ff90\kotlin-script-runtime-1.3.10.jar;C:\Users\verdy\.gradle\caches\modules-2\files-2.1\org.jetbrains.kotlin\kotlin-stdlib-common\1.3.10\1b19d99229dcedad7caf50534dce38fe82845269\kotlin-stdlib-common-1.3.10.jar;C:\Users\verdy\.gradle\caches\modules-2\files-2.1\org.jetbrains\annotations\13.0\919f0dfe192fb4e063e7dacadee7f8bb9a2672a9\annotations-13.0.jar;C:\Program Files\Android\Android Studio\jre\lib\tools.jar
java_class_path (initial): C:\Users\verdy\.gradle\caches\modules-2\files-2.1\org.jetbrains.kotlin\kotlin-compiler-embeddable\1.3.10\adc9e577de39fba3db6d60662892118afedd713\kotlin-compiler-embeddable-1.3.10.jar;C:\Users\verdy\.gradle\caches\modules-2\files-2.1\org.jetbrains.kotlin\kotlin-reflect\1.3.10\dd02865be0351707554b16a896b766b2396cdafa\kotlin-reflect-1.3.10.jar;C:\Users\verdy\.gradle\caches\modules-2\files-2.1\org.jetbrains.kotlin\kotlin-stdlib\1.3.10\b178c1501609c6e4ee8be635513cb023a466457d\kotlin-stdlib-1.3.10.jar;C:\Users\verdy\.gradle\caches\modules-2\files-2.1\org.jetbrains.kotlin\kotlin-script-runtime\1.3.10\1d2bac36f99b84e1493244f12629bc0756a3ff90\kotlin-script-runtime-1.3.10.jar;C:\Users\verdy\.gradle\caches\modules-2\files-2.1\org.jetbrains.kotlin\kotlin-stdlib-common\1.3.10\1b19d99229dcedad7caf50534dce38fe82845269\kotlin-stdlib-common-1.3.10.jar;C:\Users\verdy\.gradle\caches\modules-2\files-2.1\org.jetbrains\annotations\13.0\919f0dfe192fb4e063e7dacadee7f8bb9a2672a9\annotations-13.0.jar;C:\Program Files\Android\Android Studio\jre\lib\tools.jar
Launcher Type: SUN_STANDARD

Environment Variables:
PATH=C:\Program Files (x86)\Intel\Intel(R) Management Engine Components\iCLS\;C:\Program Files\Intel\Intel(R) Management Engine Components\iCLS\;C:\Windows\system32;C:\Windows;C:\Windows\System32\Wbem;C:\Windows\System32\WindowsPowerShell\v1.0\;C:\Windows\System32\OpenSSH\;C:\Program Files (x86)\Intel\Intel(R) Management Engine Components\DAL;C:\Program Files\Intel\Intel(R) Management Engine Components\DAL;C:\Program Files (x86)\Intel\Intel(R) Management Engine Components\IPT;C:\Program Files\Intel\Intel(R) Management Engine Components\IPT;C:\Program Files\nodejs\;C:\Program Files\Intel\WiFi\bin\;C:\Program Files\Common Files\Intel\WirelessCommon\;C:\Program Files (x86)\GitExtensions\;C:\Program Files\Git\cmd;C:\Users\verdy\AppData\Local\Microsoft\WindowsApps;;C:\Users\verdy\AppData\Local\Programs\Microsoft VS Code\bin;C:\Users\verdy\AppData\Roaming\npm
USERNAME=verdy
OS=Windows_NT
PROCESSOR_IDENTIFIER=Intel64 Family 6 Model 142 Stepping 10, GenuineIntel



---------------  S Y S T E M  ---------------

OS: Windows 10.0 , 64 bit Build 17134 (10.0.17134.1)

CPU:total 8 (initial active 8) (4 cores per cpu, 2 threads per core) family 6 model 142 stepping 10, cmov, cx8, fxsr, mmx, sse, sse2, sse3, ssse3, sse4.1, sse4.2, popcnt, avx, avx2, aes, clmul, erms, 3dnowpref, lzcnt, ht, tsc, tscinvbit, bmi1, bmi2, adx

Memory: 4k page, physical 8238236k(1076824k free), swap 10491036k(2316k free)

vm_info: OpenJDK 64-Bit Server VM (25.152-b06) for windows-amd64 JRE (1.8.0_152-release-1136-b06), built by "builder" with MS VC++ 10.0 (VS2010)

time: Sat Nov 24 22:46:01 2018
elapsed time: 18 seconds (0d 0h 0m 18s)

