#
# There is insufficient memory for the Java Runtime Environment to continue.
# Native memory allocation (malloc) failed to allocate 513088 bytes for Chunk::new
# Possible reasons:
#   The system is out of physical RAM or swap space
#   In 32 bit mode, the process size limit was hit
# Possible solutions:
#   Reduce memory load on the system
#   Increase physical memory or swap space
#   Check if swap backing store is full
#   Use 64 bit Java on a 64 bit OS
#   Decrease Java heap size (-Xmx/-Xms)
#   Decrease number of Java threads
#   Decrease Java thread stack sizes (-Xss)
#   Set larger code cache with -XX:ReservedCodeCacheSize=
# This output file may be truncated or incomplete.
#
#  Out of Memory Error (allocation.cpp:390), pid=15064, tid=0x00000000000023e0
#
# JRE version: OpenJDK Runtime Environment (8.0_152-b06) (build 1.8.0_152-release-1136-b06)
# Java VM: OpenJDK 64-Bit Server VM (25.152-b06 mixed mode windows-amd64 compressed oops)
# Failed to write core dump. Minidumps are not enabled by default on client versions of Windows
#

---------------  T H R E A D  ---------------

Current thread (0x0000000018ef4800):  JavaThread "C2 CompilerThread0" daemon [_thread_in_native, id=9184, stack(0x00000000196e0000,0x00000000197e0000)]

Stack: [0x00000000196e0000,0x00000000197e0000]
[error occurred during error reporting (printing stack bounds), id 0xc0000005]

Native frames: (J=compiled Java code, j=interpreted, Vv=VM code, C=native code)


Current CompileTask:
C2:   3897 3206       4       java.security.SecureClassLoader::defineClass (16 bytes)


---------------  P R O C E S S  ---------------

Java Threads: ( => current thread )
  0x0000000019f93800 JavaThread "RMI RenewClean-[127.0.0.1:54395,org.jetbrains.kotlin.daemon.common.LoopbackNetworkInterface$ClientLoopbackSocketFactory@7980be41]" daemon [_thread_blocked, id=14552, stack(0x000000001b490000,0x000000001b590000)]
  0x0000000019fd9800 JavaThread "RMI TCP Connection(2)-127.0.0.1" daemon [_thread_in_vm, id=1492, stack(0x000000001b290000,0x000000001b390000)]
  0x0000000019fd2800 JavaThread "RMI Scheduler(0)" daemon [_thread_blocked, id=13640, stack(0x000000001b190000,0x000000001b290000)]
  0x00000000192a3800 JavaThread "RMI TCP Connection(1)-127.0.0.1" daemon [_thread_in_native, id=8408, stack(0x000000001b090000,0x000000001b190000)]
  0x0000000003122800 JavaThread "DestroyJavaVM" [_thread_blocked, id=9120, stack(0x0000000002fd0000,0x00000000030d0000)]
  0x0000000019f86800 JavaThread "GC Daemon" daemon [_thread_blocked, id=3244, stack(0x000000001ac20000,0x000000001ad20000)]
  0x0000000019f80000 JavaThread "RMI Reaper" [_thread_blocked, id=852, stack(0x000000001ab20000,0x000000001ac20000)]
  0x0000000019ef6800 JavaThread "Timer-0" daemon [_thread_blocked, id=7928, stack(0x000000001a920000,0x000000001aa20000)]
  0x0000000019ef3800 JavaThread "RMI TCP Accept-17222" daemon [_thread_in_native, id=7324, stack(0x000000001a820000,0x000000001a920000)]
  0x0000000018f81000 JavaThread "Service Thread" daemon [_thread_blocked, id=12648, stack(0x0000000019ae0000,0x0000000019be0000)]
  0x0000000018eef000 JavaThread "C1 CompilerThread3" daemon [_thread_blocked, id=10572, stack(0x00000000199e0000,0x0000000019ae0000)]
  0x0000000018eea800 JavaThread "C2 CompilerThread2" daemon [_thread_blocked, id=11784, stack(0x00000000198e0000,0x00000000199e0000)]
  0x0000000018ee9000 JavaThread "C2 CompilerThread1" daemon [_thread_blocked, id=6300, stack(0x00000000197e0000,0x00000000198e0000)]
=>0x0000000018ef4800 JavaThread "C2 CompilerThread0" daemon [_thread_in_native, id=9184, stack(0x00000000196e0000,0x00000000197e0000)]
  0x0000000018ef3800 JavaThread "Attach Listener" daemon [_thread_blocked, id=13900, stack(0x00000000195e0000,0x00000000196e0000)]
  0x0000000018ef2800 JavaThread "Signal Dispatcher" daemon [_thread_blocked, id=14112, stack(0x00000000194e0000,0x00000000195e0000)]
  0x0000000018ee0800 JavaThread "Finalizer" daemon [_thread_blocked, id=9916, stack(0x00000000192c0000,0x00000000193c0000)]
  0x0000000003218000 JavaThread "Reference Handler" daemon [_thread_blocked, id=12796, stack(0x0000000018dc0000,0x0000000018ec0000)]

Other Threads:
  0x0000000016fd5800 VMThread [stack: 0x0000000018cc0000,0x0000000018dc0000] [id=10104]
  0x0000000018f81800 WatcherThread [stack: 0x0000000019be0000,0x0000000019ce0000] [id=7028]

VM state:not at safepoint (normal execution)

VM Mutex/Monitor currently owned by a thread: None

Heap:
 PSYoungGen      total 56320K, used 54612K [0x00000000e0000000, 0x00000000e6d80000, 0x0000000100000000)
  eden space 55808K, 97% used [0x00000000e0000000,0x00000000e35550d8,0x00000000e3680000)
  from space 512K, 0% used [0x00000000e4500000,0x00000000e4500000,0x00000000e4580000)
  to   space 14848K, 0% used [0x00000000e3680000,0x00000000e3680000,0x00000000e4500000)
 ParOldGen       total 72704K, used 15748K [0x00000000a0000000, 0x00000000a4700000, 0x00000000e0000000)
  object space 72704K, 21% used [0x00000000a0000000,0x00000000a0f612f8,0x00000000a4700000)
 Metaspace       used 39720K, capacity 40399K, committed 41088K, reserved 1087488K
  class space    used 4974K, capacity 5162K, committed 5248K, reserved 1048576K

Card table byte_map: [0x00000000125e0000,0x00000000128f0000] byte_map_base: 0x00000000120e0000

Marking Bits: (ParMarkBitMap*) 0x0000000055bd5aa0
 Begin Bits: [0x00000000132f0000, 0x0000000014af0000)
 End Bits:   [0x0000000014af0000, 0x00000000162f0000)

Polling page: 0x0000000001220000

CodeCache: size=245760Kb used=10484Kb max_used=10494Kb free=235275Kb
 bounds [0x0000000003220000, 0x0000000003c70000, 0x0000000012220000]
 total_blobs=3769 nmethods=3285 adapters=397
 compilation: enabled

Compilation events (10 events):
Event: 3.887 Thread 0x0000000018eef000 nmethod 3279 0x0000000003c5c250 code [0x0000000003c5c3c0, 0x0000000003c5c528]
Event: 3.887 Thread 0x0000000018eef000 3283       3       org.jetbrains.kotlin.cli.jvm.index.JvmDependenciesIndexImpl$traverseDirectoriesInPackage$1::invoke (40 bytes)
Event: 3.887 Thread 0x0000000018eef000 nmethod 3283 0x0000000003c5b910 code [0x0000000003c5bac0, 0x0000000003c5c088]
Event: 3.887 Thread 0x0000000018eef000 3280       3       org.jetbrains.kotlin.cli.jvm.compiler.KotlinCliJavaFileManagerImpl::findVirtualFileGivenPackage (196 bytes)
Event: 3.888 Thread 0x0000000018eef000 nmethod 3280 0x0000000003c61a50 code [0x0000000003c61e20, 0x0000000003c63f38]
Event: 3.888 Thread 0x0000000018eef000 3281       3       kotlin.text.StringsKt__StringsKt::substringBefore$default (15 bytes)
Event: 3.889 Thread 0x0000000018eef000 nmethod 3281 0x0000000003c5f390 code [0x0000000003c5f500, 0x0000000003c5f6a8]
Event: 3.889 Thread 0x0000000018eef000 3282       3       kotlin.text.StringsKt__StringsKt::substringBefore (58 bytes)
Event: 3.889 Thread 0x0000000018eef000 nmethod 3282 0x0000000003c5ea50 code [0x0000000003c5ec20, 0x0000000003c5f128]
Event: 3.890 Thread 0x0000000018ee9000 nmethod 3244 0x0000000003c66d90 code [0x0000000003c66f20, 0x0000000003c676d8]

GC Heap History (10 events):
Event: 1.655 GC heap before
{Heap before GC invocations=5 (full 2):
 PSYoungGen      total 37888K, used 5111K [0x00000000e0000000, 0x00000000e4a00000, 0x0000000100000000)
  eden space 32768K, 0% used [0x00000000e0000000,0x00000000e0000000,0x00000000e2000000)
  from space 5120K, 99% used [0x00000000e2000000,0x00000000e24fddc0,0x00000000e2500000)
  to   space 5120K, 0% used [0x00000000e4500000,0x00000000e4500000,0x00000000e4a00000)
 ParOldGen       total 86016K, used 10364K [0x00000000a0000000, 0x00000000a5400000, 0x00000000e0000000)
  object space 86016K, 12% used [0x00000000a0000000,0x00000000a0a1f120,0x00000000a5400000)
 Metaspace       used 20682K, capacity 21034K, committed 21296K, reserved 1069056K
  class space    used 2481K, capacity 2605K, committed 2688K, reserved 1048576K
Event: 1.680 GC heap after
Heap after GC invocations=5 (full 2):
 PSYoungGen      total 37888K, used 0K [0x00000000e0000000, 0x00000000e4a00000, 0x0000000100000000)
  eden space 32768K, 0% used [0x00000000e0000000,0x00000000e0000000,0x00000000e2000000)
  from space 5120K, 0% used [0x00000000e2000000,0x00000000e2000000,0x00000000e2500000)
  to   space 5120K, 0% used [0x00000000e4500000,0x00000000e4500000,0x00000000e4a00000)
 ParOldGen       total 72704K, used 11351K [0x00000000a0000000, 0x00000000a4700000, 0x00000000e0000000)
  object space 72704K, 15% used [0x00000000a0000000,0x00000000a0b15c28,0x00000000a4700000)
 Metaspace       used 20682K, capacity 21034K, committed 21296K, reserved 1069056K
  class space    used 2481K, capacity 2605K, committed 2688K, reserved 1048576K
}
Event: 2.508 GC heap before
{Heap before GC invocations=6 (full 2):
 PSYoungGen      total 37888K, used 32768K [0x00000000e0000000, 0x00000000e4a00000, 0x0000000100000000)
  eden space 32768K, 100% used [0x00000000e0000000,0x00000000e2000000,0x00000000e2000000)
  from space 5120K, 0% used [0x00000000e2000000,0x00000000e2000000,0x00000000e2500000)
  to   space 5120K, 0% used [0x00000000e4500000,0x00000000e4500000,0x00000000e4a00000)
 ParOldGen       total 72704K, used 11351K [0x00000000a0000000, 0x00000000a4700000, 0x00000000e0000000)
  object space 72704K, 15% used [0x00000000a0000000,0x00000000a0b15c28,0x00000000a4700000)
 Metaspace       used 28003K, capacity 28576K, committed 28928K, reserved 1075200K
  class space    used 3656K, capacity 3806K, committed 3840K, reserved 1048576K
Event: 2.516 GC heap after
Heap after GC invocations=6 (full 2):
 PSYoungGen      total 48128K, used 5103K [0x00000000e0000000, 0x00000000e4a00000, 0x0000000100000000)
  eden space 43008K, 0% used [0x00000000e0000000,0x00000000e0000000,0x00000000e2a00000)
  from space 5120K, 99% used [0x00000000e4500000,0x00000000e49fbde8,0x00000000e4a00000)
  to   space 5120K, 0% used [0x00000000e4000000,0x00000000e4000000,0x00000000e4500000)
 ParOldGen       total 72704K, used 14507K [0x00000000a0000000, 0x00000000a4700000, 0x00000000e0000000)
  object space 72704K, 19% used [0x00000000a0000000,0x00000000a0e2ace0,0x00000000a4700000)
 Metaspace       used 28003K, capacity 28576K, committed 28928K, reserved 1075200K
  class space    used 3656K, capacity 3806K, committed 3840K, reserved 1048576K
}
Event: 2.990 GC heap before
{Heap before GC invocations=7 (full 2):
 PSYoungGen      total 48128K, used 48111K [0x00000000e0000000, 0x00000000e4a00000, 0x0000000100000000)
  eden space 43008K, 100% used [0x00000000e0000000,0x00000000e2a00000,0x00000000e2a00000)
  from space 5120K, 99% used [0x00000000e4500000,0x00000000e49fbde8,0x00000000e4a00000)
  to   space 5120K, 0% used [0x00000000e4000000,0x00000000e4000000,0x00000000e4500000)
 ParOldGen       total 72704K, used 14507K [0x00000000a0000000, 0x00000000a4700000, 0x00000000e0000000)
  object space 72704K, 19% used [0x00000000a0000000,0x00000000a0e2ace0,0x00000000a4700000)
 Metaspace       used 33038K, capacity 33586K, committed 33920K, reserved 1079296K
  class space    used 4215K, capacity 4359K, committed 4480K, reserved 1048576K
Event: 3.000 GC heap after
Heap after GC invocations=7 (full 2):
 PSYoungGen      total 63488K, used 5090K [0x00000000e0000000, 0x00000000e4580000, 0x0000000100000000)
  eden space 58368K, 0% used [0x00000000e0000000,0x00000000e0000000,0x00000000e3900000)
  from space 5120K, 99% used [0x00000000e4000000,0x00000000e44f89e8,0x00000000e4500000)
  to   space 512K, 0% used [0x00000000e4500000,0x00000000e4500000,0x00000000e4580000)
 ParOldGen       total 72704K, used 22567K [0x00000000a0000000, 0x00000000a4700000, 0x00000000e0000000)
  object space 72704K, 31% used [0x00000000a0000000,0x00000000a1609db8,0x00000000a4700000)
 Metaspace       used 33038K, capacity 33586K, committed 33920K, reserved 1079296K
  class space    used 4215K, capacity 4359K, committed 4480K, reserved 1048576K
}
Event: 3.147 GC heap before
{Heap before GC invocations=8 (full 2):
 PSYoungGen      total 63488K, used 16493K [0x00000000e0000000, 0x00000000e4580000, 0x0000000100000000)
  eden space 58368K, 19% used [0x00000000e0000000,0x00000000e0b22b88,0x00000000e3900000)
  from space 5120K, 99% used [0x00000000e4000000,0x00000000e44f89e8,0x00000000e4500000)
  to   space 512K, 0% used [0x00000000e4500000,0x00000000e4500000,0x00000000e4580000)
 ParOldGen       total 72704K, used 22567K [0x00000000a0000000, 0x00000000a4700000, 0x00000000e0000000)
  object space 72704K, 31% used [0x00000000a0000000,0x00000000a1609db8,0x00000000a4700000)
 Metaspace       used 34564K, capacity 35102K, committed 35496K, reserved 1081344K
  class space    used 4364K, capacity 4521K, committed 4608K, reserved 1048576K
Event: 3.151 GC heap after
Heap after GC invocations=8 (full 2):
 PSYoungGen      total 56320K, used 480K [0x00000000e0000000, 0x00000000e6d80000, 0x0000000100000000)
  eden space 55808K, 0% used [0x00000000e0000000,0x00000000e0000000,0x00000000e3680000)
  from space 512K, 93% used [0x00000000e4500000,0x00000000e4578010,0x00000000e4580000)
  to   space 14848K, 0% used [0x00000000e3680000,0x00000000e3680000,0x00000000e4500000)
 ParOldGen       total 72704K, used 29717K [0x00000000a0000000, 0x00000000a4700000, 0x00000000e0000000)
  object space 72704K, 40% used [0x00000000a0000000,0x00000000a1d05530,0x00000000a4700000)
 Metaspace       used 34564K, capacity 35102K, committed 35496K, reserved 1081344K
  class space    used 4364K, capacity 4521K, committed 4608K, reserved 1048576K
}
Event: 3.151 GC heap before
{Heap before GC invocations=9 (full 3):
 PSYoungGen      total 56320K, used 480K [0x00000000e0000000, 0x00000000e6d80000, 0x0000000100000000)
  eden space 55808K, 0% used [0x00000000e0000000,0x00000000e0000000,0x00000000e3680000)
  from space 512K, 93% used [0x00000000e4500000,0x00000000e4578010,0x00000000e4580000)
  to   space 14848K, 0% used [0x00000000e3680000,0x00000000e3680000,0x00000000e4500000)
 ParOldGen       total 72704K, used 29717K [0x00000000a0000000, 0x00000000a4700000, 0x00000000e0000000)
  object space 72704K, 40% used [0x00000000a0000000,0x00000000a1d05530,0x00000000a4700000)
 Metaspace       used 34564K, capacity 35102K, committed 35496K, reserved 1081344K
  class space    used 4364K, capacity 4521K, committed 4608K, reserved 1048576K
Event: 3.207 GC heap after
Heap after GC invocations=9 (full 3):
 PSYoungGen      total 56320K, used 0K [0x00000000e0000000, 0x00000000e6d80000, 0x0000000100000000)
  eden space 55808K, 0% used [0x00000000e0000000,0x00000000e0000000,0x00000000e3680000)
  from space 512K, 0% used [0x00000000e4500000,0x00000000e4500000,0x00000000e4580000)
  to   space 14848K, 0% used [0x00000000e3680000,0x00000000e3680000,0x00000000e4500000)
 ParOldGen       total 72704K, used 15748K [0x00000000a0000000, 0x00000000a4700000, 0x00000000e0000000)
  object space 72704K, 21% used [0x00000000a0000000,0x00000000a0f612f8,0x00000000a4700000)
 Metaspace       used 34564K, capacity 35102K, committed 35496K, reserved 1081344K
  class space    used 4364K, capacity 4521K, committed 4608K, reserved 1048576K
}

Deoptimization events (10 events):
Event: 3.510 Thread 0x0000000019fd9800 Uncommon trap: reason=bimorphic action=maybe_recompile pc=0x00000000038a8c38 method=org.jetbrains.kotlin.protobuf.CodedInputStream.tryRefillBuffer(I)Z @ 177
Event: 3.513 Thread 0x0000000019fd9800 Uncommon trap: reason=bimorphic action=maybe_recompile pc=0x00000000038a8c38 method=org.jetbrains.kotlin.protobuf.CodedInputStream.tryRefillBuffer(I)Z @ 177
Event: 3.518 Thread 0x0000000019fd9800 Uncommon trap: reason=unstable_if action=reinterpret pc=0x0000000003a66dd0 method=org.jetbrains.org.objectweb.asm.ClassReader.readUTF(II[C)Ljava/lang/String; @ 77
Event: 3.519 Thread 0x0000000019fd9800 Uncommon trap: reason=unstable_if action=reinterpret pc=0x0000000003a2c900 method=org.jetbrains.org.objectweb.asm.ClassReader.readUTF(II[C)Ljava/lang/String; @ 77
Event: 3.800 Thread 0x0000000019fd9800 Uncommon trap: reason=unstable_if action=reinterpret pc=0x000000000377ae50 method=java.lang.String.regionMatches(ILjava/lang/String;II)Z @ 55
Event: 3.830 Thread 0x0000000019fd9800 Uncommon trap: reason=class_check action=maybe_recompile pc=0x0000000003969ec8 method=java.lang.AbstractStringBuilder.append(Ljava/lang/CharSequence;)Ljava/lang/AbstractStringBuilder; @ 37
Event: 3.864 Thread 0x0000000019fd9800 Uncommon trap: reason=class_check action=maybe_recompile pc=0x0000000003969ec8 method=java.lang.AbstractStringBuilder.append(Ljava/lang/CharSequence;)Ljava/lang/AbstractStringBuilder; @ 37
Event: 3.864 Thread 0x0000000019fd9800 Uncommon trap: reason=class_check action=maybe_recompile pc=0x0000000003969ec8 method=java.lang.AbstractStringBuilder.append(Ljava/lang/CharSequence;)Ljava/lang/AbstractStringBuilder; @ 37
Event: 3.864 Thread 0x0000000019fd9800 Uncommon trap: reason=class_check action=maybe_recompile pc=0x0000000003969ec8 method=java.lang.AbstractStringBuilder.append(Ljava/lang/CharSequence;)Ljava/lang/AbstractStringBuilder; @ 37
Event: 3.880 Thread 0x0000000019fd9800 Uncommon trap: reason=unstable_if action=reinterpret pc=0x0000000003ad9330 method=org.jetbrains.kotlin.gnu.trove.TObjectHash.insertionIndex(Ljava/lang/Object;)I @ 80

Classes redefined (0 events):
No events

Internal exceptions (10 events):
Event: 1.623 Thread 0x0000000019fd9800 Exception <a 'java/lang/ArrayIndexOutOfBoundsException': 67> (0x00000000e1dc6b20) thrown at [D:\src\AOSP-openjdk-cygwin\jdk8u\hotspot\src\share\vm\interpreter\interpreterRuntime.cpp, line 366]
Event: 1.782 Thread 0x0000000019fd9800 Exception <a 'java/lang/NoSuchMethodError': java.lang.Object.lambda$static$0(I)[Lorg/jetbrains/kotlin/com/intellij/openapi/editor/event/DocumentListener;> (0x00000000e07323c8) thrown at [D:\src\AOSP-openjdk-cygwin\jdk8u\hotspot\src\share\vm\interpreter\li
Event: 1.804 Thread 0x0000000019fd9800 Exception <a 'java/lang/NoSuchMethodError': java.lang.Object.lambda$static$0(I)[Lorg/jetbrains/kotlin/com/intellij/psi/PsiAnnotation;> (0x00000000e08ffaf8) thrown at [D:\src\AOSP-openjdk-cygwin\jdk8u\hotspot\src\share\vm\interpreter\linkResolver.cpp, line
Event: 2.042 Thread 0x0000000019fd9800 Exception <a 'java/lang/NoSuchMethodError': java.lang.Object.lambda$static$0(I)[Lorg/jetbrains/kotlin/psi/KtExpression;> (0x00000000e1709dd0) thrown at [D:\src\AOSP-openjdk-cygwin\jdk8u\hotspot\src\share\vm\interpreter\linkResolver.cpp, line 584]
Event: 2.050 Thread 0x0000000019fd9800 Exception <a 'java/lang/NoSuchMethodError': java.lang.Object.lambda$static$0(I)[Lorg/jetbrains/kotlin/psi/KtDeclaration;> (0x00000000e1769b30) thrown at [D:\src\AOSP-openjdk-cygwin\jdk8u\hotspot\src\share\vm\interpreter\linkResolver.cpp, line 584]
Event: 2.142 Thread 0x0000000019fd9800 Exception <a 'java/io/FileNotFoundException'> (0x00000000e1a06b38) thrown at [D:\src\AOSP-openjdk-cygwin\jdk8u\hotspot\src\share\vm\prims\jni.cpp, line 709]
Event: 2.156 Thread 0x0000000019fd9800 Exception <a 'java/io/FileNotFoundException'> (0x00000000e1a36cb0) thrown at [D:\src\AOSP-openjdk-cygwin\jdk8u\hotspot\src\share\vm\prims\jni.cpp, line 709]
Event: 3.348 Thread 0x0000000019fd9800 Exception <a 'java/lang/NoSuchMethodError': java.lang.Object.lambda$static$0(I)[Lorg/jetbrains/kotlin/com/intellij/psi/PsiElement;> (0x00000000e06368f0) thrown at [D:\src\AOSP-openjdk-cygwin\jdk8u\hotspot\src\share\vm\interpreter\linkResolver.cpp, line 58
Event: 3.358 Thread 0x0000000019fd9800 Exception <a 'java/lang/NoSuchMethodError': java.lang.Object.lambda$static$0(I)[Lorg/jetbrains/kotlin/psi/KtTypeElement;> (0x00000000e070daf0) thrown at [D:\src\AOSP-openjdk-cygwin\jdk8u\hotspot\src\share\vm\interpreter\linkResolver.cpp, line 584]
Event: 3.837 Thread 0x0000000019fd9800 Exception <a 'java/lang/NoSuchMethodError': java.lang.Object.lambda$static$0(I)[Lorg/jetbrains/kotlin/com/intellij/psi/PsiClass;> (0x00000000e32297d8) thrown at [D:\src\AOSP-openjdk-cygwin\jdk8u\hotspot\src\share\vm\interpreter\linkResolver.cpp, line 584]

Events (10 events):
Event: 3.890 loading class org/jetbrains/kotlin/config/CoroutineLanguageVersionSettingsUtilKt
Event: 3.890 loading class org/jetbrains/kotlin/config/CoroutineLanguageVersionSettingsUtilKt done
Event: 3.891 loading class org/jetbrains/kotlin/codegen/CodegenUtilKt
Event: 3.891 loading class org/jetbrains/kotlin/codegen/CodegenUtilKt done
Event: 3.893 loading class org/jetbrains/kotlin/codegen/coroutines/CoroutineCodegenUtilKt$INITIAL_DESCRIPTOR_FOR_SUSPEND_FUNCTION$1
Event: 3.893 loading class org/jetbrains/kotlin/codegen/coroutines/CoroutineCodegenUtilKt$INITIAL_DESCRIPTOR_FOR_SUSPEND_FUNCTION$1 done
Event: 3.893 loading class org/jetbrains/kotlin/codegen/coroutines/CoroutineCodegenUtilKt$INITIAL_SUSPEND_DESCRIPTOR_FOR_DO_RESUME$1
Event: 3.893 loading class org/jetbrains/kotlin/codegen/coroutines/CoroutineCodegenUtilKt$INITIAL_SUSPEND_DESCRIPTOR_FOR_DO_RESUME$1 done
Event: 3.893 loading class org/jetbrains/kotlin/codegen/JvmCodegenUtil
Event: 3.893 loading class org/jetbrains/kotlin/codegen/JvmCodegenUtil done


Dynamic libraries:
0x00007ff79fd90000 - 0x00007ff79fdc1000 	C:\Program Files\Android\Android Studio\jre\jre\bin\java.exe
0x00007ff804970000 - 0x00007ff804b51000 	C:\Windows\SYSTEM32\ntdll.dll
0x00007ff802d40000 - 0x00007ff802df2000 	C:\Windows\System32\KERNEL32.DLL
0x00007ff801b80000 - 0x00007ff801df3000 	C:\Windows\System32\KERNELBASE.dll
0x00007ff802200000 - 0x00007ff8022a1000 	C:\Windows\System32\ADVAPI32.dll
0x00007ff804660000 - 0x00007ff8046fe000 	C:\Windows\System32\msvcrt.dll
0x00007ff8044d0000 - 0x00007ff80452b000 	C:\Windows\System32\sechost.dll
0x00007ff804530000 - 0x00007ff804654000 	C:\Windows\System32\RPCRT4.dll
0x00007ff802ec0000 - 0x00007ff803050000 	C:\Windows\System32\USER32.dll
0x00007ff801ac0000 - 0x00007ff801ae0000 	C:\Windows\System32\win32u.dll
0x00007ff8029b0000 - 0x00007ff8029d8000 	C:\Windows\System32\GDI32.dll
0x00007ff801920000 - 0x00007ff801ab2000 	C:\Windows\System32\gdi32full.dll
0x00007ff801ae0000 - 0x00007ff801b7f000 	C:\Windows\System32\msvcp_win.dll
0x00007ff801820000 - 0x00007ff80191a000 	C:\Windows\System32\ucrtbase.dll
0x00007ffff1780000 - 0x00007ffff19e9000 	C:\Windows\WinSxS\amd64_microsoft.windows.common-controls_6595b64144ccf1df_6.0.17134.407_none_fb449d63306391e9\COMCTL32.dll
0x00007ff801e00000 - 0x00007ff802122000 	C:\Windows\System32\combase.dll
0x00007ff800f30000 - 0x00007ff800faa000 	C:\Windows\System32\bcryptPrimitives.dll
0x00007ff8044a0000 - 0x00007ff8044cd000 	C:\Windows\System32\IMM32.DLL
0x0000000055250000 - 0x0000000055322000 	C:\Program Files\Android\Android Studio\jre\jre\bin\msvcr100.dll
0x0000000055410000 - 0x0000000055c51000 	C:\Program Files\Android\Android Studio\jre\jre\bin\server\jvm.dll
0x00007ff803050000 - 0x00007ff803058000 	C:\Windows\System32\PSAPI.DLL
0x00007fffebee0000 - 0x00007fffebee9000 	C:\Windows\SYSTEM32\WSOCK32.dll
0x00007fffec9f0000 - 0x00007fffec9fa000 	C:\Windows\SYSTEM32\VERSION.dll
0x00007ff8028c0000 - 0x00007ff80292c000 	C:\Windows\System32\WS2_32.dll
0x00007ffffdef0000 - 0x00007ffffdf13000 	C:\Windows\SYSTEM32\WINMM.dll
0x00007ffffd400000 - 0x00007ffffd42a000 	C:\Windows\SYSTEM32\winmmbase.dll
0x00007ff801060000 - 0x00007ff8010a9000 	C:\Windows\System32\cfgmgr32.dll
0x00007fffface0000 - 0x00007ffffacef000 	C:\Program Files\Android\Android Studio\jre\jre\bin\verify.dll
0x00007ffffa480000 - 0x00007ffffa4a9000 	C:\Program Files\Android\Android Studio\jre\jre\bin\java.dll
0x00007ffffab00000 - 0x00007ffffab16000 	C:\Program Files\Android\Android Studio\jre\jre\bin\zip.dll
0x00007ff803060000 - 0x00007ff80449f000 	C:\Windows\System32\SHELL32.dll
0x00007ff802150000 - 0x00007ff8021f9000 	C:\Windows\System32\shcore.dll
0x00007ff8010b0000 - 0x00007ff8017bd000 	C:\Windows\System32\windows.storage.dll
0x00007ff802410000 - 0x00007ff802461000 	C:\Windows\System32\shlwapi.dll
0x00007ff800c90000 - 0x00007ff800ca1000 	C:\Windows\System32\kernel.appcore.dll
0x00007ff800cd0000 - 0x00007ff800cef000 	C:\Windows\System32\profapi.dll
0x00007ff800cf0000 - 0x00007ff800d3c000 	C:\Windows\System32\powrprof.dll
0x00007ff800c80000 - 0x00007ff800c8a000 	C:\Windows\System32\FLTLIB.DLL
0x00007ffffacd0000 - 0x00007ffffacdd000 	C:\Program Files\Android\Android Studio\jre\jre\bin\management.dll
0x00007ffffaa90000 - 0x00007ffffaaaa000 	C:\Program Files\Android\Android Studio\jre\jre\bin\net.dll
0x00007ff800500000 - 0x00007ff800566000 	C:\Windows\system32\mswsock.dll
0x00007ffffaa50000 - 0x00007ffffaa61000 	C:\Program Files\Android\Android Studio\jre\jre\bin\nio.dll
0x00007ff8006b0000 - 0x00007ff8006c7000 	C:\Windows\SYSTEM32\CRYPTSP.dll
0x00007ff8000e0000 - 0x00007ff800113000 	C:\Windows\system32\rsaenh.dll
0x00007ff8007e0000 - 0x00007ff800805000 	C:\Windows\SYSTEM32\bcrypt.dll
0x00007ff800bb0000 - 0x00007ff800bd8000 	C:\Windows\SYSTEM32\USERENV.dll
0x00007ff8006d0000 - 0x00007ff8006db000 	C:\Windows\SYSTEM32\CRYPTBASE.dll
0x00007ff800280000 - 0x00007ff8002b8000 	C:\Windows\SYSTEM32\IPHLPAPI.DLL
0x00007ff802140000 - 0x00007ff802148000 	C:\Windows\System32\NSI.dll
0x00007ffffa8c0000 - 0x00007ffffa8d6000 	C:\Windows\SYSTEM32\dhcpcsvc6.DLL
0x00007ffffa8a0000 - 0x00007ffffa8ba000 	C:\Windows\SYSTEM32\dhcpcsvc.DLL

VM Arguments:
jvm_args: -Djava.awt.headless=true -Djava.rmi.server.hostname=127.0.0.1 -Xmx1536m -Dkotlin.environment.keepalive 
java_command: org.jetbrains.kotlin.daemon.KotlinCompileDaemon --daemon-runFilesPath C:\Users\verdy\AppData\Local\kotlin\daemon --daemon-autoshutdownIdleSeconds=7200 --daemon-compilerClasspath C:\Users\verdy\.gradle\caches\modules-2\files-2.1\org.jetbrains.kotlin\kotlin-compiler-embeddable\1.3.10\adc9e577de39fba3db6d60662892118afedd713\kotlin-compiler-embeddable-1.3.10.jar;C:\Users\verdy\.gradle\caches\modules-2\files-2.1\org.jetbrains.kotlin\kotlin-reflect\1.3.10\dd02865be0351707554b16a896b766b2396cdafa\kotlin-reflect-1.3.10.jar;C:\Users\verdy\.gradle\caches\modules-2\files-2.1\org.jetbrains.kotlin\kotlin-stdlib\1.3.10\b178c1501609c6e4ee8be635513cb023a466457d\kotlin-stdlib-1.3.10.jar;C:\Users\verdy\.gradle\caches\modules-2\files-2.1\org.jetbrains.kotlin\kotlin-script-runtime\1.3.10\1d2bac36f99b84e1493244f12629bc0756a3ff90\kotlin-script-runtime-1.3.10.jar;C:\Users\verdy\.gradle\caches\modules-2\files-2.1\org.jetbrains.kotlin\kotlin-stdlib-common\1.3.10\1b19d99229dcedad7caf50534dce38fe82845269\kotlin-stdlib-common-1.3.10.jar;C:\Users\verdy\.gradle\caches\modules-2\files-2.1\org.jetbrains\annotations\13.0\919f0dfe192fb4e063e7dacadee7f8bb9a2672a9\annotations-13.0.jar;C:\Program Files\Android\Android Studio\jre\lib\tools.jar
java_class_path (initial): C:\Users\verdy\.gradle\caches\modules-2\files-2.1\org.jetbrains.kotlin\kotlin-compiler-embeddable\1.3.10\adc9e577de39fba3db6d60662892118afedd713\kotlin-compiler-embeddable-1.3.10.jar;C:\Users\verdy\.gradle\caches\modules-2\files-2.1\org.jetbrains.kotlin\kotlin-reflect\1.3.10\dd02865be0351707554b16a896b766b2396cdafa\kotlin-reflect-1.3.10.jar;C:\Users\verdy\.gradle\caches\modules-2\files-2.1\org.jetbrains.kotlin\kotlin-stdlib\1.3.10\b178c1501609c6e4ee8be635513cb023a466457d\kotlin-stdlib-1.3.10.jar;C:\Users\verdy\.gradle\caches\modules-2\files-2.1\org.jetbrains.kotlin\kotlin-script-runtime\1.3.10\1d2bac36f99b84e1493244f12629bc0756a3ff90\kotlin-script-runtime-1.3.10.jar;C:\Users\verdy\.gradle\caches\modules-2\files-2.1\org.jetbrains.kotlin\kotlin-stdlib-common\1.3.10\1b19d99229dcedad7caf50534dce38fe82845269\kotlin-stdlib-common-1.3.10.jar;C:\Users\verdy\.gradle\caches\modules-2\files-2.1\org.jetbrains\annotations\13.0\919f0dfe192fb4e063e7dacadee7f8bb9a2672a9\annotations-13.0.jar;C:\Program Files\Android\Android Studio\jre\lib\tools.jar
Launcher Type: SUN_STANDARD

Environment Variables:
PATH=C:\Program Files (x86)\Intel\Intel(R) Management Engine Components\iCLS\;C:\Program Files\Intel\Intel(R) Management Engine Components\iCLS\;C:\Windows\system32;C:\Windows;C:\Windows\System32\Wbem;C:\Windows\System32\WindowsPowerShell\v1.0\;C:\Windows\System32\OpenSSH\;C:\Program Files (x86)\Intel\Intel(R) Management Engine Components\DAL;C:\Program Files\Intel\Intel(R) Management Engine Components\DAL;C:\Program Files (x86)\Intel\Intel(R) Management Engine Components\IPT;C:\Program Files\Intel\Intel(R) Management Engine Components\IPT;C:\Program Files\nodejs\;C:\Program Files\Intel\WiFi\bin\;C:\Program Files\Common Files\Intel\WirelessCommon\;C:\Program Files (x86)\GitExtensions\;C:\Program Files\Git\cmd;C:\Users\verdy\AppData\Local\Microsoft\WindowsApps;;C:\Users\verdy\AppData\Local\Programs\Microsoft VS Code\bin;C:\Users\verdy\AppData\Roaming\npm
USERNAME=verdy
OS=Windows_NT
PROCESSOR_IDENTIFIER=Intel64 Family 6 Model 142 Stepping 10, GenuineIntel



---------------  S Y S T E M  ---------------

OS: Windows 10.0 , 64 bit Build 17134 (10.0.17134.1)

CPU:total 8 (initial active 8) (4 cores per cpu, 2 threads per core) family 6 model 142 stepping 10, cmov, cx8, fxsr, mmx, sse, sse2, sse3, ssse3, sse4.1, sse4.2, popcnt, avx, avx2, aes, clmul, erms, 3dnowpref, lzcnt, ht, tsc, tscinvbit, bmi1, bmi2, adx

Memory: 4k page, physical 8238236k(977280k free), swap 10491036k(4136k free)

vm_info: OpenJDK 64-Bit Server VM (25.152-b06) for windows-amd64 JRE (1.8.0_152-release-1136-b06), built by "builder" with MS VC++ 10.0 (VS2010)

time: Sat Nov 24 22:39:01 2018
elapsed time: 3 seconds (0d 0h 0m 3s)

