#
# There is insufficient memory for the Java Runtime Environment to continue.
# Native memory allocation (malloc) failed to allocate 517776 bytes for Chunk::new
# Possible reasons:
#   The system is out of physical RAM or swap space
#   In 32 bit mode, the process size limit was hit
# Possible solutions:
#   Reduce memory load on the system
#   Increase physical memory or swap space
#   Check if swap backing store is full
#   Use 64 bit Java on a 64 bit OS
#   Decrease Java heap size (-Xmx/-Xms)
#   Decrease number of Java threads
#   Decrease Java thread stack sizes (-Xss)
#   Set larger code cache with -XX:ReservedCodeCacheSize=
# This output file may be truncated or incomplete.
#
#  Out of Memory Error (allocation.cpp:390), pid=4740, tid=0x0000000000002534
#
# JRE version: OpenJDK Runtime Environment (8.0_152-b06) (build 1.8.0_152-release-1136-b06)
# Java VM: OpenJDK 64-Bit Server VM (25.152-b06 mixed mode windows-amd64 compressed oops)
# Failed to write core dump. Minidumps are not enabled by default on client versions of Windows
#

---------------  T H R E A D  ---------------

Current thread (0x0000000019f73000):  JavaThread "C2 CompilerThread2" daemon [_thread_in_native, id=9524, stack(0x000000001a960000,0x000000001aa60000)]

Stack: [0x000000001a960000,0x000000001aa60000]
[error occurred during error reporting (printing stack bounds), id 0xc0000005]

Native frames: (J=compiled Java code, j=interpreted, Vv=VM code, C=native code)


Current CompileTask:
C2:   2295 2731   !   4       org.jetbrains.kotlin.metadata.ProtoBuf$Type::<init> (875 bytes)


---------------  P R O C E S S  ---------------

Java Threads: ( => current thread )
  0x0000000019fb1800 JavaThread "Service Thread" daemon [_thread_blocked, id=7664, stack(0x000000001ab60000,0x000000001ac60000)]
  0x000000001807b000 JavaThread "C1 CompilerThread3" daemon [_thread_blocked, id=7224, stack(0x000000001aa60000,0x000000001ab60000)]
=>0x0000000019f73000 JavaThread "C2 CompilerThread2" daemon [_thread_in_native, id=9524, stack(0x000000001a960000,0x000000001aa60000)]
  0x0000000019f6e800 JavaThread "C2 CompilerThread1" daemon [_thread_in_native, id=14652, stack(0x000000001a860000,0x000000001a960000)]
  0x0000000019f7d800 JavaThread "C2 CompilerThread0" daemon [_thread_in_native, id=7716, stack(0x000000001a760000,0x000000001a860000)]
  0x0000000019f7c800 JavaThread "Attach Listener" daemon [_thread_blocked, id=6248, stack(0x000000001a660000,0x000000001a760000)]
  0x0000000019f7b800 JavaThread "Signal Dispatcher" daemon [_thread_blocked, id=14516, stack(0x000000001a560000,0x000000001a660000)]
  0x0000000018071000 JavaThread "Finalizer" daemon [_thread_blocked, id=12772, stack(0x000000001a340000,0x000000001a440000)]
  0x0000000003159000 JavaThread "Reference Handler" daemon [_thread_blocked, id=8808, stack(0x0000000019e40000,0x0000000019f40000)]
  0x0000000003064000 JavaThread "main" [_thread_in_vm, id=9472, stack(0x0000000002f00000,0x0000000003000000)]

Other Threads:
  0x0000000018067000 VMThread [stack: 0x0000000019d40000,0x0000000019e40000] [id=4528]
  0x0000000019fb2800 WatcherThread [stack: 0x000000001ac60000,0x000000001ad60000] [id=8740]

VM state:not at safepoint (normal execution)

VM Mutex/Monitor currently owned by a thread: None

Heap:
 PSYoungGen      total 53248K, used 33382K [0x00000000d6180000, 0x00000000dab80000, 0x0000000100000000)
  eden space 48128K, 58% used [0x00000000d6180000,0x00000000d7d1faa0,0x00000000d9080000)
  from space 5120K, 99% used [0x00000000da180000,0x00000000da679fd8,0x00000000da680000)
  to   space 5120K, 0% used [0x00000000da680000,0x00000000da680000,0x00000000dab80000)
 ParOldGen       total 64512K, used 23432K [0x0000000082400000, 0x0000000086300000, 0x00000000d6180000)
  object space 64512K, 36% used [0x0000000082400000,0x0000000083ae20f0,0x0000000086300000)
 Metaspace       used 33468K, capacity 33994K, committed 34352K, reserved 1081344K
  class space    used 4209K, capacity 4367K, committed 4400K, reserved 1048576K

Card table byte_map: [0x0000000012520000,0x0000000012910000] byte_map_base: 0x000000001210e000

Marking Bits: (ParMarkBitMap*) 0x0000000055bd5aa0
 Begin Bits: [0x00000000133b0000, 0x0000000015320000)
 End Bits:   [0x0000000015320000, 0x0000000017290000)

Polling page: 0x00000000016d0000

CodeCache: size=245760Kb used=9126Kb max_used=9126Kb free=236633Kb
 bounds [0x0000000003160000, 0x0000000003a60000, 0x0000000012160000]
 total_blobs=3257 nmethods=2833 adapters=336
 compilation: enabled

Compilation events (10 events):
Event: 2.283 Thread 0x0000000019f7d800 nmethod 2768 0x00000000038d63d0 code [0x00000000038d6500, 0x00000000038d6578]
Event: 2.283 Thread 0x0000000019f7d800 2769       4       java.util.Collections$EmptyMap::entrySet (4 bytes)
Event: 2.283 Thread 0x0000000019f7d800 nmethod 2769 0x00000000038d8090 code [0x00000000038d81c0, 0x00000000038d8238]
Event: 2.283 Thread 0x0000000019f7d800 2770       4       org.jetbrains.kotlin.protobuf.SmallSortedMap$EntryIterator::hasNext (39 bytes)
Event: 2.285 Thread 0x0000000019f7d800 nmethod 2770 0x0000000003a33c90 code [0x0000000003a33e00, 0x0000000003a33f78]
Event: 2.285 Thread 0x0000000019f7d800 2794       4       org.jetbrains.kotlin.protobuf.CodedOutputStream::writeMessageNoTag (18 bytes)
Event: 2.286 Thread 0x0000000019f6e800 nmethod 2755 0x0000000003a33350 code [0x0000000003a334a0, 0x0000000003a337f8]
Event: 2.286 Thread 0x0000000019f6e800 2772       4       org.jetbrains.kotlin.protobuf.GeneratedMessageLite$ExtendableMessage$ExtensionWriter::<init> (57 bytes)
Event: 2.287 Thread 0x0000000019f7d800 nmethod 2794 0x0000000003a39610 code [0x0000000003a39760, 0x0000000003a399b8]
Event: 2.287 Thread 0x0000000019f7d800 2773       4       org.jetbrains.kotlin.protobuf.FieldSet::iterator (40 bytes)

GC Heap History (10 events):
Event: 0.958 GC heap before
{Heap before GC invocations=2 (full 0):
 PSYoungGen      total 37888K, used 37863K [0x00000000d6180000, 0x00000000d8b80000, 0x0000000100000000)
  eden space 32768K, 100% used [0x00000000d6180000,0x00000000d8180000,0x00000000d8180000)
  from space 5120K, 99% used [0x00000000d8180000,0x00000000d8679eb0,0x00000000d8680000)
  to   space 5120K, 0% used [0x00000000d8680000,0x00000000d8680000,0x00000000d8b80000)
 ParOldGen       total 86016K, used 2971K [0x0000000082400000, 0x0000000087800000, 0x00000000d6180000)
  object space 86016K, 3% used [0x0000000082400000,0x00000000826e6fe8,0x0000000087800000)
 Metaspace       used 17126K, capacity 17402K, committed 17792K, reserved 1064960K
  class space    used 2049K, capacity 2125K, committed 2176K, reserved 1048576K
Event: 0.965 GC heap after
Heap after GC invocations=2 (full 0):
 PSYoungGen      total 37888K, used 5104K [0x00000000d6180000, 0x00000000dab80000, 0x0000000100000000)
  eden space 32768K, 0% used [0x00000000d6180000,0x00000000d6180000,0x00000000d8180000)
  from space 5120K, 99% used [0x00000000d8680000,0x00000000d8b7c030,0x00000000d8b80000)
  to   space 5120K, 0% used [0x00000000d8180000,0x00000000d8180000,0x00000000d8680000)
 ParOldGen       total 86016K, used 8106K [0x0000000082400000, 0x0000000087800000, 0x00000000d6180000)
  object space 86016K, 9% used [0x0000000082400000,0x0000000082bea9d0,0x0000000087800000)
 Metaspace       used 17126K, capacity 17402K, committed 17792K, reserved 1064960K
  class space    used 2049K, capacity 2125K, committed 2176K, reserved 1048576K
}
Event: 1.143 GC heap before
{Heap before GC invocations=3 (full 0):
 PSYoungGen      total 37888K, used 20286K [0x00000000d6180000, 0x00000000dab80000, 0x0000000100000000)
  eden space 32768K, 46% used [0x00000000d6180000,0x00000000d70538b8,0x00000000d8180000)
  from space 5120K, 99% used [0x00000000d8680000,0x00000000d8b7c030,0x00000000d8b80000)
  to   space 5120K, 0% used [0x00000000d8180000,0x00000000d8180000,0x00000000d8680000)
 ParOldGen       total 86016K, used 8106K [0x0000000082400000, 0x0000000087800000, 0x00000000d6180000)
  object space 86016K, 9% used [0x0000000082400000,0x0000000082bea9d0,0x0000000087800000)
 Metaspace       used 20759K, capacity 21124K, committed 21296K, reserved 1067008K
  class space    used 2662K, capacity 2818K, committed 2864K, reserved 1048576K
Event: 1.148 GC heap after
Heap after GC invocations=3 (full 0):
 PSYoungGen      total 37888K, used 5092K [0x00000000d6180000, 0x00000000dab80000, 0x0000000100000000)
  eden space 32768K, 0% used [0x00000000d6180000,0x00000000d6180000,0x00000000d8180000)
  from space 5120K, 99% used [0x00000000d8180000,0x00000000d8679020,0x00000000d8680000)
  to   space 5120K, 0% used [0x00000000da680000,0x00000000da680000,0x00000000dab80000)
 ParOldGen       total 86016K, used 11665K [0x0000000082400000, 0x0000000087800000, 0x00000000d6180000)
  object space 86016K, 13% used [0x0000000082400000,0x0000000082f64488,0x0000000087800000)
 Metaspace       used 20759K, capacity 21124K, committed 21296K, reserved 1067008K
  class space    used 2662K, capacity 2818K, committed 2864K, reserved 1048576K
}
Event: 1.148 GC heap before
{Heap before GC invocations=4 (full 1):
 PSYoungGen      total 37888K, used 5092K [0x00000000d6180000, 0x00000000dab80000, 0x0000000100000000)
  eden space 32768K, 0% used [0x00000000d6180000,0x00000000d6180000,0x00000000d8180000)
  from space 5120K, 99% used [0x00000000d8180000,0x00000000d8679020,0x00000000d8680000)
  to   space 5120K, 0% used [0x00000000da680000,0x00000000da680000,0x00000000dab80000)
 ParOldGen       total 86016K, used 11665K [0x0000000082400000, 0x0000000087800000, 0x00000000d6180000)
  object space 86016K, 13% used [0x0000000082400000,0x0000000082f64488,0x0000000087800000)
 Metaspace       used 20759K, capacity 21124K, committed 21296K, reserved 1067008K
  class space    used 2662K, capacity 2818K, committed 2864K, reserved 1048576K
Event: 1.172 GC heap after
Heap after GC invocations=4 (full 1):
 PSYoungGen      total 37888K, used 0K [0x00000000d6180000, 0x00000000dab80000, 0x0000000100000000)
  eden space 32768K, 0% used [0x00000000d6180000,0x00000000d6180000,0x00000000d8180000)
  from space 5120K, 0% used [0x00000000d8180000,0x00000000d8180000,0x00000000d8680000)
  to   space 5120K, 0% used [0x00000000da680000,0x00000000da680000,0x00000000dab80000)
 ParOldGen       total 64512K, used 8665K [0x0000000082400000, 0x0000000086300000, 0x00000000d6180000)
  object space 64512K, 13% used [0x0000000082400000,0x0000000082c76438,0x0000000086300000)
 Metaspace       used 20759K, capacity 21124K, committed 21296K, reserved 1067008K
  class space    used 2662K, capacity 2818K, committed 2864K, reserved 1048576K
}
Event: 1.525 GC heap before
{Heap before GC invocations=5 (full 1):
 PSYoungGen      total 37888K, used 32768K [0x00000000d6180000, 0x00000000dab80000, 0x0000000100000000)
  eden space 32768K, 100% used [0x00000000d6180000,0x00000000d8180000,0x00000000d8180000)
  from space 5120K, 0% used [0x00000000d8180000,0x00000000d8180000,0x00000000d8680000)
  to   space 5120K, 0% used [0x00000000da680000,0x00000000da680000,0x00000000dab80000)
 ParOldGen       total 64512K, used 8665K [0x0000000082400000, 0x0000000086300000, 0x00000000d6180000)
  object space 64512K, 13% used [0x0000000082400000,0x0000000082c76438,0x0000000086300000)
 Metaspace       used 24461K, capacity 24892K, committed 25392K, reserved 1071104K
  class space    used 3120K, capacity 3250K, committed 3376K, reserved 1048576K
Event: 1.530 GC heap after
Heap after GC invocations=5 (full 1):
 PSYoungGen      total 53248K, used 5098K [0x00000000d6180000, 0x00000000dab80000, 0x0000000100000000)
  eden space 48128K, 0% used [0x00000000d6180000,0x00000000d6180000,0x00000000d9080000)
  from space 5120K, 99% used [0x00000000da680000,0x00000000dab7aab0,0x00000000dab80000)
  to   space 5120K, 0% used [0x00000000da180000,0x00000000da180000,0x00000000da680000)
 ParOldGen       total 64512K, used 11420K [0x0000000082400000, 0x0000000086300000, 0x00000000d6180000)
  object space 64512K, 17% used [0x0000000082400000,0x0000000082f27330,0x0000000086300000)
 Metaspace       used 24461K, capacity 24892K, committed 25392K, reserved 1071104K
  class space    used 3120K, capacity 3250K, committed 3376K, reserved 1048576K
}
Event: 2.123 GC heap before
{Heap before GC invocations=6 (full 1):
 PSYoungGen      total 53248K, used 53226K [0x00000000d6180000, 0x00000000dab80000, 0x0000000100000000)
  eden space 48128K, 100% used [0x00000000d6180000,0x00000000d9080000,0x00000000d9080000)
  from space 5120K, 99% used [0x00000000da680000,0x00000000dab7aab0,0x00000000dab80000)
  to   space 5120K, 0% used [0x00000000da180000,0x00000000da180000,0x00000000da680000)
 ParOldGen       total 64512K, used 11420K [0x0000000082400000, 0x0000000086300000, 0x00000000d6180000)
  object space 64512K, 17% used [0x0000000082400000,0x0000000082f27330,0x0000000086300000)
 Metaspace       used 32655K, capacity 33162K, committed 33584K, reserved 1079296K
  class space    used 4141K, capacity 4303K, committed 4400K, reserved 1048576K
Event: 2.133 GC heap after
Heap after GC invocations=6 (full 1):
 PSYoungGen      total 53248K, used 5095K [0x00000000d6180000, 0x00000000dab80000, 0x0000000100000000)
  eden space 48128K, 0% used [0x00000000d6180000,0x00000000d6180000,0x00000000d9080000)
  from space 5120K, 99% used [0x00000000da180000,0x00000000da679fd8,0x00000000da680000)
  to   space 5120K, 0% used [0x00000000da680000,0x00000000da680000,0x00000000dab80000)
 ParOldGen       total 64512K, used 23432K [0x0000000082400000, 0x0000000086300000, 0x00000000d6180000)
  object space 64512K, 36% used [0x0000000082400000,0x0000000083ae20f0,0x0000000086300000)
 Metaspace       used 32655K, capacity 33162K, committed 33584K, reserved 1079296K
  class space    used 4141K, capacity 4303K, committed 4400K, reserved 1048576K
}

Deoptimization events (10 events):
Event: 2.163 Thread 0x0000000003064000 Uncommon trap: reason=bimorphic action=maybe_recompile pc=0x00000000036d4638 method=org.jetbrains.kotlin.protobuf.CodedInputStream.tryRefillBuffer(I)Z @ 177
Event: 2.164 Thread 0x0000000003064000 Uncommon trap: reason=bimorphic action=maybe_recompile pc=0x00000000036d4638 method=org.jetbrains.kotlin.protobuf.CodedInputStream.tryRefillBuffer(I)Z @ 177
Event: 2.166 Thread 0x0000000003064000 Uncommon trap: reason=bimorphic action=maybe_recompile pc=0x00000000036d4638 method=org.jetbrains.kotlin.protobuf.CodedInputStream.tryRefillBuffer(I)Z @ 177
Event: 2.170 Thread 0x0000000003064000 Uncommon trap: reason=unstable_if action=reinterpret pc=0x0000000003902a60 method=org.jetbrains.org.objectweb.asm.ClassReader.readUTF(II[C)Ljava/lang/String; @ 77
Event: 2.172 Thread 0x0000000003064000 Uncommon trap: reason=unstable_if action=reinterpret pc=0x00000000038b2efc method=org.jetbrains.org.objectweb.asm.ClassReader.readUTF(II[C)Ljava/lang/String; @ 77
Event: 2.211 Thread 0x0000000003064000 Uncommon trap: reason=range_check action=make_not_entrant pc=0x00000000039038ec method=org.jetbrains.org.objectweb.asm.Type.getType([CI)Lorg/jetbrains/org/objectweb/asm/Type; @ 162
Event: 2.216 Thread 0x0000000003064000 Uncommon trap: reason=class_check action=maybe_recompile pc=0x0000000003978ce0 method=org.jetbrains.kotlin.load.java.structure.impl.classFiles.BinaryClassSignatureParser.parseParameterizedClassRefSignature(Ljava/text/CharacterIterator;Lorg/jetbrains/kotli
Event: 2.216 Thread 0x0000000003064000 Uncommon trap: reason=class_check action=maybe_recompile pc=0x0000000003978ce0 method=org.jetbrains.kotlin.load.java.structure.impl.classFiles.BinaryClassSignatureParser.parseParameterizedClassRefSignature(Ljava/text/CharacterIterator;Lorg/jetbrains/kotli
Event: 2.218 Thread 0x0000000003064000 Uncommon trap: reason=class_check action=maybe_recompile pc=0x0000000003978ce0 method=org.jetbrains.kotlin.load.java.structure.impl.classFiles.BinaryClassSignatureParser.parseParameterizedClassRefSignature(Ljava/text/CharacterIterator;Lorg/jetbrains/kotli
Event: 2.218 Thread 0x0000000003064000 Uncommon trap: reason=class_check action=maybe_recompile pc=0x0000000003978ce0 method=org.jetbrains.kotlin.load.java.structure.impl.classFiles.BinaryClassSignatureParser.parseParameterizedClassRefSignature(Ljava/text/CharacterIterator;Lorg/jetbrains/kotli

Classes redefined (0 events):
No events

Internal exceptions (10 events):
Event: 0.753 Thread 0x0000000003064000 Implicit null exception at 0x00000000034f64fb to 0x00000000034f6b39
Event: 0.829 Thread 0x0000000003064000 Implicit null exception at 0x00000000034c2b2f to 0x00000000034c2b99
Event: 0.871 Thread 0x0000000003064000 Exception <a 'java/lang/NoSuchMethodError': java.lang.Object.lambda$comparing$77a9974f$1(Ljava/util/function/Function;Ljava/lang/Object;Ljava/lang/Object;)I> (0x00000000d7ad5638) thrown at [D:\src\AOSP-openjdk-cygwin\jdk8u\hotspot\src\share\vm\interpreter
Event: 0.943 Thread 0x0000000003064000 Exception <a 'java/lang/ArrayIndexOutOfBoundsException': 67> (0x00000000d8003450) thrown at [D:\src\AOSP-openjdk-cygwin\jdk8u\hotspot\src\share\vm\interpreter\interpreterRuntime.cpp, line 366]
Event: 1.054 Thread 0x0000000003064000 Exception <a 'java/lang/NoSuchMethodError': java.lang.Object.lambda$static$0(I)[Lorg/jetbrains/kotlin/com/intellij/openapi/editor/event/DocumentListener;> (0x00000000d6870940) thrown at [D:\src\AOSP-openjdk-cygwin\jdk8u\hotspot\src\share\vm\interpreter\li
Event: 1.071 Thread 0x0000000003064000 Exception <a 'java/lang/NoSuchMethodError': java.lang.Object.lambda$static$0(I)[Lorg/jetbrains/kotlin/com/intellij/psi/PsiAnnotation;> (0x00000000d6a37ef0) thrown at [D:\src\AOSP-openjdk-cygwin\jdk8u\hotspot\src\share\vm\interpreter\linkResolver.cpp, line
Event: 1.973 Thread 0x0000000003064000 Exception <a 'java/lang/NoSuchMethodError': java.lang.Object.lambda$static$0(I)[Lorg/jetbrains/kotlin/psi/KtExpression;> (0x00000000d8513270) thrown at [D:\src\AOSP-openjdk-cygwin\jdk8u\hotspot\src\share\vm\interpreter\linkResolver.cpp, line 584]
Event: 2.008 Thread 0x0000000003064000 Exception <a 'java/lang/NoSuchMethodError': java.lang.Object.lambda$static$0(I)[Lorg/jetbrains/kotlin/psi/KtDeclaration;> (0x00000000d87c0d98) thrown at [D:\src\AOSP-openjdk-cygwin\jdk8u\hotspot\src\share\vm\interpreter\linkResolver.cpp, line 584]
Event: 2.015 Thread 0x0000000003064000 Exception <a 'java/lang/NoSuchMethodError': java.lang.Object.lambda$static$0(I)[Lorg/jetbrains/kotlin/com/intellij/psi/PsiElement;> (0x00000000d882ad60) thrown at [D:\src\AOSP-openjdk-cygwin\jdk8u\hotspot\src\share\vm\interpreter\linkResolver.cpp, line 58
Event: 2.029 Thread 0x0000000003064000 Exception <a 'java/lang/NoSuchMethodError': java.lang.Object.lambda$static$0(I)[Lorg/jetbrains/kotlin/psi/KtTypeElement;> (0x00000000d88fccd8) thrown at [D:\src\AOSP-openjdk-cygwin\jdk8u\hotspot\src\share\vm\interpreter\linkResolver.cpp, line 584]

Events (10 events):
Event: 2.286 loading class org/jetbrains/kotlin/resolve/scopes/receivers/ImplicitClassReceiver
Event: 2.286 loading class org/jetbrains/kotlin/resolve/scopes/receivers/ImplicitClassReceiver done
Event: 2.287 loading class org/jetbrains/kotlin/resolve/scopes/receivers/ImplicitReceiver
Event: 2.287 loading class org/jetbrains/kotlin/resolve/scopes/receivers/ImplicitReceiver done
Event: 2.287 loading class org/jetbrains/kotlin/resolve/scopes/receivers/ThisClassReceiver
Event: 2.287 loading class org/jetbrains/kotlin/resolve/scopes/receivers/ThisClassReceiver done
Event: 2.287 loading class org/jetbrains/kotlin/resolve/scopes/LexicalScopeImpl$1
Event: 2.287 loading class org/jetbrains/kotlin/resolve/scopes/LexicalScopeImpl$1 done
Event: 2.288 loading class org/jetbrains/kotlin/resolve/FunctionDescriptorResolver$resolveFunctionDescriptor$1
Event: 2.288 loading class org/jetbrains/kotlin/resolve/FunctionDescriptorResolver$resolveFunctionDescriptor$1 done


Dynamic libraries:
0x00007ff79fd90000 - 0x00007ff79fdc1000 	C:\Program Files\Android\Android Studio\jre\jre\bin\java.exe
0x00007ff804970000 - 0x00007ff804b51000 	C:\Windows\SYSTEM32\ntdll.dll
0x00007ff802d40000 - 0x00007ff802df2000 	C:\Windows\System32\KERNEL32.DLL
0x00007ff801b80000 - 0x00007ff801df3000 	C:\Windows\System32\KERNELBASE.dll
0x00007ff802200000 - 0x00007ff8022a1000 	C:\Windows\System32\ADVAPI32.dll
0x00007ff804660000 - 0x00007ff8046fe000 	C:\Windows\System32\msvcrt.dll
0x00007ff8044d0000 - 0x00007ff80452b000 	C:\Windows\System32\sechost.dll
0x00007ff804530000 - 0x00007ff804654000 	C:\Windows\System32\RPCRT4.dll
0x00007ff802ec0000 - 0x00007ff803050000 	C:\Windows\System32\USER32.dll
0x00007ff801ac0000 - 0x00007ff801ae0000 	C:\Windows\System32\win32u.dll
0x00007ff8029b0000 - 0x00007ff8029d8000 	C:\Windows\System32\GDI32.dll
0x00007ff801920000 - 0x00007ff801ab2000 	C:\Windows\System32\gdi32full.dll
0x00007ff801ae0000 - 0x00007ff801b7f000 	C:\Windows\System32\msvcp_win.dll
0x00007ff801820000 - 0x00007ff80191a000 	C:\Windows\System32\ucrtbase.dll
0x00007ffff1780000 - 0x00007ffff19e9000 	C:\Windows\WinSxS\amd64_microsoft.windows.common-controls_6595b64144ccf1df_6.0.17134.407_none_fb449d63306391e9\COMCTL32.dll
0x00007ff801e00000 - 0x00007ff802122000 	C:\Windows\System32\combase.dll
0x00007ff800f30000 - 0x00007ff800faa000 	C:\Windows\System32\bcryptPrimitives.dll
0x00007ff8044a0000 - 0x00007ff8044cd000 	C:\Windows\System32\IMM32.DLL
0x0000000055250000 - 0x0000000055322000 	C:\Program Files\Android\Android Studio\jre\jre\bin\msvcr100.dll
0x0000000055410000 - 0x0000000055c51000 	C:\Program Files\Android\Android Studio\jre\jre\bin\server\jvm.dll
0x00007ff803050000 - 0x00007ff803058000 	C:\Windows\System32\PSAPI.DLL
0x00007fffebee0000 - 0x00007fffebee9000 	C:\Windows\SYSTEM32\WSOCK32.dll
0x00007ffffdef0000 - 0x00007ffffdf13000 	C:\Windows\SYSTEM32\WINMM.dll
0x00007fffec9f0000 - 0x00007fffec9fa000 	C:\Windows\SYSTEM32\VERSION.dll
0x00007ff8028c0000 - 0x00007ff80292c000 	C:\Windows\System32\WS2_32.dll
0x00007ffffd400000 - 0x00007ffffd42a000 	C:\Windows\SYSTEM32\winmmbase.dll
0x00007ff801060000 - 0x00007ff8010a9000 	C:\Windows\System32\cfgmgr32.dll
0x00007fffface0000 - 0x00007ffffacef000 	C:\Program Files\Android\Android Studio\jre\jre\bin\verify.dll
0x00007ffffa480000 - 0x00007ffffa4a9000 	C:\Program Files\Android\Android Studio\jre\jre\bin\java.dll
0x00007ffffab00000 - 0x00007ffffab16000 	C:\Program Files\Android\Android Studio\jre\jre\bin\zip.dll
0x00007ff803060000 - 0x00007ff80449f000 	C:\Windows\System32\SHELL32.dll
0x00007ff802150000 - 0x00007ff8021f9000 	C:\Windows\System32\shcore.dll
0x00007ff8010b0000 - 0x00007ff8017bd000 	C:\Windows\System32\windows.storage.dll
0x00007ff802410000 - 0x00007ff802461000 	C:\Windows\System32\shlwapi.dll
0x00007ff800c90000 - 0x00007ff800ca1000 	C:\Windows\System32\kernel.appcore.dll
0x00007ff800cd0000 - 0x00007ff800cef000 	C:\Windows\System32\profapi.dll
0x00007ff800cf0000 - 0x00007ff800d3c000 	C:\Windows\System32\powrprof.dll
0x00007ff800c80000 - 0x00007ff800c8a000 	C:\Windows\System32\FLTLIB.DLL
0x00007ffffaa90000 - 0x00007ffffaaaa000 	C:\Program Files\Android\Android Studio\jre\jre\bin\net.dll
0x00007ff800500000 - 0x00007ff800566000 	C:\Windows\system32\mswsock.dll
0x00007ffffaa50000 - 0x00007ffffaa61000 	C:\Program Files\Android\Android Studio\jre\jre\bin\nio.dll

VM Arguments:
java_command: org.jetbrains.kotlin.cli.jvm.K2JVMCompiler -Xadd-compiler-builtins -Xbuild-file=C:\Users\verdy\AppData\Local\Temp\kjps5552913623179596802app_debug.script.xml -classpath C:\Users\verdy\.gradle\caches\modules-2\files-2.1\org.jetbrains.kotlin\kotlin-stdlib-jdk7\1.3.10\4d147bf43060dc43d61b096e24da1e67dfe0c032\kotlin-stdlib-jdk7-1.3.10.jar;C:\Users\verdy\.gradle\caches\transforms-1\files-1.1\appcompat-v7-28.0.0.aar\ff8836eabf25e7f4411962e4a08a1830\jars\classes.jar;C:\Users\verdy\.gradle\caches\transforms-1\files-1.1\constraint-layout-1.1.3.aar\8ce3351759269ee718ef7f9f41ad7d28\jars\classes.jar;C:\Users\verdy\.gradle\caches\modules-2\files-2.1\org.jetbrains.kotlin\kotlin-stdlib\1.3.10\b178c1501609c6e4ee8be635513cb023a466457d\kotlin-stdlib-1.3.10.jar;C:\Users\verdy\.gradle\caches\transforms-1\files-1.1\support-fragment-28.0.0.aar\e8668f5217a05eccbae3cc44a3f9165a\jars\classes.jar;C:\Users\verdy\.gradle\caches\transforms-1\files-1.1\animated-vector-drawable-28.0.0.aar\3d17bd0b321a62d649c5d79c75e3e79d\jars\classes.jar;C:\Users\verdy\.gradle\caches\transforms-1\files-1.1\support-core-ui-28.0.0.aar\de367fa963bf3be698fc3779b23e7bd9\jars\classes.jar;C:\Users\verdy\.gradle\caches\transforms-1\files-1.1\support-core-utils-28.0.0.aar\8d03c9acf9d872140f324d538851a184\jars\classes.jar;C:\Users\verdy\.gradle\caches\transforms-1\files-1.1\support-vector-drawable-28.0.0.aar\18d0863dd84837a4903ed6f64e2eef11\jars\classes.jar;C:\Users\verdy\.gradle\caches\transforms-1\files-1.1\loader-28.0.0.aar\9a0775ddef4a7a4e183550e974f0dff1\jars\classes.jar;C:\Users\verdy\.gradle\caches\transforms-1\files-1.1\viewpager-28.0.0.aar\98134bdf988084ef7b7053745ed40985\jars\classes.jar;C:\Users\verdy\.gradle\caches\transforms-1\files-1.1\coordinatorlayout-28.0.0.aar\47b157d5b63beccc5a0b04f714faf0bf\jars\classes.jar;C:\Users\verdy\.gradle\caches\transforms-1\files-1.1\drawerlayout-28.0.0.aar\a3e7db45fddaae98cf282c44d16f4bb3\jars\classes.jar;C:\Users\verdy\.gradle\caches\transforms-1\files-1.1\sli
java_class_path (initial): C:\Users\verdy\.gradle\caches\modules-2\files-2.1\org.jetbrains.kotlin\kotlin-compiler-embeddable\1.3.10\adc9e577de39fba3db6d60662892118afedd713\kotlin-compiler-embeddable-1.3.10.jar;C:\Users\verdy\.gradle\caches\modules-2\files-2.1\org.jetbrains.kotlin\kotlin-reflect\1.3.10\dd02865be0351707554b16a896b766b2396cdafa\kotlin-reflect-1.3.10.jar;C:\Users\verdy\.gradle\caches\modules-2\files-2.1\org.jetbrains.kotlin\kotlin-stdlib\1.3.10\b178c1501609c6e4ee8be635513cb023a466457d\kotlin-stdlib-1.3.10.jar;C:\Users\verdy\.gradle\caches\modules-2\files-2.1\org.jetbrains.kotlin\kotlin-script-runtime\1.3.10\1d2bac36f99b84e1493244f12629bc0756a3ff90\kotlin-script-runtime-1.3.10.jar;C:\Users\verdy\.gradle\caches\modules-2\files-2.1\org.jetbrains.kotlin\kotlin-stdlib-common\1.3.10\1b19d99229dcedad7caf50534dce38fe82845269\kotlin-stdlib-common-1.3.10.jar;C:\Users\verdy\.gradle\caches\modules-2\files-2.1\org.jetbrains\annotations\13.0\919f0dfe192fb4e063e7dacadee7f8bb9a2672a9\annotations-13.0.jar;C:\Program Files\Android\Android Studio\jre\lib\tools.jar
Launcher Type: SUN_STANDARD

Environment Variables:
PATH=C:\Program Files (x86)\Intel\Intel(R) Management Engine Components\iCLS\;C:\Program Files\Intel\Intel(R) Management Engine Components\iCLS\;C:\Windows\system32;C:\Windows;C:\Windows\System32\Wbem;C:\Windows\System32\WindowsPowerShell\v1.0\;C:\Windows\System32\OpenSSH\;C:\Program Files (x86)\Intel\Intel(R) Management Engine Components\DAL;C:\Program Files\Intel\Intel(R) Management Engine Components\DAL;C:\Program Files (x86)\Intel\Intel(R) Management Engine Components\IPT;C:\Program Files\Intel\Intel(R) Management Engine Components\IPT;C:\Program Files\nodejs\;C:\Program Files\Intel\WiFi\bin\;C:\Program Files\Common Files\Intel\WirelessCommon\;C:\Program Files (x86)\GitExtensions\;C:\Program Files\Git\cmd;C:\Users\verdy\AppData\Local\Microsoft\WindowsApps;;C:\Users\verdy\AppData\Local\Programs\Microsoft VS Code\bin;C:\Users\verdy\AppData\Roaming\npm
USERNAME=verdy
OS=Windows_NT
PROCESSOR_IDENTIFIER=Intel64 Family 6 Model 142 Stepping 10, GenuineIntel



---------------  S Y S T E M  ---------------

OS: Windows 10.0 , 64 bit Build 17134 (10.0.17134.1)

CPU:total 8 (initial active 8) (4 cores per cpu, 2 threads per core) family 6 model 142 stepping 10, cmov, cx8, fxsr, mmx, sse, sse2, sse3, ssse3, sse4.1, sse4.2, popcnt, avx, avx2, aes, clmul, erms, 3dnowpref, lzcnt, ht, tsc, tscinvbit, bmi1, bmi2, adx

Memory: 4k page, physical 8238236k(1003072k free), swap 10491036k(4528k free)

vm_info: OpenJDK 64-Bit Server VM (25.152-b06) for windows-amd64 JRE (1.8.0_152-release-1136-b06), built by "builder" with MS VC++ 10.0 (VS2010)

time: Sat Nov 24 22:39:41 2018
elapsed time: 2 seconds (0d 0h 0m 2s)

