#
# There is insufficient memory for the Java Runtime Environment to continue.
# Native memory allocation (malloc) failed to allocate 166096 bytes for Chunk::new
# Possible reasons:
#   The system is out of physical RAM or swap space
#   In 32 bit mode, the process size limit was hit
# Possible solutions:
#   Reduce memory load on the system
#   Increase physical memory or swap space
#   Check if swap backing store is full
#   Use 64 bit Java on a 64 bit OS
#   Decrease Java heap size (-Xmx/-Xms)
#   Decrease number of Java threads
#   Decrease Java thread stack sizes (-Xss)
#   Set larger code cache with -XX:ReservedCodeCacheSize=
# This output file may be truncated or incomplete.
#
#  Out of Memory Error (allocation.cpp:390), pid=6300, tid=0x0000000000000790
#
# JRE version: OpenJDK Runtime Environment (8.0_152-b06) (build 1.8.0_152-release-1136-b06)
# Java VM: OpenJDK 64-Bit Server VM (25.152-b06 mixed mode windows-amd64 compressed oops)
# Failed to write core dump. Minidumps are not enabled by default on client versions of Windows
#

---------------  T H R E A D  ---------------

Current thread (0x0000000018a4a800):  JavaThread "C2 CompilerThread0" daemon [_thread_in_native, id=1936, stack(0x0000000019240000,0x0000000019340000)]

Stack: [0x0000000019240000,0x0000000019340000]
[error occurred during error reporting (printing stack bounds), id 0xc0000005]

Native frames: (J=compiled Java code, j=interpreted, Vv=VM code, C=native code)


Current CompileTask:
C2: 178962 12431       4       com.android.tools.r8.dex.DexParser::parseCodeItem (484 bytes)


---------------  P R O C E S S  ---------------

Java Threads: ( => current thread )
  0x000000001eb47000 JavaThread "ForkJoinPool-8-worker-0" daemon [_thread_blocked, id=6800, stack(0x000000002b9d0000,0x000000002bad0000)]
  0x000000001eb4c000 JavaThread "ForkJoinPool-8-worker-7" daemon [_thread_blocked, id=8400, stack(0x000000002b8d0000,0x000000002b9d0000)]
  0x000000001eb44000 JavaThread "ForkJoinPool-8-worker-6" daemon [_thread_blocked, id=8280, stack(0x000000002b7d0000,0x000000002b8d0000)]
  0x000000001eb44800 JavaThread "ForkJoinPool-8-worker-5" daemon [_thread_blocked, id=14724, stack(0x000000002b6d0000,0x000000002b7d0000)]
  0x000000001eb45800 JavaThread "ForkJoinPool-8-worker-4" daemon [_thread_blocked, id=13688, stack(0x000000002b5d0000,0x000000002b6d0000)]
  0x000000001eb4a800 JavaThread "ForkJoinPool-8-worker-3" daemon [_thread_blocked, id=16012, stack(0x000000002b4d0000,0x000000002b5d0000)]
  0x000000001eb4a000 JavaThread "ForkJoinPool-8-worker-2" daemon [_thread_blocked, id=15344, stack(0x000000002b3d0000,0x000000002b4d0000)]
  0x000000001eb43000 JavaThread "ForkJoinPool-8-worker-1" daemon [_thread_in_Java, id=3948, stack(0x000000002acb0000,0x000000002adb0000)]
  0x000000001eb42800 JavaThread "ForkJoinPool.commonPool-worker-0" daemon [_thread_blocked, id=3148, stack(0x000000002abb0000,0x000000002acb0000)]
  0x000000001eb48800 JavaThread "ForkJoinPool.commonPool-worker-6" daemon [_thread_blocked, id=15820, stack(0x000000002a9b0000,0x000000002aab0000)]
  0x000000001eb47800 JavaThread "ForkJoinPool.commonPool-worker-5" daemon [_thread_blocked, id=8244, stack(0x000000002a8b0000,0x000000002a9b0000)]
  0x000000001f21a000 JavaThread "ForkJoinPool.commonPool-worker-4" daemon [_thread_blocked, id=3276, stack(0x000000002a7b0000,0x000000002a8b0000)]
  0x000000001f219000 JavaThread "ForkJoinPool.commonPool-worker-3" daemon [_thread_blocked, id=14868, stack(0x000000002a6b0000,0x000000002a7b0000)]
  0x000000001f217800 JavaThread "ForkJoinPool.commonPool-worker-2" daemon [_thread_blocked, id=3340, stack(0x000000002a5b0000,0x000000002a6b0000)]
  0x000000001f217000 JavaThread "RMI TCP Connection(1)-127.0.0.1" daemon [_thread_in_native, id=14852, stack(0x000000002a4b0000,0x000000002a5b0000)]
  0x000000001f216000 JavaThread "RMI Reaper" [_thread_blocked, id=14840, stack(0x000000002a3b0000,0x000000002a4b0000)]
  0x000000001f215800 JavaThread "RMI TCP Accept-0" daemon [_thread_in_native, id=11000, stack(0x000000002a2b0000,0x000000002a3b0000)]
  0x000000001f21a800 JavaThread "GC Daemon" daemon [_thread_blocked, id=12844, stack(0x000000002a1b0000,0x000000002a2b0000)]
  0x000000001f21c000 JavaThread "RMI RenewClean-[127.0.0.1:17187,org.jetbrains.kotlin.daemon.common.LoopbackNetworkInterface$ClientLoopbackSocketFactory@b7dff68]" daemon [_thread_blocked, id=236, stack(0x000000002a0b0000,0x000000002a1b0000)]
  0x000000001f218800 JavaThread "RMI Scheduler(0)" daemon [_thread_blocked, id=7892, stack(0x0000000029fb0000,0x000000002a0b0000)]
  0x000000001d9f1000 JavaThread "stdout" [_thread_in_native, id=15500, stack(0x0000000029eb0000,0x0000000029fb0000)]
  0x000000001d9ee800 JavaThread "stderr" [_thread_in_native, id=11760, stack(0x0000000029db0000,0x0000000029eb0000)]
  0x000000001d9ee000 JavaThread "pool-6-thread-1" [_thread_blocked, id=6748, stack(0x0000000029cb0000,0x0000000029db0000)]
  0x000000001d9f3000 JavaThread "Task worker for ':' Thread 7" [_thread_blocked, id=6096, stack(0x0000000029bb0000,0x0000000029cb0000)]
  0x000000001d9e5800 JavaThread "Task worker for ':' Thread 6" [_thread_blocked, id=1452, stack(0x0000000029ab0000,0x0000000029bb0000)]
  0x000000001d9ec800 JavaThread "Task worker for ':' Thread 5" [_thread_blocked, id=13504, stack(0x00000000299b0000,0x0000000029ab0000)]
  0x000000001d9e5000 JavaThread "Task worker for ':' Thread 4" [_thread_blocked, id=15152, stack(0x00000000298b0000,0x00000000299b0000)]
  0x000000001d9ea000 JavaThread "Task worker for ':' Thread 3" [_thread_blocked, id=12704, stack(0x00000000297b0000,0x00000000298b0000)]
  0x000000001d9e9800 JavaThread "Task worker for ':' Thread 2" [_thread_blocked, id=13552, stack(0x00000000296b0000,0x00000000297b0000)]
  0x000000001d9eb800 JavaThread "Task worker for ':'" [_thread_blocked, id=9708, stack(0x00000000295b0000,0x00000000296b0000)]
  0x000000001d9e7000 JavaThread "Cache worker for Build Output Cleanup Cache (C:\Users\verdy\Documents\esiea\prog mobile\FastMessenger_Firebase_Cours3\FastMessenger_FireBase\.gradle\buildOutputCleanup)" [_thread_blocked, id=1116, stack(0x00000000294b0000,0x00000000295b0000)]
  0x000000001cda8000 JavaThread "Cache worker for task history cache (C:\Users\verdy\Documents\esiea\prog mobile\FastMessenger_Firebase_Cours3\FastMessenger_FireBase\.gradle\4.6\taskHistory)" [_thread_blocked, id=15040, stack(0x00000000293b0000,0x00000000294b0000)]
  0x000000001cda6800 JavaThread "Cache worker for file content cache (C:\Users\verdy\Documents\esiea\prog mobile\FastMessenger_Firebase_Cours3\FastMessenger_FireBase\.gradle\4.6\fileContent)" [_thread_blocked, id=14952, stack(0x00000000292b0000,0x00000000293b0000)]
  0x000000001cda7800 JavaThread "Build operations Thread 8" [_thread_blocked, id=11396, stack(0x00000000291b0000,0x00000000292b0000)]
  0x000000001cda4800 JavaThread "Build operations Thread 7" [_thread_blocked, id=14524, stack(0x00000000290b0000,0x00000000291b0000)]
  0x000000001cda9000 JavaThread "Build operations Thread 6" [_thread_blocked, id=2812, stack(0x0000000028fb0000,0x00000000290b0000)]
  0x000000001cda6000 JavaThread "Build operations Thread 5" [_thread_blocked, id=3660, stack(0x0000000028eb0000,0x0000000028fb0000)]
  0x000000001cd9d000 JavaThread "Build operations Thread 4" [_thread_blocked, id=6988, stack(0x0000000028db0000,0x0000000028eb0000)]
  0x000000001cda3000 JavaThread "Build operations Thread 3" [_thread_blocked, id=9412, stack(0x0000000028cb0000,0x0000000028db0000)]
  0x000000001cda1800 JavaThread "Build operations Thread 2" [_thread_blocked, id=14864, stack(0x0000000028bb0000,0x0000000028cb0000)]
  0x000000001cda2000 JavaThread "Build operations" [_thread_blocked, id=9308, stack(0x0000000028ab0000,0x0000000028bb0000)]
  0x000000001cd9e800 JavaThread "Cache worker for Artifact transforms cache (C:\Users\verdy\.gradle\caches\transforms-1)" [_thread_blocked, id=10300, stack(0x00000000289b0000,0x0000000028ab0000)]
  0x000000001cda3800 JavaThread "Cache worker for file hash cache (C:\Users\verdy\Documents\esiea\prog mobile\FastMessenger_Firebase_Cours3\FastMessenger_FireBase\.gradle\4.6\fileHashes)" [_thread_blocked, id=10352, stack(0x00000000288b0000,0x00000000289b0000)]
  0x000000001cd9c000 JavaThread "Stdin handler" [_thread_blocked, id=8276, stack(0x00000000287b0000,0x00000000288b0000)]
  0x000000001cd9a800 JavaThread "Asynchronous log dispatcher for DefaultDaemonConnection: socket connection from /127.0.0.1:52896 to /127.0.0.1:52934" [_thread_blocked, id=9748, stack(0x00000000286b0000,0x00000000287b0000)]
  0x000000001cd99800 JavaThread "Daemon worker Thread 2" [_thread_blocked, id=6840, stack(0x00000000285b0000,0x00000000286b0000)]
  0x000000001cda0000 JavaThread "Cancel handler" [_thread_blocked, id=13060, stack(0x00000000284b0000,0x00000000285b0000)]
  0x000000001cda0800 JavaThread "Handler for socket connection from /127.0.0.1:52896 to /127.0.0.1:52934" [_thread_in_native, id=16376, stack(0x00000000283b0000,0x00000000284b0000)]
  0x000000001cd9b800 JavaThread "Daemon Thread 2" [_thread_blocked, id=3316, stack(0x00000000282b0000,0x00000000283b0000)]
  0x000000001cd9f000 JavaThread "pool-1-thread-1" [_thread_blocked, id=15800, stack(0x0000000027fb0000,0x00000000280b0000)]
  0x000000001d9e4000 JavaThread "Memory manager" [_thread_blocked, id=14104, stack(0x00000000231a0000,0x00000000232a0000)]
  0x000000001c561000 JavaThread "File lock request listener" [_thread_in_native, id=15452, stack(0x000000001d490000,0x000000001d590000)]
  0x000000001c430000 JavaThread "Cache worker for file hash cache (C:\Users\verdy\.gradle\caches\4.6\fileHashes)" [_thread_blocked, id=9036, stack(0x000000001d390000,0x000000001d490000)]
  0x000000001aa80000 JavaThread "Daemon periodic checks" [_thread_blocked, id=1552, stack(0x000000001b7c0000,0x000000001b8c0000)]
  0x000000001aa74800 JavaThread "Incoming local TCP Connector on port 52896" [_thread_in_native, id=4448, stack(0x000000001b550000,0x000000001b650000)]
  0x0000000018ae1800 JavaThread "Service Thread" daemon [_thread_blocked, id=2272, stack(0x0000000019640000,0x0000000019740000)]
  0x0000000016b4a000 JavaThread "C1 CompilerThread3" daemon [_thread_in_native, id=14360, stack(0x0000000019540000,0x0000000019640000)]
  0x0000000018a4e800 JavaThread "C2 CompilerThread2" daemon [_thread_in_native, id=10280, stack(0x0000000019440000,0x0000000019540000)]
  0x0000000018a4d800 JavaThread "C2 CompilerThread1" daemon [_thread_in_native, id=16244, stack(0x0000000019340000,0x0000000019440000)]
=>0x0000000018a4a800 JavaThread "C2 CompilerThread0" daemon [_thread_in_native, id=1936, stack(0x0000000019240000,0x0000000019340000)]
  0x0000000018a49800 JavaThread "Attach Listener" daemon [_thread_blocked, id=15104, stack(0x0000000019140000,0x0000000019240000)]
  0x0000000018a48800 JavaThread "Signal Dispatcher" daemon [_thread_blocked, id=12824, stack(0x0000000019040000,0x0000000019140000)]
  0x0000000018a40800 JavaThread "Finalizer" daemon [_thread_blocked, id=5304, stack(0x0000000018e20000,0x0000000018f20000)]
  0x0000000016b3a800 JavaThread "Reference Handler" daemon [_thread_blocked, id=15464, stack(0x0000000018920000,0x0000000018a20000)]
  0x000000000134d800 JavaThread "main" [_thread_blocked, id=12884, stack(0x0000000002b80000,0x0000000002c80000)]

Other Threads:
  0x0000000016b35800 VMThread [stack: 0x0000000018820000,0x0000000018920000] [id=6912]
  0x0000000018a74800 WatcherThread [stack: 0x0000000019740000,0x0000000019840000] [id=15108]

VM state:not at safepoint (normal execution)

VM Mutex/Monitor currently owned by a thread: None

Heap:
 PSYoungGen      total 409600K, used 242561K [0x00000000e0000000, 0x00000000fff00000, 0x0000000100000000)
  eden space 379392K, 58% used [0x00000000e0000000,0x00000000eda08f80,0x00000000f7280000)
  from space 30208K, 63% used [0x00000000f7280000,0x00000000f85577c0,0x00000000f9000000)
  to   space 30208K, 0% used [0x00000000fe180000,0x00000000fe180000,0x00000000fff00000)
 ParOldGen       total 151552K, used 48364K [0x00000000a0000000, 0x00000000a9400000, 0x00000000e0000000)
  object space 151552K, 31% used [0x00000000a0000000,0x00000000a2f3b220,0x00000000a9400000)
 Metaspace       used 81570K, capacity 85429K, committed 85672K, reserved 1124352K
  class space    used 10880K, capacity 11612K, committed 11696K, reserved 1048576K

Card table byte_map: [0x0000000012140000,0x0000000012450000] byte_map_base: 0x0000000011c40000

Marking Bits: (ParMarkBitMap*) 0x000000005a805aa0
 Begin Bits: [0x0000000012e50000, 0x0000000014650000)
 End Bits:   [0x0000000014650000, 0x0000000015e50000)

Polling page: 0x0000000000e00000

CodeCache: size=245760Kb used=34251Kb max_used=34274Kb free=211508Kb
 bounds [0x0000000002d80000, 0x0000000004f70000, 0x0000000011d80000]
 total_blobs=11557 nmethods=10708 adapters=761
 compilation: enabled

Compilation events (10 events):
Event: 178.914 Thread 0x0000000016b4a000 nmethod 12791 0x0000000004bced50 code [0x0000000004bcef00, 0x0000000004bcf3d8]
Event: 178.914 Thread 0x0000000016b4a000 12792       2       com.android.tools.r8.graph.DexValue$DexValueMethod::<init> (7 bytes)
Event: 178.914 Thread 0x0000000016b4a000 nmethod 12792 0x0000000004bcea10 code [0x0000000004bceb60, 0x0000000004bcecd0]
Event: 178.914 Thread 0x0000000016b4a000 12793       2       com.android.tools.r8.graph.DexAnnotation::createEnclosingMethodAnnotation (17 bytes)
Event: 178.915 Thread 0x0000000016b4a000 nmethod 12793 0x0000000004bce5d0 code [0x0000000004bce740, 0x0000000004bce908]
Event: 178.915 Thread 0x0000000016b4a000 12794       1       com.android.tools.r8.graph.EnclosingMethodAttribute::getEnclosingClass (5 bytes)
Event: 178.915 Thread 0x0000000016b4a000 nmethod 12794 0x0000000004bce310 code [0x0000000004bce460, 0x0000000004bce570]
Event: 178.916 Thread 0x0000000016b4a000 12795       1       com.android.tools.r8.graph.DexClass::clearEnclosingMethod (6 bytes)
Event: 178.916 Thread 0x0000000016b4a000 nmethod 12795 0x0000000004bce010 code [0x0000000004bce160, 0x0000000004bce290]
Event: 178.925 Thread 0x0000000016b4a000 12801       2       java.util.TimSort::mergeHi (732 bytes)

GC Heap History (10 events):
Event: 16.893 GC heap before
{Heap before GC invocations=12 (full 3):
 PSYoungGen      total 304640K, used 284672K [0x00000000e0000000, 0x00000000f5180000, 0x0000000100000000)
  eden space 284672K, 100% used [0x00000000e0000000,0x00000000f1600000,0x00000000f1600000)
  from space 19968K, 0% used [0x00000000f3080000,0x00000000f3080000,0x00000000f4400000)
  to   space 27136K, 0% used [0x00000000f1600000,0x00000000f1600000,0x00000000f3080000)
 ParOldGen       total 151552K, used 41910K [0x00000000a0000000, 0x00000000a9400000, 0x00000000e0000000)
  object space 151552K, 27% used [0x00000000a0000000,0x00000000a28ed930,0x00000000a9400000)
 Metaspace       used 65276K, capacity 67466K, committed 67752K, reserved 1107968K
  class space    used 8847K, capacity 9350K, committed 9392K, reserved 1048576K
Event: 16.924 GC heap after
Heap after GC invocations=12 (full 3):
 PSYoungGen      total 311808K, used 21591K [0x00000000e0000000, 0x00000000f8500000, 0x0000000100000000)
  eden space 284672K, 0% used [0x00000000e0000000,0x00000000e0000000,0x00000000f1600000)
  from space 27136K, 79% used [0x00000000f1600000,0x00000000f2b15f80,0x00000000f3080000)
  to   space 29184K, 0% used [0x00000000f6880000,0x00000000f6880000,0x00000000f8500000)
 ParOldGen       total 151552K, used 41918K [0x00000000a0000000, 0x00000000a9400000, 0x00000000e0000000)
  object space 151552K, 27% used [0x00000000a0000000,0x00000000a28ef930,0x00000000a9400000)
 Metaspace       used 65276K, capacity 67466K, committed 67752K, reserved 1107968K
  class space    used 8847K, capacity 9350K, committed 9392K, reserved 1048576K
}
Event: 24.220 GC heap before
{Heap before GC invocations=13 (full 3):
 PSYoungGen      total 311808K, used 305752K [0x00000000e0000000, 0x00000000f8500000, 0x0000000100000000)
  eden space 284672K, 99% used [0x00000000e0000000,0x00000000f15801c8,0x00000000f1600000)
  from space 27136K, 79% used [0x00000000f1600000,0x00000000f2b15f80,0x00000000f3080000)
  to   space 29184K, 0% used [0x00000000f6880000,0x00000000f6880000,0x00000000f8500000)
 ParOldGen       total 151552K, used 41918K [0x00000000a0000000, 0x00000000a9400000, 0x00000000e0000000)
  object space 151552K, 27% used [0x00000000a0000000,0x00000000a28ef930,0x00000000a9400000)
 Metaspace       used 65815K, capacity 68060K, committed 68392K, reserved 1107968K
  class space    used 8906K, capacity 9415K, committed 9520K, reserved 1048576K
Event: 24.239 GC heap after
Heap after GC invocations=13 (full 3):
 PSYoungGen      total 349696K, used 14037K [0x00000000e0000000, 0x00000000f7a00000, 0x0000000100000000)
  eden space 331776K, 0% used [0x00000000e0000000,0x00000000e0000000,0x00000000f4400000)
  from space 17920K, 78% used [0x00000000f6880000,0x00000000f76354e8,0x00000000f7a00000)
  to   space 27648K, 0% used [0x00000000f4400000,0x00000000f4400000,0x00000000f5f00000)
 ParOldGen       total 151552K, used 41926K [0x00000000a0000000, 0x00000000a9400000, 0x00000000e0000000)
  object space 151552K, 27% used [0x00000000a0000000,0x00000000a28f1930,0x00000000a9400000)
 Metaspace       used 65815K, capacity 68060K, committed 68392K, reserved 1107968K
  class space    used 8906K, capacity 9415K, committed 9520K, reserved 1048576K
}
Event: 30.107 GC heap before
{Heap before GC invocations=14 (full 3):
 PSYoungGen      total 349696K, used 345813K [0x00000000e0000000, 0x00000000f7a00000, 0x0000000100000000)
  eden space 331776K, 100% used [0x00000000e0000000,0x00000000f4400000,0x00000000f4400000)
  from space 17920K, 78% used [0x00000000f6880000,0x00000000f76354e8,0x00000000f7a00000)
  to   space 27648K, 0% used [0x00000000f4400000,0x00000000f4400000,0x00000000f5f00000)
 ParOldGen       total 151552K, used 41926K [0x00000000a0000000, 0x00000000a9400000, 0x00000000e0000000)
  object space 151552K, 27% used [0x00000000a0000000,0x00000000a28f1930,0x00000000a9400000)
 Metaspace       used 66668K, capacity 69062K, committed 69288K, reserved 1110016K
  class space    used 9029K, capacity 9572K, committed 9648K, reserved 1048576K
Event: 30.123 GC heap after
Heap after GC invocations=14 (full 3):
 PSYoungGen      total 359424K, used 26832K [0x00000000e0000000, 0x00000000fae80000, 0x0000000100000000)
  eden space 331776K, 0% used [0x00000000e0000000,0x00000000e0000000,0x00000000f4400000)
  from space 27648K, 97% used [0x00000000f4400000,0x00000000f5e34350,0x00000000f5f00000)
  to   space 31232K, 0% used [0x00000000f9000000,0x00000000f9000000,0x00000000fae80000)
 ParOldGen       total 151552K, used 48348K [0x00000000a0000000, 0x00000000a9400000, 0x00000000e0000000)
  object space 151552K, 31% used [0x00000000a0000000,0x00000000a2f37220,0x00000000a9400000)
 Metaspace       used 66668K, capacity 69062K, committed 69288K, reserved 1110016K
  class space    used 9029K, capacity 9572K, committed 9648K, reserved 1048576K
}
Event: 30.248 GC heap before
{Heap before GC invocations=15 (full 3):
 PSYoungGen      total 359424K, used 358292K [0x00000000e0000000, 0x00000000fae80000, 0x0000000100000000)
  eden space 331776K, 99% used [0x00000000e0000000,0x00000000f43b0da0,0x00000000f4400000)
  from space 27648K, 97% used [0x00000000f4400000,0x00000000f5e34350,0x00000000f5f00000)
  to   space 31232K, 0% used [0x00000000f9000000,0x00000000f9000000,0x00000000fae80000)
 ParOldGen       total 151552K, used 48348K [0x00000000a0000000, 0x00000000a9400000, 0x00000000e0000000)
  object space 151552K, 31% used [0x00000000a0000000,0x00000000a2f37220,0x00000000a9400000)
 Metaspace       used 66894K, capacity 69260K, committed 69544K, reserved 1110016K
  class space    used 9059K, capacity 9613K, committed 9648K, reserved 1048576K
Event: 30.269 GC heap after
Heap after GC invocations=15 (full 3):
 PSYoungGen      total 410624K, used 13470K [0x00000000e0000000, 0x00000000ff080000, 0x0000000100000000)
  eden space 379392K, 0% used [0x00000000e0000000,0x00000000e0000000,0x00000000f7280000)
  from space 31232K, 43% used [0x00000000f9000000,0x00000000f9d27ad0,0x00000000fae80000)
  to   space 30208K, 0% used [0x00000000f7280000,0x00000000f7280000,0x00000000f9000000)
 ParOldGen       total 151552K, used 48356K [0x00000000a0000000, 0x00000000a9400000, 0x00000000e0000000)
  object space 151552K, 31% used [0x00000000a0000000,0x00000000a2f39220,0x00000000a9400000)
 Metaspace       used 66894K, capacity 69260K, committed 69544K, reserved 1110016K
  class space    used 9059K, capacity 9613K, committed 9648K, reserved 1048576K
}
Event: 172.189 GC heap before
{Heap before GC invocations=16 (full 3):
 PSYoungGen      total 410624K, used 392862K [0x00000000e0000000, 0x00000000ff080000, 0x0000000100000000)
  eden space 379392K, 100% used [0x00000000e0000000,0x00000000f7280000,0x00000000f7280000)
  from space 31232K, 43% used [0x00000000f9000000,0x00000000f9d27ad0,0x00000000fae80000)
  to   space 30208K, 0% used [0x00000000f7280000,0x00000000f7280000,0x00000000f9000000)
 ParOldGen       total 151552K, used 48356K [0x00000000a0000000, 0x00000000a9400000, 0x00000000e0000000)
  object space 151552K, 31% used [0x00000000a0000000,0x00000000a2f39220,0x00000000a9400000)
 Metaspace       used 71091K, capacity 73782K, committed 74024K, reserved 1114112K
  class space    used 9427K, capacity 9986K, committed 10032K, reserved 1048576K
Event: 172.224 GC heap after
Heap after GC invocations=16 (full 3):
 PSYoungGen      total 409600K, used 19293K [0x00000000e0000000, 0x00000000fff00000, 0x0000000100000000)
  eden space 379392K, 0% used [0x00000000e0000000,0x00000000e0000000,0x00000000f7280000)
  from space 30208K, 63% used [0x00000000f7280000,0x00000000f85577c0,0x00000000f9000000)
  to   space 30208K, 0% used [0x00000000fe180000,0x00000000fe180000,0x00000000fff00000)
 ParOldGen       total 151552K, used 48364K [0x00000000a0000000, 0x00000000a9400000, 0x00000000e0000000)
  object space 151552K, 31% used [0x00000000a0000000,0x00000000a2f3b220,0x00000000a9400000)
 Metaspace       used 71091K, capacity 73782K, committed 74024K, reserved 1114112K
  class space    used 9427K, capacity 9986K, committed 10032K, reserved 1048576K
}

Deoptimization events (10 events):
Event: 178.546 Thread 0x000000001eb4c000 Uncommon trap: reason=unstable_if action=reinterpret pc=0x0000000003a092ac method=java.util.Arrays.hashCode([Ljava/lang/Object;)I @ 1
Event: 178.547 Thread 0x000000001eb45800 Uncommon trap: reason=unstable_if action=reinterpret pc=0x0000000004ecd7a8 method=com.android.tools.r8.dex.DexParser.cacheAt(ILjava/util/function/Supplier;)Ljava/lang/Object; @ 1
Event: 178.558 Thread 0x000000001eb47000 Uncommon trap: reason=unstable_if action=reinterpret pc=0x0000000004ee2f70 method=com.android.tools.r8.it.unimi.dsi.fastutil.ints.Int2ObjectOpenHashMap.insert(ILjava/lang/Object;)I @ 1
Event: 178.558 Thread 0x000000001eb4a800 Uncommon trap: reason=unstable_if action=reinterpret pc=0x0000000004ebb1d0 method=com.android.tools.r8.it.unimi.dsi.fastutil.ints.Int2ObjectOpenHashMap.get(I)Ljava/lang/Object; @ 1
Event: 178.559 Thread 0x000000001eb47000 Uncommon trap: reason=unstable_if action=reinterpret pc=0x0000000004ee02bc method=com.android.tools.r8.it.unimi.dsi.fastutil.ints.Int2ObjectOpenHashMap.insert(ILjava/lang/Object;)I @ 1
Event: 178.688 Thread 0x000000001eb4a800 Uncommon trap: reason=unloaded action=reinterpret pc=0x0000000004f179dc method=com.android.tools.r8.code.BaseInstructionFactory.create(IILcom/android/tools/r8/code/BytecodeStream;Lcom/android/tools/r8/graph/OffsetToObjectMapping;)Lcom/android/tools/r8/cod
Event: 178.794 Thread 0x000000001eb4a800 Uncommon trap: reason=unloaded action=reinterpret pc=0x00000000037721e4 method=com.android.tools.r8.dex.DexParser.parseEncodedValue()Lcom/android/tools/r8/graph/DexValue; @ 493
Event: 178.794 Thread 0x000000001eb4a800 Uncommon trap: reason=predicate action=maybe_recompile pc=0x0000000002fea818 method=com.android.tools.r8.dex.DexParser$MemberAnnotationIterator.getNextFor(Lcom/android/tools/r8/graph/Descriptor;)Lcom/android/tools/r8/graph/DexItem; @ 12
Event: 178.794 Thread 0x000000001eb4a800 Uncommon trap: reason=unstable_if action=reinterpret pc=0x00000000042bef7c method=com.android.tools.r8.it.unimi.dsi.fastutil.ints.Int2ObjectOpenHashMap.get(I)Ljava/lang/Object; @ 8
Event: 178.827 Thread 0x000000001eb4a800 Uncommon trap: reason=unstable_if action=reinterpret pc=0x0000000004e8c1c0 method=com.android.tools.r8.utils.IdentifierUtils.isSimpleNameChar(I)Z @ 45

Classes redefined (0 events):
No events

Internal exceptions (10 events):
Event: 173.993 Thread 0x000000001d9eb800 Exception <a 'java/lang/NoSuchMethodError': <clinit>> (0x00000000e2a25b78) thrown at [D:\src\AOSP-openjdk-cygwin\jdk8u\hotspot\src\share\vm\prims\jni.cpp, line 1613]
Event: 173.994 Thread 0x000000001d9eb800 Exception <a 'java/lang/NoSuchMethodError': <clinit>> (0x00000000e2b2a118) thrown at [D:\src\AOSP-openjdk-cygwin\jdk8u\hotspot\src\share\vm\prims\jni.cpp, line 1613]
Event: 176.095 Thread 0x000000001eb48800 Exception <a 'java/lang/NoSuchMethodError': java.lang.Object.lambda$static$0(Ljava/lang/String;)Z> (0x00000000e3e9ea48) thrown at [D:\src\AOSP-openjdk-cygwin\jdk8u\hotspot\src\share\vm\interpreter\linkResolver.cpp, line 584]
Event: 176.132 Thread 0x000000001eb49000 Exception <a 'sun/nio/fs/WindowsException'> (0x00000000e412d390) thrown at [D:\src\AOSP-openjdk-cygwin\jdk8u\hotspot\src\share\vm\prims\jni.cpp, line 709]
Event: 176.132 Thread 0x000000001eb48800 Exception <a 'sun/nio/fs/WindowsException'> (0x00000000e4165610) thrown at [D:\src\AOSP-openjdk-cygwin\jdk8u\hotspot\src\share\vm\prims\jni.cpp, line 709]
Event: 176.675 Thread 0x000000001eb49000 Exception <a 'sun/nio/fs/WindowsException'> (0x00000000e6413640) thrown at [D:\src\AOSP-openjdk-cygwin\jdk8u\hotspot\src\share\vm\prims\jni.cpp, line 709]
Event: 176.675 Thread 0x000000001eb48800 Exception <a 'sun/nio/fs/WindowsException'> (0x00000000e6463318) thrown at [D:\src\AOSP-openjdk-cygwin\jdk8u\hotspot\src\share\vm\prims\jni.cpp, line 709]
Event: 178.374 Thread 0x000000001eb43000 Exception <a 'sun/nio/fs/WindowsException'> (0x00000000e6f47ba8) thrown at [D:\src\AOSP-openjdk-cygwin\jdk8u\hotspot\src\share\vm\prims\jni.cpp, line 709]
Event: 178.546 Thread 0x000000001eb45800 Implicit null exception at 0x0000000003a091af to 0x0000000003a0929d
Event: 178.546 Thread 0x000000001eb4c000 Implicit null exception at 0x0000000003a091af to 0x0000000003a0929d

Events (10 events):
Event: 178.895 Executing VM operation: RevokeBias
Event: 178.895 Executing VM operation: RevokeBias done
Event: 178.895 Executing VM operation: RevokeBias
Event: 178.895 Executing VM operation: RevokeBias done
Event: 178.896 Executing VM operation: RevokeBias
Event: 178.896 Executing VM operation: RevokeBias done
Event: 178.897 Executing VM operation: BulkRevokeBias
Event: 178.898 Executing VM operation: BulkRevokeBias done
Event: 178.899 Thread 0x000000001eb4a000 DEOPT PACKING pc=0x0000000002ffcf73 sp=0x000000002b4cef80
Event: 178.899 Thread 0x000000001eb4a000 DEOPT UNPACKING pc=0x0000000002dc75d0 sp=0x000000002b4cec78 mode 0


Dynamic libraries:
0x00007ff602b60000 - 0x00007ff602b91000 	C:\Program Files\Android\Android Studio\jre\bin\java.exe
0x00007ffa27190000 - 0x00007ffa27371000 	C:\Windows\SYSTEM32\ntdll.dll
0x00007ffa26740000 - 0x00007ffa267f2000 	C:\Windows\System32\KERNEL32.DLL
0x00007ffa23560000 - 0x00007ffa237d3000 	C:\Windows\System32\KERNELBASE.dll
0x00007ffa26870000 - 0x00007ffa26911000 	C:\Windows\System32\ADVAPI32.dll
0x00007ffa24a80000 - 0x00007ffa24b1e000 	C:\Windows\System32\msvcrt.dll
0x00007ffa25000000 - 0x00007ffa2505b000 	C:\Windows\System32\sechost.dll
0x00007ffa26c60000 - 0x00007ffa26d84000 	C:\Windows\System32\RPCRT4.dll
0x00007ffa26ad0000 - 0x00007ffa26c60000 	C:\Windows\System32\USER32.dll
0x00007ffa24310000 - 0x00007ffa24330000 	C:\Windows\System32\win32u.dll
0x00007ffa26800000 - 0x00007ffa26828000 	C:\Windows\System32\GDI32.dll
0x00007ffa23900000 - 0x00007ffa23a92000 	C:\Windows\System32\gdi32full.dll
0x00007ffa23860000 - 0x00007ffa238ff000 	C:\Windows\System32\msvcp_win.dll
0x00007ffa23aa0000 - 0x00007ffa23b9a000 	C:\Windows\System32\ucrtbase.dll
0x00007ffa105b0000 - 0x00007ffa10819000 	C:\Windows\WinSxS\amd64_microsoft.windows.common-controls_6595b64144ccf1df_6.0.17134.407_none_fb449d63306391e9\COMCTL32.dll
0x00007ffa26e30000 - 0x00007ffa27152000 	C:\Windows\System32\combase.dll
0x00007ffa237e0000 - 0x00007ffa2385a000 	C:\Windows\System32\bcryptPrimitives.dll
0x00007ffa26840000 - 0x00007ffa2686d000 	C:\Windows\System32\IMM32.DLL
0x0000000059e80000 - 0x0000000059f52000 	C:\Program Files\Android\Android Studio\jre\jre\bin\msvcr100.dll
0x000000005a040000 - 0x000000005a881000 	C:\Program Files\Android\Android Studio\jre\jre\bin\server\jvm.dll
0x00007ffa24620000 - 0x00007ffa24628000 	C:\Windows\System32\PSAPI.DLL
0x00007ffa11f90000 - 0x00007ffa11f99000 	C:\Windows\SYSTEM32\WSOCK32.dll
0x00007ffa206a0000 - 0x00007ffa206c3000 	C:\Windows\SYSTEM32\WINMM.dll
0x00007ffa11c90000 - 0x00007ffa11c9a000 	C:\Windows\SYSTEM32\VERSION.dll
0x00007ffa25060000 - 0x00007ffa250cc000 	C:\Windows\System32\WS2_32.dll
0x00007ffa20670000 - 0x00007ffa2069a000 	C:\Windows\SYSTEM32\WINMMBASE.dll
0x00007ffa243e0000 - 0x00007ffa24429000 	C:\Windows\System32\cfgmgr32.dll
0x00007ffa0a540000 - 0x00007ffa0a54f000 	C:\Program Files\Android\Android Studio\jre\jre\bin\verify.dll
0x00007ffa07eb0000 - 0x00007ffa07ed9000 	C:\Program Files\Android\Android Studio\jre\jre\bin\java.dll
0x00007ffa07e90000 - 0x00007ffa07ea6000 	C:\Program Files\Android\Android Studio\jre\jre\bin\zip.dll
0x00007ffa25250000 - 0x00007ffa2668f000 	C:\Windows\System32\SHELL32.dll
0x00007ffa26690000 - 0x00007ffa26739000 	C:\Windows\System32\shcore.dll
0x00007ffa23c00000 - 0x00007ffa2430d000 	C:\Windows\System32\windows.storage.dll
0x00007ffa26a70000 - 0x00007ffa26ac1000 	C:\Windows\System32\shlwapi.dll
0x00007ffa23540000 - 0x00007ffa23551000 	C:\Windows\System32\kernel.appcore.dll
0x00007ffa23520000 - 0x00007ffa2353f000 	C:\Windows\System32\profapi.dll
0x00007ffa234b0000 - 0x00007ffa234fc000 	C:\Windows\System32\powrprof.dll
0x00007ffa234a0000 - 0x00007ffa234aa000 	C:\Windows\System32\FLTLIB.DLL
0x00007ffa07e70000 - 0x00007ffa07e8a000 	C:\Program Files\Android\Android Studio\jre\jre\bin\net.dll
0x00007ffa22d20000 - 0x00007ffa22d86000 	C:\Windows\system32\mswsock.dll
0x00007ff9fa090000 - 0x00007ff9fa0a1000 	C:\Program Files\Android\Android Studio\jre\jre\bin\nio.dll
0x00007ffa1cb60000 - 0x00007ffa1cb7e000 	C:\Users\verdy\.gradle\native\25\windows-amd64\native-platform.dll
0x00007ff9fa080000 - 0x00007ff9fa08d000 	C:\Program Files\Android\Android Studio\jre\jre\bin\management.dll
0x00007ffa22ed0000 - 0x00007ffa22ee7000 	C:\Windows\SYSTEM32\CRYPTSP.dll
0x00007ffa22900000 - 0x00007ffa22933000 	C:\Windows\system32\rsaenh.dll
0x00007ffa23000000 - 0x00007ffa23025000 	C:\Windows\SYSTEM32\bcrypt.dll
0x00007ffa233d0000 - 0x00007ffa233f8000 	C:\Windows\SYSTEM32\USERENV.dll
0x00007ffa22ef0000 - 0x00007ffa22efb000 	C:\Windows\SYSTEM32\CRYPTBASE.dll
0x00007ffa22aa0000 - 0x00007ffa22ad8000 	C:\Windows\SYSTEM32\IPHLPAPI.DLL
0x00007ffa24f00000 - 0x00007ffa24f08000 	C:\Windows\System32\NSI.dll
0x00007ffa1cde0000 - 0x00007ffa1cdf6000 	C:\Windows\SYSTEM32\dhcpcsvc6.DLL
0x00007ffa1cd90000 - 0x00007ffa1cdaa000 	C:\Windows\SYSTEM32\dhcpcsvc.DLL

VM Arguments:
jvm_args: -Xmx1536m -Dfile.encoding=windows-1252 -Duser.country=FR -Duser.language=fr -Duser.variant 
java_command: org.gradle.launcher.daemon.bootstrap.GradleDaemon 4.6
java_class_path (initial): C:\Users\verdy\.gradle\wrapper\dists\gradle-4.6-all\bcst21l2brirad8k2ben1letg\gradle-4.6\lib\gradle-launcher-4.6.jar
Launcher Type: SUN_STANDARD

Environment Variables:
PATH=C:\Program Files (x86)\Intel\Intel(R) Management Engine Components\iCLS\;C:\Program Files\Intel\Intel(R) Management Engine Components\iCLS\;C:\Windows\system32;C:\Windows;C:\Windows\System32\Wbem;C:\Windows\System32\WindowsPowerShell\v1.0\;C:\Windows\System32\OpenSSH\;C:\Program Files (x86)\Intel\Intel(R) Management Engine Components\DAL;C:\Program Files\Intel\Intel(R) Management Engine Components\DAL;C:\Program Files (x86)\Intel\Intel(R) Management Engine Components\IPT;C:\Program Files\Intel\Intel(R) Management Engine Components\IPT;C:\Program Files\nodejs\;C:\Program Files\Intel\WiFi\bin\;C:\Program Files\Common Files\Intel\WirelessCommon\;C:\Program Files (x86)\GitExtensions\;C:\Program Files\Git\cmd;C:\Users\verdy\AppData\Local\Microsoft\WindowsApps;;C:\Users\verdy\AppData\Local\Programs\Microsoft VS Code\bin;C:\Users\verdy\AppData\Roaming\npm
USERNAME=verdy
OS=Windows_NT
PROCESSOR_IDENTIFIER=Intel64 Family 6 Model 142 Stepping 10, GenuineIntel



---------------  S Y S T E M  ---------------

OS: Windows 10.0 , 64 bit Build 17134 (10.0.17134.1)

CPU:total 8 (initial active 8) (4 cores per cpu, 2 threads per core) family 6 model 142 stepping 10, cmov, cx8, fxsr, mmx, sse, sse2, sse3, ssse3, sse4.1, sse4.2, popcnt, avx, avx2, aes, clmul, erms, 3dnowpref, lzcnt, ht, tsc, tscinvbit, bmi1, bmi2, adx

Memory: 4k page, physical 8238236k(619036k free), swap 10491036k(5404k free)

vm_info: OpenJDK 64-Bit Server VM (25.152-b06) for windows-amd64 JRE (1.8.0_152-release-1136-b06), built by "builder" with MS VC++ 10.0 (VS2010)

time: Tue Nov 27 13:28:47 2018
elapsed time: 178 seconds (0d 0h 2m 58s)

