#
# There is insufficient memory for the Java Runtime Environment to continue.
# Native memory allocation (malloc) failed to allocate 76736 bytes for Chunk::new
# Possible reasons:
#   The system is out of physical RAM or swap space
#   In 32 bit mode, the process size limit was hit
# Possible solutions:
#   Reduce memory load on the system
#   Increase physical memory or swap space
#   Check if swap backing store is full
#   Use 64 bit Java on a 64 bit OS
#   Decrease Java heap size (-Xmx/-Xms)
#   Decrease number of Java threads
#   Decrease Java thread stack sizes (-Xss)
#   Set larger code cache with -XX:ReservedCodeCacheSize=
# This output file may be truncated or incomplete.
#
#  Out of Memory Error (allocation.cpp:390), pid=9968, tid=0x0000000000001bc8
#
# JRE version: OpenJDK Runtime Environment (8.0_152-b06) (build 1.8.0_152-release-1136-b06)
# Java VM: OpenJDK 64-Bit Server VM (25.152-b06 mixed mode windows-amd64 compressed oops)
# Failed to write core dump. Minidumps are not enabled by default on client versions of Windows
#

---------------  T H R E A D  ---------------

Current thread (0x000000001843d000):  JavaThread "C2 CompilerThread1" daemon [_thread_in_native, id=7112, stack(0x0000000018d30000,0x0000000018e30000)]

Stack: [0x0000000018d30000,0x0000000018e30000]
[error occurred during error reporting (printing stack bounds), id 0xc0000005]

Native frames: (J=compiled Java code, j=interpreted, Vv=VM code, C=native code)


Current CompileTask:
C2:  18803  716  s!   4       sun.misc.URLClassPath::getLoader (243 bytes)


---------------  P R O C E S S  ---------------

Java Threads: ( => current thread )
  0x00000000185cc000 JavaThread "RMI RenewClean-[127.0.0.1:54395,org.jetbrains.kotlin.daemon.common.LoopbackNetworkInterface$ClientLoopbackSocketFactory@2433a797]" daemon [_thread_blocked, id=11052, stack(0x000000001a8e0000,0x000000001a9e0000)]
  0x00000000185ca000 JavaThread "RMI TCP Connection(2)-127.0.0.1" daemon [_thread_in_Java, id=10156, stack(0x000000001a7e0000,0x000000001a8e0000)]
  0x000000001945a800 JavaThread "RMI Scheduler(0)" daemon [_thread_blocked, id=10716, stack(0x000000001a6e0000,0x000000001a7e0000)]
  0x00000000194cf000 JavaThread "RMI TCP Connection(1)-127.0.0.1" daemon [_thread_in_native, id=2848, stack(0x000000001a5e0000,0x000000001a6e0000)]
  0x0000000002672800 JavaThread "DestroyJavaVM" [_thread_blocked, id=988, stack(0x0000000002570000,0x0000000002670000)]
  0x00000000194f9800 JavaThread "GC Daemon" daemon [_thread_blocked, id=10720, stack(0x000000001a170000,0x000000001a270000)]
  0x0000000019469000 JavaThread "RMI Reaper" [_thread_blocked, id=3104, stack(0x000000001a070000,0x000000001a170000)]
  0x00000000192d9000 JavaThread "Timer-0" daemon [_thread_blocked, id=4896, stack(0x0000000019e70000,0x0000000019f70000)]
  0x0000000019421000 JavaThread "RMI TCP Accept-17699" daemon [_thread_in_native, id=9148, stack(0x0000000019d70000,0x0000000019e70000)]
  0x00000000184d0000 JavaThread "Service Thread" daemon [_thread_blocked, id=4384, stack(0x0000000019030000,0x0000000019130000)]
  0x000000001653c000 JavaThread "C1 CompilerThread3" daemon [_thread_blocked, id=8772, stack(0x0000000018f30000,0x0000000019030000)]
  0x000000001843e800 JavaThread "C2 CompilerThread2" daemon [_thread_in_native, id=5312, stack(0x0000000018e30000,0x0000000018f30000)]
=>0x000000001843d000 JavaThread "C2 CompilerThread1" daemon [_thread_in_native, id=7112, stack(0x0000000018d30000,0x0000000018e30000)]
  0x000000001843a000 JavaThread "C2 CompilerThread0" daemon [_thread_in_native, id=8956, stack(0x0000000018c30000,0x0000000018d30000)]
  0x0000000018439000 JavaThread "Attach Listener" daemon [_thread_blocked, id=10912, stack(0x0000000018b30000,0x0000000018c30000)]
  0x0000000018438000 JavaThread "Signal Dispatcher" daemon [_thread_blocked, id=1444, stack(0x0000000018a30000,0x0000000018b30000)]
  0x0000000018430800 JavaThread "Finalizer" daemon [_thread_blocked, id=11084, stack(0x0000000018810000,0x0000000018910000)]
  0x000000001652a800 JavaThread "Reference Handler" daemon [_thread_blocked, id=10668, stack(0x0000000018310000,0x0000000018410000)]

Other Threads:
  0x0000000016526800 VMThread [stack: 0x0000000018210000,0x0000000018310000] [id=10536]
  0x00000000184d0800 WatcherThread [stack: 0x0000000019130000,0x0000000019230000] [id=516]

VM state:not at safepoint (normal execution)

VM Mutex/Monitor currently owned by a thread:  ([mutex/lock_event])
[0x000000000256d410] CodeCache_lock - owner thread: 0x0000000000000000

Heap:
 PSYoungGen      total 37888K, used 9360K [0x00000000e0000000, 0x00000000e2a00000, 0x0000000100000000)
  eden space 32768K, 28% used [0x00000000e0000000,0x00000000e0924260,0x00000000e2000000)
  from space 5120K, 0% used [0x00000000e2000000,0x00000000e2000000,0x00000000e2500000)
  to   space 5120K, 0% used [0x00000000e2500000,0x00000000e2500000,0x00000000e2a00000)
 ParOldGen       total 86016K, used 2705K [0x00000000a0000000, 0x00000000a5400000, 0x00000000e0000000)
  object space 86016K, 3% used [0x00000000a0000000,0x00000000a02a4470,0x00000000a5400000)
 Metaspace       used 10417K, capacity 10686K, committed 10752K, reserved 1058816K
  class space    used 1133K, capacity 1217K, committed 1280K, reserved 1048576K

Card table byte_map: [0x0000000011b30000,0x0000000011e40000] byte_map_base: 0x0000000011630000

Marking Bits: (ParMarkBitMap*) 0x0000000055bd5aa0
 Begin Bits: [0x0000000012840000, 0x0000000014040000)
 End Bits:   [0x0000000014040000, 0x0000000015840000)

Polling page: 0x00000000003f0000

CodeCache: size=245760Kb used=2724Kb max_used=2724Kb free=243035Kb
 bounds [0x0000000002770000, 0x0000000002a20000, 0x0000000011770000]
 total_blobs=1109 nmethods=737 adapters=286
 compilation: enabled

Compilation events (10 events):
Event: 18.791 Thread 0x000000001653c000  731       3       kotlin.jvm.internal.Lambda::<init> (10 bytes)
Event: 18.791 Thread 0x000000001653c000 nmethod 731 0x0000000002a170d0 code [0x0000000002a17220, 0x0000000002a173d0]
Event: 18.791 Thread 0x000000001653c000  733       3       kotlin.reflect.jvm.internal.ReflectProperties$Val::<init> (5 bytes)
Event: 18.791 Thread 0x000000001653c000 nmethod 733 0x0000000002a17490 code [0x0000000002a175e0, 0x0000000002a17790]
Event: 18.791 Thread 0x000000001653c000  734       3       kotlin.reflect.jvm.internal.ReflectProperties::lazySoft (10 bytes)
Event: 18.791 Thread 0x000000001653c000 nmethod 734 0x0000000002a17850 code [0x0000000002a179e0, 0x0000000002a17ec8]
Event: 18.791 Thread 0x000000001653c000  735       3       kotlin.reflect.jvm.internal.ReflectProperties$LazySoftVal::<init> (35 bytes)
Event: 18.792 Thread 0x000000001653c000 nmethod 735 0x0000000002a18110 code [0x0000000002a182a0, 0x0000000002a186e8]
Event: 18.792 Thread 0x000000001653c000  736       3       kotlin.reflect.jvm.internal.ReflectProperties::lazySoft (6 bytes)
Event: 18.792 Thread 0x000000001653c000 nmethod 736 0x0000000002a18890 code [0x0000000002a18a00, 0x0000000002a18c28]

GC Heap History (4 events):
Event: 0.511 GC heap before
{Heap before GC invocations=1 (full 0):
 PSYoungGen      total 37888K, used 13996K [0x00000000e0000000, 0x00000000e2a00000, 0x0000000100000000)
  eden space 32768K, 42% used [0x00000000e0000000,0x00000000e0dab248,0x00000000e2000000)
  from space 5120K, 0% used [0x00000000e2500000,0x00000000e2500000,0x00000000e2a00000)
  to   space 5120K, 0% used [0x00000000e2000000,0x00000000e2000000,0x00000000e2500000)
 ParOldGen       total 86016K, used 0K [0x00000000a0000000, 0x00000000a5400000, 0x00000000e0000000)
  object space 86016K, 0% used [0x00000000a0000000,0x00000000a0000000,0x00000000a5400000)
 Metaspace       used 8989K, capacity 9186K, committed 9216K, reserved 1056768K
  class space    used 958K, capacity 1023K, committed 1024K, reserved 1048576K
Event: 0.514 GC heap after
Heap after GC invocations=1 (full 0):
 PSYoungGen      total 37888K, used 2970K [0x00000000e0000000, 0x00000000e2a00000, 0x0000000100000000)
  eden space 32768K, 0% used [0x00000000e0000000,0x00000000e0000000,0x00000000e2000000)
  from space 5120K, 58% used [0x00000000e2000000,0x00000000e22e6810,0x00000000e2500000)
  to   space 5120K, 0% used [0x00000000e2500000,0x00000000e2500000,0x00000000e2a00000)
 ParOldGen       total 86016K, used 8K [0x00000000a0000000, 0x00000000a5400000, 0x00000000e0000000)
  object space 86016K, 0% used [0x00000000a0000000,0x00000000a0002000,0x00000000a5400000)
 Metaspace       used 8989K, capacity 9186K, committed 9216K, reserved 1056768K
  class space    used 958K, capacity 1023K, committed 1024K, reserved 1048576K
}
Event: 0.514 GC heap before
{Heap before GC invocations=2 (full 1):
 PSYoungGen      total 37888K, used 2970K [0x00000000e0000000, 0x00000000e2a00000, 0x0000000100000000)
  eden space 32768K, 0% used [0x00000000e0000000,0x00000000e0000000,0x00000000e2000000)
  from space 5120K, 58% used [0x00000000e2000000,0x00000000e22e6810,0x00000000e2500000)
  to   space 5120K, 0% used [0x00000000e2500000,0x00000000e2500000,0x00000000e2a00000)
 ParOldGen       total 86016K, used 8K [0x00000000a0000000, 0x00000000a5400000, 0x00000000e0000000)
  object space 86016K, 0% used [0x00000000a0000000,0x00000000a0002000,0x00000000a5400000)
 Metaspace       used 8989K, capacity 9186K, committed 9216K, reserved 1056768K
  class space    used 958K, capacity 1023K, committed 1024K, reserved 1048576K
Event: 0.524 GC heap after
Heap after GC invocations=2 (full 1):
 PSYoungGen      total 37888K, used 0K [0x00000000e0000000, 0x00000000e2a00000, 0x0000000100000000)
  eden space 32768K, 0% used [0x00000000e0000000,0x00000000e0000000,0x00000000e2000000)
  from space 5120K, 0% used [0x00000000e2000000,0x00000000e2000000,0x00000000e2500000)
  to   space 5120K, 0% used [0x00000000e2500000,0x00000000e2500000,0x00000000e2a00000)
 ParOldGen       total 86016K, used 2705K [0x00000000a0000000, 0x00000000a5400000, 0x00000000e0000000)
  object space 86016K, 3% used [0x00000000a0000000,0x00000000a02a4470,0x00000000a5400000)
 Metaspace       used 8989K, capacity 9186K, committed 9216K, reserved 1056768K
  class space    used 958K, capacity 1023K, committed 1024K, reserved 1048576K
}

Deoptimization events (4 events):
Event: 0.721 Thread 0x00000000194cf000 Uncommon trap: reason=unstable_if action=reinterpret pc=0x00000000029b2a1c method=java.security.DigestInputStream.read([BII)I @ 22
Event: 0.740 Thread 0x00000000194cf000 Uncommon trap: reason=unstable_if action=reinterpret pc=0x00000000029aeab0 method=java.security.DigestInputStream.read([BII)I @ 22
Event: 18.739 Thread 0x00000000185ca000 Uncommon trap: reason=unstable_if action=reinterpret pc=0x00000000029abd90 method=sun.security.provider.DigestBase.engineUpdate([BII)V @ 35
Event: 18.739 Thread 0x00000000185ca000 Uncommon trap: reason=unstable_if action=reinterpret pc=0x00000000029a890c method=sun.security.provider.DigestBase.engineUpdate([BII)V @ 35

Classes redefined (0 events):
No events

Internal exceptions (10 events):
Event: 17.713 Thread 0x00000000192d9000 Exception <a 'java/net/ConnectException': Connection refused: connect> (0x00000000e02e0400) thrown at [D:\src\AOSP-openjdk-cygwin\jdk8u\hotspot\src\share\vm\prims\jni.cpp, line 735]
Event: 18.725 Thread 0x00000000192d9000 Exception <a 'java/net/ConnectException': Connection refused: connect> (0x00000000e02e0cf8) thrown at [D:\src\AOSP-openjdk-cygwin\jdk8u\hotspot\src\share\vm\prims\jni.cpp, line 735]
Event: 18.731 Thread 0x00000000194cf000 Exception <a 'java/lang/NoSuchMethodError': <clinit>> (0x00000000e0448ec0) thrown at [D:\src\AOSP-openjdk-cygwin\jdk8u\hotspot\src\share\vm\prims\jni.cpp, line 1613]
Event: 18.740 Thread 0x00000000185ca000 Exception <a 'java/lang/NoSuchMethodError': <clinit>> (0x00000000e04d7998) thrown at [D:\src\AOSP-openjdk-cygwin\jdk8u\hotspot\src\share\vm\prims\jni.cpp, line 1613]
Event: 18.744 Thread 0x00000000185ca000 Exception <a 'java/lang/NoSuchMethodError': <clinit>> (0x00000000e04ed058) thrown at [D:\src\AOSP-openjdk-cygwin\jdk8u\hotspot\src\share\vm\prims\jni.cpp, line 1613]
Event: 18.744 Thread 0x00000000185ca000 Exception <a 'java/lang/NoSuchMethodError': <clinit>> (0x00000000e04eed10) thrown at [D:\src\AOSP-openjdk-cygwin\jdk8u\hotspot\src\share\vm\prims\jni.cpp, line 1613]
Event: 18.744 Thread 0x00000000185ca000 Exception <a 'java/lang/NoSuchMethodError': <clinit>> (0x00000000e04f9640) thrown at [D:\src\AOSP-openjdk-cygwin\jdk8u\hotspot\src\share\vm\prims\jni.cpp, line 1613]
Event: 18.750 Thread 0x00000000185ca000 Exception <a 'java/lang/NoSuchMethodError': <clinit>> (0x00000000e0524518) thrown at [D:\src\AOSP-openjdk-cygwin\jdk8u\hotspot\src\share\vm\prims\jni.cpp, line 1613]
Event: 18.772 Thread 0x00000000185ca000 Exception <a 'java/lang/NoSuchMethodError': <clinit>> (0x00000000e06db9e8) thrown at [D:\src\AOSP-openjdk-cygwin\jdk8u\hotspot\src\share\vm\prims\jni.cpp, line 1613]
Event: 18.774 Thread 0x00000000185cc000 Exception <a 'java/lang/InterruptedException'> (0x00000000e07019b8) thrown at [D:\src\AOSP-openjdk-cygwin\jdk8u\hotspot\src\share\vm\runtime\objectMonitor.cpp, line 1684]

Events (10 events):
Event: 18.794 loading class org/jetbrains/kotlin/config/JVMAssertionsMode
Event: 18.794 loading class org/jetbrains/kotlin/config/JVMAssertionsMode done
Event: 18.794 loading class org/jetbrains/kotlin/config/JVMAssertionsMode$Companion
Event: 18.794 loading class org/jetbrains/kotlin/config/JVMAssertionsMode$Companion done
Event: 18.795 loading class org/jetbrains/kotlin/config/JvmDefaultMode
Event: 18.795 loading class org/jetbrains/kotlin/config/JvmDefaultMode done
Event: 18.795 loading class org/jetbrains/kotlin/config/JvmDefaultMode$Companion
Event: 18.795 loading class org/jetbrains/kotlin/config/JvmDefaultMode$Companion done
Event: 18.795 loading class org/jetbrains/kotlin/cli/common/arguments/ParseCommandLineArgumentsKt
Event: 18.795 loading class org/jetbrains/kotlin/cli/common/arguments/ParseCommandLineArgumentsKt done


Dynamic libraries:
0x00007ff79fd90000 - 0x00007ff79fdc1000 	C:\Program Files\Android\Android Studio\jre\jre\bin\java.exe
0x00007ff804970000 - 0x00007ff804b51000 	C:\Windows\SYSTEM32\ntdll.dll
0x00007ff802d40000 - 0x00007ff802df2000 	C:\Windows\System32\KERNEL32.DLL
0x00007ff801b80000 - 0x00007ff801df3000 	C:\Windows\System32\KERNELBASE.dll
0x00007ff802200000 - 0x00007ff8022a1000 	C:\Windows\System32\ADVAPI32.dll
0x00007ff804660000 - 0x00007ff8046fe000 	C:\Windows\System32\msvcrt.dll
0x00007ff8044d0000 - 0x00007ff80452b000 	C:\Windows\System32\sechost.dll
0x00007ff804530000 - 0x00007ff804654000 	C:\Windows\System32\RPCRT4.dll
0x00007ff802ec0000 - 0x00007ff803050000 	C:\Windows\System32\USER32.dll
0x00007ff801ac0000 - 0x00007ff801ae0000 	C:\Windows\System32\win32u.dll
0x00007ff8029b0000 - 0x00007ff8029d8000 	C:\Windows\System32\GDI32.dll
0x00007ff801920000 - 0x00007ff801ab2000 	C:\Windows\System32\gdi32full.dll
0x00007ff801ae0000 - 0x00007ff801b7f000 	C:\Windows\System32\msvcp_win.dll
0x00007ff801820000 - 0x00007ff80191a000 	C:\Windows\System32\ucrtbase.dll
0x00007ffff1780000 - 0x00007ffff19e9000 	C:\Windows\WinSxS\amd64_microsoft.windows.common-controls_6595b64144ccf1df_6.0.17134.407_none_fb449d63306391e9\COMCTL32.dll
0x00007ff801e00000 - 0x00007ff802122000 	C:\Windows\System32\combase.dll
0x00007ff800f30000 - 0x00007ff800faa000 	C:\Windows\System32\bcryptPrimitives.dll
0x00007ff8044a0000 - 0x00007ff8044cd000 	C:\Windows\System32\IMM32.DLL
0x0000000055250000 - 0x0000000055322000 	C:\Program Files\Android\Android Studio\jre\jre\bin\msvcr100.dll
0x0000000055410000 - 0x0000000055c51000 	C:\Program Files\Android\Android Studio\jre\jre\bin\server\jvm.dll
0x00007ff803050000 - 0x00007ff803058000 	C:\Windows\System32\PSAPI.DLL
0x00007fffebee0000 - 0x00007fffebee9000 	C:\Windows\SYSTEM32\WSOCK32.dll
0x00007ffffdef0000 - 0x00007ffffdf13000 	C:\Windows\SYSTEM32\WINMM.dll
0x00007ff8028c0000 - 0x00007ff80292c000 	C:\Windows\System32\WS2_32.dll
0x00007fffec9f0000 - 0x00007fffec9fa000 	C:\Windows\SYSTEM32\VERSION.dll
0x00007ffffd400000 - 0x00007ffffd42a000 	C:\Windows\SYSTEM32\WINMMBASE.dll
0x00007ff801060000 - 0x00007ff8010a9000 	C:\Windows\System32\cfgmgr32.dll
0x00007fffface0000 - 0x00007ffffacef000 	C:\Program Files\Android\Android Studio\jre\jre\bin\verify.dll
0x00007ffffa480000 - 0x00007ffffa4a9000 	C:\Program Files\Android\Android Studio\jre\jre\bin\java.dll
0x00007ffffab00000 - 0x00007ffffab16000 	C:\Program Files\Android\Android Studio\jre\jre\bin\zip.dll
0x00007ff803060000 - 0x00007ff80449f000 	C:\Windows\System32\SHELL32.dll
0x00007ff802150000 - 0x00007ff8021f9000 	C:\Windows\System32\shcore.dll
0x00007ff8010b0000 - 0x00007ff8017bd000 	C:\Windows\System32\windows.storage.dll
0x00007ff802410000 - 0x00007ff802461000 	C:\Windows\System32\shlwapi.dll
0x00007ff800c90000 - 0x00007ff800ca1000 	C:\Windows\System32\kernel.appcore.dll
0x00007ff800cd0000 - 0x00007ff800cef000 	C:\Windows\System32\profapi.dll
0x00007ff800cf0000 - 0x00007ff800d3c000 	C:\Windows\System32\powrprof.dll
0x00007ff800c80000 - 0x00007ff800c8a000 	C:\Windows\System32\FLTLIB.DLL
0x00007ffffacd0000 - 0x00007ffffacdd000 	C:\Program Files\Android\Android Studio\jre\jre\bin\management.dll
0x00007ffffaa90000 - 0x00007ffffaaaa000 	C:\Program Files\Android\Android Studio\jre\jre\bin\net.dll
0x00007ff800500000 - 0x00007ff800566000 	C:\Windows\system32\mswsock.dll
0x00007ffffaa50000 - 0x00007ffffaa61000 	C:\Program Files\Android\Android Studio\jre\jre\bin\nio.dll
0x00007ff8006b0000 - 0x00007ff8006c7000 	C:\Windows\SYSTEM32\CRYPTSP.dll
0x00007ff8000e0000 - 0x00007ff800113000 	C:\Windows\system32\rsaenh.dll
0x00007ff8007e0000 - 0x00007ff800805000 	C:\Windows\SYSTEM32\bcrypt.dll
0x00007ff800bb0000 - 0x00007ff800bd8000 	C:\Windows\SYSTEM32\USERENV.dll
0x00007ff8006d0000 - 0x00007ff8006db000 	C:\Windows\SYSTEM32\CRYPTBASE.dll
0x00007ff800280000 - 0x00007ff8002b8000 	C:\Windows\SYSTEM32\IPHLPAPI.DLL
0x00007ff802140000 - 0x00007ff802148000 	C:\Windows\System32\NSI.dll
0x00007ffffa8c0000 - 0x00007ffffa8d6000 	C:\Windows\SYSTEM32\dhcpcsvc6.DLL
0x00007ffffa8a0000 - 0x00007ffffa8ba000 	C:\Windows\SYSTEM32\dhcpcsvc.DLL

VM Arguments:
jvm_args: -Djava.awt.headless=true -Djava.rmi.server.hostname=127.0.0.1 -Xmx1536m -Dkotlin.environment.keepalive 
java_command: org.jetbrains.kotlin.daemon.KotlinCompileDaemon --daemon-runFilesPath C:\Users\verdy\AppData\Local\kotlin\daemon --daemon-autoshutdownIdleSeconds=7200 --daemon-compilerClasspath C:\Users\verdy\.gradle\caches\modules-2\files-2.1\org.jetbrains.kotlin\kotlin-compiler-embeddable\1.3.10\adc9e577de39fba3db6d60662892118afedd713\kotlin-compiler-embeddable-1.3.10.jar;C:\Users\verdy\.gradle\caches\modules-2\files-2.1\org.jetbrains.kotlin\kotlin-reflect\1.3.10\dd02865be0351707554b16a896b766b2396cdafa\kotlin-reflect-1.3.10.jar;C:\Users\verdy\.gradle\caches\modules-2\files-2.1\org.jetbrains.kotlin\kotlin-stdlib\1.3.10\b178c1501609c6e4ee8be635513cb023a466457d\kotlin-stdlib-1.3.10.jar;C:\Users\verdy\.gradle\caches\modules-2\files-2.1\org.jetbrains.kotlin\kotlin-script-runtime\1.3.10\1d2bac36f99b84e1493244f12629bc0756a3ff90\kotlin-script-runtime-1.3.10.jar;C:\Users\verdy\.gradle\caches\modules-2\files-2.1\org.jetbrains.kotlin\kotlin-stdlib-common\1.3.10\1b19d99229dcedad7caf50534dce38fe82845269\kotlin-stdlib-common-1.3.10.jar;C:\Users\verdy\.gradle\caches\modules-2\files-2.1\org.jetbrains\annotations\13.0\919f0dfe192fb4e063e7dacadee7f8bb9a2672a9\annotations-13.0.jar;C:\Program Files\Android\Android Studio\jre\lib\tools.jar
java_class_path (initial): C:\Users\verdy\.gradle\caches\modules-2\files-2.1\org.jetbrains.kotlin\kotlin-compiler-embeddable\1.3.10\adc9e577de39fba3db6d60662892118afedd713\kotlin-compiler-embeddable-1.3.10.jar;C:\Users\verdy\.gradle\caches\modules-2\files-2.1\org.jetbrains.kotlin\kotlin-reflect\1.3.10\dd02865be0351707554b16a896b766b2396cdafa\kotlin-reflect-1.3.10.jar;C:\Users\verdy\.gradle\caches\modules-2\files-2.1\org.jetbrains.kotlin\kotlin-stdlib\1.3.10\b178c1501609c6e4ee8be635513cb023a466457d\kotlin-stdlib-1.3.10.jar;C:\Users\verdy\.gradle\caches\modules-2\files-2.1\org.jetbrains.kotlin\kotlin-script-runtime\1.3.10\1d2bac36f99b84e1493244f12629bc0756a3ff90\kotlin-script-runtime-1.3.10.jar;C:\Users\verdy\.gradle\caches\modules-2\files-2.1\org.jetbrains.kotlin\kotlin-stdlib-common\1.3.10\1b19d99229dcedad7caf50534dce38fe82845269\kotlin-stdlib-common-1.3.10.jar;C:\Users\verdy\.gradle\caches\modules-2\files-2.1\org.jetbrains\annotations\13.0\919f0dfe192fb4e063e7dacadee7f8bb9a2672a9\annotations-13.0.jar;C:\Program Files\Android\Android Studio\jre\lib\tools.jar
Launcher Type: SUN_STANDARD

Environment Variables:
PATH=C:\Program Files (x86)\Intel\Intel(R) Management Engine Components\iCLS\;C:\Program Files\Intel\Intel(R) Management Engine Components\iCLS\;C:\Windows\system32;C:\Windows;C:\Windows\System32\Wbem;C:\Windows\System32\WindowsPowerShell\v1.0\;C:\Windows\System32\OpenSSH\;C:\Program Files (x86)\Intel\Intel(R) Management Engine Components\DAL;C:\Program Files\Intel\Intel(R) Management Engine Components\DAL;C:\Program Files (x86)\Intel\Intel(R) Management Engine Components\IPT;C:\Program Files\Intel\Intel(R) Management Engine Components\IPT;C:\Program Files\nodejs\;C:\Program Files\Intel\WiFi\bin\;C:\Program Files\Common Files\Intel\WirelessCommon\;C:\Program Files (x86)\GitExtensions\;C:\Program Files\Git\cmd;C:\Users\verdy\AppData\Local\Microsoft\WindowsApps;;C:\Users\verdy\AppData\Local\Programs\Microsoft VS Code\bin;C:\Users\verdy\AppData\Roaming\npm
USERNAME=verdy
OS=Windows_NT
PROCESSOR_IDENTIFIER=Intel64 Family 6 Model 142 Stepping 10, GenuineIntel



---------------  S Y S T E M  ---------------

OS: Windows 10.0 , 64 bit Build 17134 (10.0.17134.1)

CPU:total 8 (initial active 8) (4 cores per cpu, 2 threads per core) family 6 model 142 stepping 10, cmov, cx8, fxsr, mmx, sse, sse2, sse3, ssse3, sse4.1, sse4.2, popcnt, avx, avx2, aes, clmul, erms, 3dnowpref, lzcnt, ht, tsc, tscinvbit, bmi1, bmi2, adx

Memory: 4k page, physical 8238236k(940524k free), swap 10491036k(3116k free)

vm_info: OpenJDK 64-Bit Server VM (25.152-b06) for windows-amd64 JRE (1.8.0_152-release-1136-b06), built by "builder" with MS VC++ 10.0 (VS2010)

time: Sat Nov 24 22:50:03 2018
elapsed time: 18 seconds (0d 0h 0m 18s)

