#
# There is insufficient memory for the Java Runtime Environment to continue.
# Native memory allocation (malloc) failed to allocate 1472016 bytes for Chunk::new
# Possible reasons:
#   The system is out of physical RAM or swap space
#   In 32 bit mode, the process size limit was hit
# Possible solutions:
#   Reduce memory load on the system
#   Increase physical memory or swap space
#   Check if swap backing store is full
#   Use 64 bit Java on a 64 bit OS
#   Decrease Java heap size (-Xmx/-Xms)
#   Decrease number of Java threads
#   Decrease Java thread stack sizes (-Xss)
#   Set larger code cache with -XX:ReservedCodeCacheSize=
# This output file may be truncated or incomplete.
#
#  Out of Memory Error (allocation.cpp:390), pid=9112, tid=0x0000000000001760
#
# JRE version: OpenJDK Runtime Environment (8.0_152-b06) (build 1.8.0_152-release-1136-b06)
# Java VM: OpenJDK 64-Bit Server VM (25.152-b06 mixed mode windows-amd64 compressed oops)
# Failed to write core dump. Minidumps are not enabled by default on client versions of Windows
#

---------------  T H R E A D  ---------------

Current thread (0x00000000185da000):  JavaThread "C2 CompilerThread0" daemon [_thread_in_native, id=5984, stack(0x0000000018dd0000,0x0000000018ed0000)]

Stack: [0x0000000018dd0000,0x0000000018ed0000]
[error occurred during error reporting (printing stack bounds), id 0xc0000005]

Native frames: (J=compiled Java code, j=interpreted, Vv=VM code, C=native code)


Current CompileTask:
C2:  14115 1912   !   4       java.net.URLClassLoader$1::run (63 bytes)


---------------  P R O C E S S  ---------------

Java Threads: ( => current thread )
  0x00000000187c6800 JavaThread "RMI RenewClean-[127.0.0.1:54395,org.jetbrains.kotlin.daemon.common.LoopbackNetworkInterface$ClientLoopbackSocketFactory@469d9c73]" daemon [_thread_blocked, id=7972, stack(0x000000001aa80000,0x000000001ab80000)]
  0x0000000019488000 JavaThread "RMI TCP Connection(2)-127.0.0.1" daemon [_thread_in_vm, id=10564, stack(0x000000001a980000,0x000000001aa80000)]
  0x0000000019487000 JavaThread "RMI Scheduler(0)" daemon [_thread_blocked, id=10096, stack(0x000000001a880000,0x000000001a980000)]
  0x000000001967a800 JavaThread "RMI TCP Connection(1)-127.0.0.1" daemon [_thread_in_native, id=7588, stack(0x000000001a780000,0x000000001a880000)]
  0x0000000002822800 JavaThread "DestroyJavaVM" [_thread_blocked, id=6368, stack(0x0000000002700000,0x0000000002800000)]
  0x0000000019687000 JavaThread "GC Daemon" daemon [_thread_blocked, id=1452, stack(0x000000001a310000,0x000000001a410000)]
  0x000000001968c800 JavaThread "RMI Reaper" [_thread_blocked, id=5024, stack(0x000000001a210000,0x000000001a310000)]
  0x000000001948e000 JavaThread "Timer-0" daemon [_thread_blocked, id=10560, stack(0x000000001a010000,0x000000001a110000)]
  0x000000001948d000 JavaThread "RMI TCP Accept-17264" daemon [_thread_in_native, id=7532, stack(0x0000000019f10000,0x000000001a010000)]
  0x0000000018677000 JavaThread "Service Thread" daemon [_thread_blocked, id=14156, stack(0x00000000191d0000,0x00000000192d0000)]
  0x00000000166ec000 JavaThread "C1 CompilerThread3" daemon [_thread_blocked, id=14576, stack(0x00000000190d0000,0x00000000191d0000)]
  0x00000000185de800 JavaThread "C2 CompilerThread2" daemon [_thread_blocked, id=13108, stack(0x0000000018fd0000,0x00000000190d0000)]
  0x00000000185dd000 JavaThread "C2 CompilerThread1" daemon [_thread_in_native, id=1604, stack(0x0000000018ed0000,0x0000000018fd0000)]
=>0x00000000185da000 JavaThread "C2 CompilerThread0" daemon [_thread_in_native, id=5984, stack(0x0000000018dd0000,0x0000000018ed0000)]
  0x00000000185d9000 JavaThread "Attach Listener" daemon [_thread_blocked, id=2056, stack(0x0000000018cd0000,0x0000000018dd0000)]
  0x00000000185d8000 JavaThread "Signal Dispatcher" daemon [_thread_blocked, id=14452, stack(0x0000000018bd0000,0x0000000018cd0000)]
  0x00000000185d0800 JavaThread "Finalizer" daemon [_thread_blocked, id=6224, stack(0x00000000189b0000,0x0000000018ab0000)]
  0x00000000166da800 JavaThread "Reference Handler" daemon [_thread_blocked, id=13440, stack(0x00000000184b0000,0x00000000185b0000)]

Other Threads:
  0x00000000166d6800 VMThread [stack: 0x00000000183b0000,0x00000000184b0000] [id=11552]
  0x0000000018678000 WatcherThread [stack: 0x00000000192d0000,0x00000000193d0000] [id=14736]

VM state:not at safepoint (normal execution)

VM Mutex/Monitor currently owned by a thread: None

Heap:
 PSYoungGen      total 37888K, used 24794K [0x00000000e0000000, 0x00000000e4480000, 0x0000000100000000)
  eden space 32768K, 60% used [0x00000000e0000000,0x00000000e133c5c0,0x00000000e2000000)
  from space 5120K, 99% used [0x00000000e2500000,0x00000000e29fa468,0x00000000e2a00000)
  to   space 5120K, 0% used [0x00000000e2000000,0x00000000e2000000,0x00000000e2500000)
 ParOldGen       total 50688K, used 13410K [0x00000000a0000000, 0x00000000a3180000, 0x00000000e0000000)
  object space 50688K, 26% used [0x00000000a0000000,0x00000000a0d18a70,0x00000000a3180000)
 Metaspace       used 28614K, capacity 29184K, committed 29488K, reserved 1075200K
  class space    used 3621K, capacity 3800K, committed 3888K, reserved 1048576K

Card table byte_map: [0x0000000011ce0000,0x0000000011ff0000] byte_map_base: 0x00000000117e0000

Marking Bits: (ParMarkBitMap*) 0x0000000055bd5aa0
 Begin Bits: [0x00000000129f0000, 0x00000000141f0000)
 End Bits:   [0x00000000141f0000, 0x00000000159f0000)

Polling page: 0x00000000005f0000

CodeCache: size=245760Kb used=6191Kb max_used=6203Kb free=239569Kb
 bounds [0x0000000002920000, 0x0000000002f40000, 0x0000000011920000]
 total_blobs=2517 nmethods=2064 adapters=366
 compilation: enabled

Compilation events (10 events):
Event: 14.099 Thread 0x00000000166ec000 nmethod 2064 0x0000000002f2d090 code [0x0000000002f2d220, 0x0000000002f2d608]
Event: 14.100 Thread 0x00000000166ec000 2052       3       kotlin.collections.ArraysKt___ArraysKt::getLastIndex (11 bytes)
Event: 14.100 Thread 0x00000000166ec000 nmethod 2052 0x0000000002f2d710 code [0x0000000002f2d880, 0x0000000002f2daa8]
Event: 14.100 Thread 0x00000000166ec000 2065   !   3       org.jetbrains.kotlin.protobuf.ByteString::toStringUtf8 (19 bytes)
Event: 14.100 Thread 0x00000000166ec000 nmethod 2065 0x0000000002f2db90 code [0x0000000002f2dd20, 0x0000000002f2e018]
Event: 14.100 Thread 0x00000000166ec000 2066       3       java.util.HashSet::<init> (18 bytes)
Event: 14.100 Thread 0x00000000166ec000 nmethod 2066 0x0000000002f2e110 code [0x0000000002f2e2a0, 0x0000000002f2e628]
Event: 14.100 Thread 0x00000000166ec000 2060       1       org.jetbrains.kotlin.metadata.jvm.JvmModuleProtoBuf$PackageParts::getMultifileFacadeShortNameIdList (5 bytes)
Event: 14.100 Thread 0x00000000166ec000 nmethod 2060 0x0000000002f2e810 code [0x0000000002f2e960, 0x0000000002f2ea70]
Event: 14.106 Thread 0x00000000185de800 nmethod 2061 0x0000000002f31c90 code [0x0000000002f31e40, 0x0000000002f323e0]

GC Heap History (10 events):
Event: 0.508 GC heap before
{Heap before GC invocations=2 (full 1):
 PSYoungGen      total 37888K, used 2986K [0x00000000e0000000, 0x00000000e2a00000, 0x0000000100000000)
  eden space 32768K, 0% used [0x00000000e0000000,0x00000000e0000000,0x00000000e2000000)
  from space 5120K, 58% used [0x00000000e2000000,0x00000000e22ea800,0x00000000e2500000)
  to   space 5120K, 0% used [0x00000000e2500000,0x00000000e2500000,0x00000000e2a00000)
 ParOldGen       total 86016K, used 8K [0x00000000a0000000, 0x00000000a5400000, 0x00000000e0000000)
  object space 86016K, 0% used [0x00000000a0000000,0x00000000a0002000,0x00000000a5400000)
 Metaspace       used 8993K, capacity 9186K, committed 9216K, reserved 1056768K
  class space    used 958K, capacity 1023K, committed 1024K, reserved 1048576K
Event: 0.518 GC heap after
Heap after GC invocations=2 (full 1):
 PSYoungGen      total 37888K, used 0K [0x00000000e0000000, 0x00000000e2a00000, 0x0000000100000000)
  eden space 32768K, 0% used [0x00000000e0000000,0x00000000e0000000,0x00000000e2000000)
  from space 5120K, 0% used [0x00000000e2000000,0x00000000e2000000,0x00000000e2500000)
  to   space 5120K, 0% used [0x00000000e2500000,0x00000000e2500000,0x00000000e2a00000)
 ParOldGen       total 86016K, used 2705K [0x00000000a0000000, 0x00000000a5400000, 0x00000000e0000000)
  object space 86016K, 3% used [0x00000000a0000000,0x00000000a02a46b0,0x00000000a5400000)
 Metaspace       used 8993K, capacity 9186K, committed 9216K, reserved 1056768K
  class space    used 958K, capacity 1023K, committed 1024K, reserved 1048576K
}
Event: 13.035 GC heap before
{Heap before GC invocations=3 (full 1):
 PSYoungGen      total 37888K, used 32768K [0x00000000e0000000, 0x00000000e2a00000, 0x0000000100000000)
  eden space 32768K, 100% used [0x00000000e0000000,0x00000000e2000000,0x00000000e2000000)
  from space 5120K, 0% used [0x00000000e2000000,0x00000000e2000000,0x00000000e2500000)
  to   space 5120K, 0% used [0x00000000e2500000,0x00000000e2500000,0x00000000e2a00000)
 ParOldGen       total 86016K, used 2705K [0x00000000a0000000, 0x00000000a5400000, 0x00000000e0000000)
  object space 86016K, 3% used [0x00000000a0000000,0x00000000a02a46b0,0x00000000a5400000)
 Metaspace       used 14038K, capacity 14302K, committed 14592K, reserved 1062912K
  class space    used 1616K, capacity 1697K, committed 1792K, reserved 1048576K
Event: 13.040 GC heap after
Heap after GC invocations=3 (full 1):
 PSYoungGen      total 37888K, used 5102K [0x00000000e0000000, 0x00000000e2a00000, 0x0000000100000000)
  eden space 32768K, 0% used [0x00000000e0000000,0x00000000e0000000,0x00000000e2000000)
  from space 5120K, 99% used [0x00000000e2500000,0x00000000e29fb900,0x00000000e2a00000)
  to   space 5120K, 0% used [0x00000000e2000000,0x00000000e2000000,0x00000000e2500000)
 ParOldGen       total 86016K, used 4943K [0x00000000a0000000, 0x00000000a5400000, 0x00000000e0000000)
  object space 86016K, 5% used [0x00000000a0000000,0x00000000a04d3f38,0x00000000a5400000)
 Metaspace       used 14038K, capacity 14302K, committed 14592K, reserved 1062912K
  class space    used 1616K, capacity 1697K, committed 1792K, reserved 1048576K
}
Event: 13.460 GC heap before
{Heap before GC invocations=4 (full 1):
 PSYoungGen      total 37888K, used 37622K [0x00000000e0000000, 0x00000000e2a00000, 0x0000000100000000)
  eden space 32768K, 99% used [0x00000000e0000000,0x00000000e1fc1fd8,0x00000000e2000000)
  from space 5120K, 99% used [0x00000000e2500000,0x00000000e29fb900,0x00000000e2a00000)
  to   space 5120K, 0% used [0x00000000e2000000,0x00000000e2000000,0x00000000e2500000)
 ParOldGen       total 86016K, used 4943K [0x00000000a0000000, 0x00000000a5400000, 0x00000000e0000000)
  object space 86016K, 5% used [0x00000000a0000000,0x00000000a04d3f38,0x00000000a5400000)
 Metaspace       used 20739K, capacity 21146K, committed 21296K, reserved 1069056K
  class space    used 2477K, capacity 2577K, committed 2608K, reserved 1048576K
Event: 13.467 GC heap after
Heap after GC invocations=4 (full 1):
 PSYoungGen      total 37888K, used 5089K [0x00000000e0000000, 0x00000000e2a00000, 0x0000000100000000)
  eden space 32768K, 0% used [0x00000000e0000000,0x00000000e0000000,0x00000000e2000000)
  from space 5120K, 99% used [0x00000000e2000000,0x00000000e24f8510,0x00000000e2500000)
  to   space 5120K, 0% used [0x00000000e2500000,0x00000000e2500000,0x00000000e2a00000)
 ParOldGen       total 86016K, used 10255K [0x00000000a0000000, 0x00000000a5400000, 0x00000000e0000000)
  object space 86016K, 11% used [0x00000000a0000000,0x00000000a0a03de0,0x00000000a5400000)
 Metaspace       used 20739K, capacity 21146K, committed 21296K, reserved 1069056K
  class space    used 2477K, capacity 2577K, committed 2608K, reserved 1048576K
}
Event: 13.467 GC heap before
{Heap before GC invocations=5 (full 2):
 PSYoungGen      total 37888K, used 5089K [0x00000000e0000000, 0x00000000e2a00000, 0x0000000100000000)
  eden space 32768K, 0% used [0x00000000e0000000,0x00000000e0000000,0x00000000e2000000)
  from space 5120K, 99% used [0x00000000e2000000,0x00000000e24f8510,0x00000000e2500000)
  to   space 5120K, 0% used [0x00000000e2500000,0x00000000e2500000,0x00000000e2a00000)
 ParOldGen       total 86016K, used 10255K [0x00000000a0000000, 0x00000000a5400000, 0x00000000e0000000)
  object space 86016K, 11% used [0x00000000a0000000,0x00000000a0a03de0,0x00000000a5400000)
 Metaspace       used 20739K, capacity 21146K, committed 21296K, reserved 1069056K
  class space    used 2477K, capacity 2577K, committed 2608K, reserved 1048576K
Event: 13.493 GC heap after
Heap after GC invocations=5 (full 2):
 PSYoungGen      total 37888K, used 0K [0x00000000e0000000, 0x00000000e2a00000, 0x0000000100000000)
  eden space 32768K, 0% used [0x00000000e0000000,0x00000000e0000000,0x00000000e2000000)
  from space 5120K, 0% used [0x00000000e2000000,0x00000000e2000000,0x00000000e2500000)
  to   space 5120K, 0% used [0x00000000e2500000,0x00000000e2500000,0x00000000e2a00000)
 ParOldGen       total 50688K, used 11348K [0x00000000a0000000, 0x00000000a3180000, 0x00000000e0000000)
  object space 50688K, 22% used [0x00000000a0000000,0x00000000a0b151c8,0x00000000a3180000)
 Metaspace       used 20739K, capacity 21146K, committed 21296K, reserved 1069056K
  class space    used 2477K, capacity 2577K, committed 2608K, reserved 1048576K
}
Event: 13.876 GC heap before
{Heap before GC invocations=6 (full 2):
 PSYoungGen      total 37888K, used 32768K [0x00000000e0000000, 0x00000000e2a00000, 0x0000000100000000)
  eden space 32768K, 100% used [0x00000000e0000000,0x00000000e2000000,0x00000000e2000000)
  from space 5120K, 0% used [0x00000000e2000000,0x00000000e2000000,0x00000000e2500000)
  to   space 5120K, 0% used [0x00000000e2500000,0x00000000e2500000,0x00000000e2a00000)
 ParOldGen       total 50688K, used 11348K [0x00000000a0000000, 0x00000000a3180000, 0x00000000e0000000)
  object space 50688K, 22% used [0x00000000a0000000,0x00000000a0b151c8,0x00000000a3180000)
 Metaspace       used 25663K, capacity 26246K, committed 26544K, reserved 1073152K
  class space    used 3262K, capacity 3443K, committed 3504K, reserved 1048576K
Event: 13.881 GC heap after
Heap after GC invocations=6 (full 2):
 PSYoungGen      total 37888K, used 5097K [0x00000000e0000000, 0x00000000e4480000, 0x0000000100000000)
  eden space 32768K, 0% used [0x00000000e0000000,0x00000000e0000000,0x00000000e2000000)
  from space 5120K, 99% used [0x00000000e2500000,0x00000000e29fa468,0x00000000e2a00000)
  to   space 5120K, 0% used [0x00000000e2000000,0x00000000e2000000,0x00000000e2500000)
 ParOldGen       total 50688K, used 13410K [0x00000000a0000000, 0x00000000a3180000, 0x00000000e0000000)
  object space 50688K, 26% used [0x00000000a0000000,0x00000000a0d18a70,0x00000000a3180000)
 Metaspace       used 25663K, capacity 26246K, committed 26544K, reserved 1073152K
  class space    used 3262K, capacity 3443K, committed 3504K, reserved 1048576K
}

Deoptimization events (10 events):
Event: 13.670 Thread 0x0000000019488000 Uncommon trap: reason=class_check action=maybe_recompile pc=0x0000000002cf736c method=java.util.Collections$UnmodifiableList.get(I)Ljava/lang/Object; @ 5
Event: 13.670 Thread 0x0000000019488000 Uncommon trap: reason=class_check action=maybe_recompile pc=0x0000000002cf736c method=java.util.Collections$UnmodifiableList.get(I)Ljava/lang/Object; @ 5
Event: 13.670 Thread 0x0000000019488000 Uncommon trap: reason=unstable_if action=reinterpret pc=0x0000000002aa8688 method=java.lang.String.startsWith(Ljava/lang/String;I)Z @ 25
Event: 13.849 Thread 0x0000000019488000 Uncommon trap: reason=unstable_if action=reinterpret pc=0x0000000002e9491c method=org.jetbrains.kotlin.com.intellij.openapi.vfs.impl.ZipEntryMap.isTheOne(Lorg/jetbrains/kotlin/com/intellij/openapi/vfs/impl/ArchiveHandler$EntryInfo;Ljava/lang/CharSequence;
Event: 13.898 Thread 0x0000000019488000 Uncommon trap: reason=bimorphic action=maybe_recompile pc=0x0000000002b5e568 method=java.io.FilterInputStream.read([B)I @ 5
Event: 14.048 Thread 0x0000000019488000 Uncommon trap: reason=unstable_if action=reinterpret pc=0x0000000002ede3c8 method=org.jetbrains.kotlin.protobuf.CodedInputStream.readRawVarint32()I @ 10
Event: 14.093 Thread 0x0000000019488000 Uncommon trap: reason=class_check action=maybe_recompile pc=0x0000000002ef3828 method=org.jetbrains.kotlin.protobuf.CodedInputStream.tryRefillBuffer(I)Z @ 177
Event: 14.095 Thread 0x0000000019488000 Uncommon trap: reason=class_check action=maybe_recompile pc=0x0000000002ef3828 method=org.jetbrains.kotlin.protobuf.CodedInputStream.tryRefillBuffer(I)Z @ 177
Event: 14.097 Thread 0x0000000019488000 Uncommon trap: reason=class_check action=maybe_recompile pc=0x0000000002ef3828 method=org.jetbrains.kotlin.protobuf.CodedInputStream.tryRefillBuffer(I)Z @ 177
Event: 14.097 Thread 0x0000000019488000 Uncommon trap: reason=class_check action=maybe_recompile pc=0x0000000002ef3828 method=org.jetbrains.kotlin.protobuf.CodedInputStream.tryRefillBuffer(I)Z @ 177

Classes redefined (0 events):
No events

Internal exceptions (10 events):
Event: 12.702 Thread 0x0000000019488000 Exception <a 'java/lang/NoSuchMethodError': <clinit>> (0x00000000e0524570) thrown at [D:\src\AOSP-openjdk-cygwin\jdk8u\hotspot\src\share\vm\prims\jni.cpp, line 1613]
Event: 12.728 Thread 0x0000000019488000 Exception <a 'java/lang/NoSuchMethodError': <clinit>> (0x00000000e06db9d8) thrown at [D:\src\AOSP-openjdk-cygwin\jdk8u\hotspot\src\share\vm\prims\jni.cpp, line 1613]
Event: 12.730 Thread 0x00000000187c6800 Exception <a 'java/lang/InterruptedException'> (0x00000000e07019a8) thrown at [D:\src\AOSP-openjdk-cygwin\jdk8u\hotspot\src\share\vm\runtime\objectMonitor.cpp, line 1684]
Event: 12.960 Thread 0x0000000019488000 Exception <a 'java/lang/ArrayIndexOutOfBoundsException'> (0x00000000e1b30660) thrown at [D:\src\AOSP-openjdk-cygwin\jdk8u\hotspot\src\share\vm\runtime\sharedRuntime.cpp, line 605]
Event: 13.058 Thread 0x0000000019488000 Exception <a 'java/lang/ArrayIndexOutOfBoundsException'> (0x00000000e014a410) thrown at [D:\src\AOSP-openjdk-cygwin\jdk8u\hotspot\src\share\vm\runtime\sharedRuntime.cpp, line 605]
Event: 13.382 Thread 0x0000000019488000 Implicit null exception at 0x0000000002c7646f to 0x0000000002c764d9
Event: 13.426 Thread 0x0000000019488000 Exception <a 'java/lang/NoSuchMethodError': java.lang.Object.lambda$comparing$77a9974f$1(Ljava/util/function/Function;Ljava/lang/Object;Ljava/lang/Object;)I> (0x00000000e1cb6b40) thrown at [D:\src\AOSP-openjdk-cygwin\jdk8u\hotspot\src\share\vm\interpreter
Event: 13.533 Thread 0x0000000019488000 Exception <a 'java/lang/ArrayIndexOutOfBoundsException': 67> (0x00000000e029d8e0) thrown at [D:\src\AOSP-openjdk-cygwin\jdk8u\hotspot\src\share\vm\interpreter\interpreterRuntime.cpp, line 366]
Event: 13.637 Thread 0x0000000019488000 Exception <a 'java/lang/NoSuchMethodError': java.lang.Object.lambda$static$0(I)[Lorg/jetbrains/kotlin/com/intellij/openapi/editor/event/DocumentListener;> (0x00000000e0af6b08) thrown at [D:\src\AOSP-openjdk-cygwin\jdk8u\hotspot\src\share\vm\interpreter\li
Event: 13.662 Thread 0x0000000019488000 Exception <a 'java/lang/NoSuchMethodError': java.lang.Object.lambda$static$0(I)[Lorg/jetbrains/kotlin/com/intellij/psi/PsiAnnotation;> (0x00000000e0cdd020) thrown at [D:\src\AOSP-openjdk-cygwin\jdk8u\hotspot\src\share\vm\interpreter\linkResolver.cpp, line

Events (10 events):
Event: 14.105 loading class org/jetbrains/kotlin/resolve/jvm/checkers/TypeParameterBoundIsNotArrayChecker
Event: 14.105 loading class org/jetbrains/kotlin/resolve/jvm/checkers/TypeParameterBoundIsNotArrayChecker done
Event: 14.105 loading class org/jetbrains/kotlin/resolve/jvm/checkers/JvmSyntheticApplicabilityChecker
Event: 14.105 loading class org/jetbrains/kotlin/resolve/jvm/checkers/JvmSyntheticApplicabilityChecker done
Event: 14.106 loading class org/jetbrains/kotlin/resolve/jvm/checkers/StrictfpApplicabilityChecker
Event: 14.106 loading class org/jetbrains/kotlin/resolve/jvm/checkers/StrictfpApplicabilityChecker done
Event: 14.106 loading class org/jetbrains/kotlin/resolve/checkers/ExpectedActualDeclarationChecker
Event: 14.106 loading class org/jetbrains/kotlin/resolve/checkers/ExpectedActualDeclarationChecker done
Event: 14.107 loading class org/jetbrains/kotlin/resolve/jvm/checkers/JvmAnnotationsTargetNonExistentAccessorChecker
Event: 14.107 loading class org/jetbrains/kotlin/resolve/jvm/checkers/JvmAnnotationsTargetNonExistentAccessorChecker done


Dynamic libraries:
0x00007ff79fd90000 - 0x00007ff79fdc1000 	C:\Program Files\Android\Android Studio\jre\jre\bin\java.exe
0x00007ff804970000 - 0x00007ff804b51000 	C:\Windows\SYSTEM32\ntdll.dll
0x00007ff802d40000 - 0x00007ff802df2000 	C:\Windows\System32\KERNEL32.DLL
0x00007ff801b80000 - 0x00007ff801df3000 	C:\Windows\System32\KERNELBASE.dll
0x00007ff802200000 - 0x00007ff8022a1000 	C:\Windows\System32\ADVAPI32.dll
0x00007ff804660000 - 0x00007ff8046fe000 	C:\Windows\System32\msvcrt.dll
0x00007ff8044d0000 - 0x00007ff80452b000 	C:\Windows\System32\sechost.dll
0x00007ff804530000 - 0x00007ff804654000 	C:\Windows\System32\RPCRT4.dll
0x00007ff802ec0000 - 0x00007ff803050000 	C:\Windows\System32\USER32.dll
0x00007ff801ac0000 - 0x00007ff801ae0000 	C:\Windows\System32\win32u.dll
0x00007ff8029b0000 - 0x00007ff8029d8000 	C:\Windows\System32\GDI32.dll
0x00007ff801920000 - 0x00007ff801ab2000 	C:\Windows\System32\gdi32full.dll
0x00007ff801ae0000 - 0x00007ff801b7f000 	C:\Windows\System32\msvcp_win.dll
0x00007ff801820000 - 0x00007ff80191a000 	C:\Windows\System32\ucrtbase.dll
0x00007ffff1780000 - 0x00007ffff19e9000 	C:\Windows\WinSxS\amd64_microsoft.windows.common-controls_6595b64144ccf1df_6.0.17134.407_none_fb449d63306391e9\COMCTL32.dll
0x00007ff801e00000 - 0x00007ff802122000 	C:\Windows\System32\combase.dll
0x00007ff800f30000 - 0x00007ff800faa000 	C:\Windows\System32\bcryptPrimitives.dll
0x00007ff8044a0000 - 0x00007ff8044cd000 	C:\Windows\System32\IMM32.DLL
0x0000000055250000 - 0x0000000055322000 	C:\Program Files\Android\Android Studio\jre\jre\bin\msvcr100.dll
0x0000000055410000 - 0x0000000055c51000 	C:\Program Files\Android\Android Studio\jre\jre\bin\server\jvm.dll
0x00007ff803050000 - 0x00007ff803058000 	C:\Windows\System32\PSAPI.DLL
0x00007fffebee0000 - 0x00007fffebee9000 	C:\Windows\SYSTEM32\WSOCK32.dll
0x00007fffec9f0000 - 0x00007fffec9fa000 	C:\Windows\SYSTEM32\VERSION.dll
0x00007ffffdef0000 - 0x00007ffffdf13000 	C:\Windows\SYSTEM32\WINMM.dll
0x00007ff8028c0000 - 0x00007ff80292c000 	C:\Windows\System32\WS2_32.dll
0x00007ffffd400000 - 0x00007ffffd42a000 	C:\Windows\SYSTEM32\winmmbase.dll
0x00007ff801060000 - 0x00007ff8010a9000 	C:\Windows\System32\cfgmgr32.dll
0x00007fffface0000 - 0x00007ffffacef000 	C:\Program Files\Android\Android Studio\jre\jre\bin\verify.dll
0x00007ffffa480000 - 0x00007ffffa4a9000 	C:\Program Files\Android\Android Studio\jre\jre\bin\java.dll
0x00007ffffab00000 - 0x00007ffffab16000 	C:\Program Files\Android\Android Studio\jre\jre\bin\zip.dll
0x00007ff803060000 - 0x00007ff80449f000 	C:\Windows\System32\SHELL32.dll
0x00007ff802150000 - 0x00007ff8021f9000 	C:\Windows\System32\shcore.dll
0x00007ff8010b0000 - 0x00007ff8017bd000 	C:\Windows\System32\windows.storage.dll
0x00007ff802410000 - 0x00007ff802461000 	C:\Windows\System32\shlwapi.dll
0x00007ff800c90000 - 0x00007ff800ca1000 	C:\Windows\System32\kernel.appcore.dll
0x00007ff800cd0000 - 0x00007ff800cef000 	C:\Windows\System32\profapi.dll
0x00007ff800cf0000 - 0x00007ff800d3c000 	C:\Windows\System32\powrprof.dll
0x00007ff800c80000 - 0x00007ff800c8a000 	C:\Windows\System32\FLTLIB.DLL
0x00007ffffacd0000 - 0x00007ffffacdd000 	C:\Program Files\Android\Android Studio\jre\jre\bin\management.dll
0x00007ffffaa90000 - 0x00007ffffaaaa000 	C:\Program Files\Android\Android Studio\jre\jre\bin\net.dll
0x00007ff800500000 - 0x00007ff800566000 	C:\Windows\system32\mswsock.dll
0x00007ffffaa50000 - 0x00007ffffaa61000 	C:\Program Files\Android\Android Studio\jre\jre\bin\nio.dll
0x00007ff8006b0000 - 0x00007ff8006c7000 	C:\Windows\SYSTEM32\CRYPTSP.dll
0x00007ff8000e0000 - 0x00007ff800113000 	C:\Windows\system32\rsaenh.dll
0x00007ff8007e0000 - 0x00007ff800805000 	C:\Windows\SYSTEM32\bcrypt.dll
0x00007ff800bb0000 - 0x00007ff800bd8000 	C:\Windows\SYSTEM32\USERENV.dll
0x00007ff8006d0000 - 0x00007ff8006db000 	C:\Windows\SYSTEM32\CRYPTBASE.dll
0x00007ff800280000 - 0x00007ff8002b8000 	C:\Windows\SYSTEM32\IPHLPAPI.DLL
0x00007ff802140000 - 0x00007ff802148000 	C:\Windows\System32\NSI.dll
0x00007ffffa8c0000 - 0x00007ffffa8d6000 	C:\Windows\SYSTEM32\dhcpcsvc6.DLL
0x00007ffffa8a0000 - 0x00007ffffa8ba000 	C:\Windows\SYSTEM32\dhcpcsvc.DLL

VM Arguments:
jvm_args: -Djava.awt.headless=true -Djava.rmi.server.hostname=127.0.0.1 -Xmx1536m -Dkotlin.environment.keepalive 
java_command: org.jetbrains.kotlin.daemon.KotlinCompileDaemon --daemon-runFilesPath C:\Users\verdy\AppData\Local\kotlin\daemon --daemon-autoshutdownIdleSeconds=7200 --daemon-compilerClasspath C:\Users\verdy\.gradle\caches\modules-2\files-2.1\org.jetbrains.kotlin\kotlin-compiler-embeddable\1.3.10\adc9e577de39fba3db6d60662892118afedd713\kotlin-compiler-embeddable-1.3.10.jar;C:\Users\verdy\.gradle\caches\modules-2\files-2.1\org.jetbrains.kotlin\kotlin-reflect\1.3.10\dd02865be0351707554b16a896b766b2396cdafa\kotlin-reflect-1.3.10.jar;C:\Users\verdy\.gradle\caches\modules-2\files-2.1\org.jetbrains.kotlin\kotlin-stdlib\1.3.10\b178c1501609c6e4ee8be635513cb023a466457d\kotlin-stdlib-1.3.10.jar;C:\Users\verdy\.gradle\caches\modules-2\files-2.1\org.jetbrains.kotlin\kotlin-script-runtime\1.3.10\1d2bac36f99b84e1493244f12629bc0756a3ff90\kotlin-script-runtime-1.3.10.jar;C:\Users\verdy\.gradle\caches\modules-2\files-2.1\org.jetbrains.kotlin\kotlin-stdlib-common\1.3.10\1b19d99229dcedad7caf50534dce38fe82845269\kotlin-stdlib-common-1.3.10.jar;C:\Users\verdy\.gradle\caches\modules-2\files-2.1\org.jetbrains\annotations\13.0\919f0dfe192fb4e063e7dacadee7f8bb9a2672a9\annotations-13.0.jar;C:\Program Files\Android\Android Studio\jre\lib\tools.jar
java_class_path (initial): C:\Users\verdy\.gradle\caches\modules-2\files-2.1\org.jetbrains.kotlin\kotlin-compiler-embeddable\1.3.10\adc9e577de39fba3db6d60662892118afedd713\kotlin-compiler-embeddable-1.3.10.jar;C:\Users\verdy\.gradle\caches\modules-2\files-2.1\org.jetbrains.kotlin\kotlin-reflect\1.3.10\dd02865be0351707554b16a896b766b2396cdafa\kotlin-reflect-1.3.10.jar;C:\Users\verdy\.gradle\caches\modules-2\files-2.1\org.jetbrains.kotlin\kotlin-stdlib\1.3.10\b178c1501609c6e4ee8be635513cb023a466457d\kotlin-stdlib-1.3.10.jar;C:\Users\verdy\.gradle\caches\modules-2\files-2.1\org.jetbrains.kotlin\kotlin-script-runtime\1.3.10\1d2bac36f99b84e1493244f12629bc0756a3ff90\kotlin-script-runtime-1.3.10.jar;C:\Users\verdy\.gradle\caches\modules-2\files-2.1\org.jetbrains.kotlin\kotlin-stdlib-common\1.3.10\1b19d99229dcedad7caf50534dce38fe82845269\kotlin-stdlib-common-1.3.10.jar;C:\Users\verdy\.gradle\caches\modules-2\files-2.1\org.jetbrains\annotations\13.0\919f0dfe192fb4e063e7dacadee7f8bb9a2672a9\annotations-13.0.jar;C:\Program Files\Android\Android Studio\jre\lib\tools.jar
Launcher Type: SUN_STANDARD

Environment Variables:
PATH=C:\Program Files (x86)\Intel\Intel(R) Management Engine Components\iCLS\;C:\Program Files\Intel\Intel(R) Management Engine Components\iCLS\;C:\Windows\system32;C:\Windows;C:\Windows\System32\Wbem;C:\Windows\System32\WindowsPowerShell\v1.0\;C:\Windows\System32\OpenSSH\;C:\Program Files (x86)\Intel\Intel(R) Management Engine Components\DAL;C:\Program Files\Intel\Intel(R) Management Engine Components\DAL;C:\Program Files (x86)\Intel\Intel(R) Management Engine Components\IPT;C:\Program Files\Intel\Intel(R) Management Engine Components\IPT;C:\Program Files\nodejs\;C:\Program Files\Intel\WiFi\bin\;C:\Program Files\Common Files\Intel\WirelessCommon\;C:\Program Files (x86)\GitExtensions\;C:\Program Files\Git\cmd;C:\Users\verdy\AppData\Local\Microsoft\WindowsApps;;C:\Users\verdy\AppData\Local\Programs\Microsoft VS Code\bin;C:\Users\verdy\AppData\Roaming\npm
USERNAME=verdy
OS=Windows_NT
PROCESSOR_IDENTIFIER=Intel64 Family 6 Model 142 Stepping 10, GenuineIntel



---------------  S Y S T E M  ---------------

OS: Windows 10.0 , 64 bit Build 17134 (10.0.17134.1)

CPU:total 8 (initial active 8) (4 cores per cpu, 2 threads per core) family 6 model 142 stepping 10, cmov, cx8, fxsr, mmx, sse, sse2, sse3, ssse3, sse4.1, sse4.2, popcnt, avx, avx2, aes, clmul, erms, 3dnowpref, lzcnt, ht, tsc, tscinvbit, bmi1, bmi2, adx

Memory: 4k page, physical 8238236k(844656k free), swap 10491036k(6344k free)

vm_info: OpenJDK 64-Bit Server VM (25.152-b06) for windows-amd64 JRE (1.8.0_152-release-1136-b06), built by "builder" with MS VC++ 10.0 (VS2010)

time: Sat Nov 24 22:48:26 2018
elapsed time: 14 seconds (0d 0h 0m 14s)

