#
# There is insufficient memory for the Java Runtime Environment to continue.
# Native memory allocation (malloc) failed to allocate 131088 bytes for Chunk::new
# Possible reasons:
#   The system is out of physical RAM or swap space
#   In 32 bit mode, the process size limit was hit
# Possible solutions:
#   Reduce memory load on the system
#   Increase physical memory or swap space
#   Check if swap backing store is full
#   Use 64 bit Java on a 64 bit OS
#   Decrease Java heap size (-Xmx/-Xms)
#   Decrease number of Java threads
#   Decrease Java thread stack sizes (-Xss)
#   Set larger code cache with -XX:ReservedCodeCacheSize=
# This output file may be truncated or incomplete.
#
#  Out of Memory Error (allocation.cpp:390), pid=13308, tid=0x0000000000003194
#
# JRE version: OpenJDK Runtime Environment (8.0_152-b06) (build 1.8.0_152-release-1136-b06)
# Java VM: OpenJDK 64-Bit Server VM (25.152-b06 mixed mode windows-amd64 compressed oops)
# Failed to write core dump. Minidumps are not enabled by default on client versions of Windows
#

---------------  T H R E A D  ---------------

Current thread (0x00000000181bf800):  JavaThread "C2 CompilerThread2" daemon [_thread_in_native, id=12692, stack(0x0000000018bb0000,0x0000000018cb0000)]

Stack: [0x0000000018bb0000,0x0000000018cb0000]
[error occurred during error reporting (printing stack bounds), id 0xc0000005]

Native frames: (J=compiled Java code, j=interpreted, Vv=VM code, C=native code)


Current CompileTask:
C2:5522165 13074   !   4       org.jetbrains.kotlin.daemon.CompileServiceImpl$SessionsContainer::cleanDead (417 bytes)


---------------  P R O C E S S  ---------------

Java Threads: ( => current thread )
  0x000000001d17b800 JavaThread "RMI RenewClean-[127.0.0.1:55311,org.jetbrains.kotlin.daemon.common.LoopbackNetworkInterface$ClientLoopbackSocketFactory@1a804eba]" daemon [_thread_blocked, id=1224, stack(0x0000000023260000,0x0000000023360000)]
  0x000000001d179000 JavaThread "RMI RenewClean-[127.0.0.1:55311,org.jetbrains.kotlin.daemon.common.LoopbackNetworkInterface$ClientLoopbackSocketFactory@75709437]" daemon [_thread_blocked, id=12876, stack(0x0000000022860000,0x0000000022960000)]
  0x0000000019294000 JavaThread "RMI Scheduler(0)" daemon [_thread_blocked, id=14216, stack(0x000000001a460000,0x000000001a560000)]
  0x0000000002402800 JavaThread "DestroyJavaVM" [_thread_blocked, id=12212, stack(0x0000000002300000,0x0000000002400000)]
  0x0000000019276000 JavaThread "GC Daemon" daemon [_thread_blocked, id=5548, stack(0x0000000019ef0000,0x0000000019ff0000)]
  0x0000000019278800 JavaThread "RMI Reaper" [_thread_blocked, id=8132, stack(0x0000000019df0000,0x0000000019ef0000)]
  0x000000001919e000 JavaThread "Timer-0" daemon [_thread_blocked, id=14160, stack(0x0000000019bf0000,0x0000000019cf0000)]
  0x0000000019076000 JavaThread "RMI TCP Accept-17357" daemon [_thread_in_native, id=4376, stack(0x0000000019af0000,0x0000000019bf0000)]
  0x0000000018257000 JavaThread "Service Thread" daemon [_thread_blocked, id=9328, stack(0x0000000018db0000,0x0000000018eb0000)]
  0x00000000181d2800 JavaThread "C1 CompilerThread3" daemon [_thread_blocked, id=9080, stack(0x0000000018cb0000,0x0000000018db0000)]
=>0x00000000181bf800 JavaThread "C2 CompilerThread2" daemon [_thread_in_native, id=12692, stack(0x0000000018bb0000,0x0000000018cb0000)]
  0x00000000181be800 JavaThread "C2 CompilerThread1" daemon [_thread_blocked, id=5388, stack(0x0000000018ab0000,0x0000000018bb0000)]
  0x00000000181b9800 JavaThread "C2 CompilerThread0" daemon [_thread_blocked, id=8880, stack(0x00000000189b0000,0x0000000018ab0000)]
  0x00000000181b7800 JavaThread "Attach Listener" daemon [_thread_blocked, id=9592, stack(0x00000000188b0000,0x00000000189b0000)]
  0x00000000162ce800 JavaThread "Signal Dispatcher" daemon [_thread_blocked, id=12672, stack(0x00000000187b0000,0x00000000188b0000)]
  0x00000000181b0800 JavaThread "Finalizer" daemon [_thread_blocked, id=11340, stack(0x0000000018590000,0x0000000018690000)]
  0x00000000024f6000 JavaThread "Reference Handler" daemon [_thread_blocked, id=6952, stack(0x0000000018090000,0x0000000018190000)]

Other Threads:
  0x00000000162b5800 VMThread [stack: 0x0000000017f90000,0x0000000018090000] [id=10808]
  0x00000000181f2800 WatcherThread [stack: 0x0000000018eb0000,0x0000000018fb0000] [id=5172]

VM state:not at safepoint (normal execution)

VM Mutex/Monitor currently owned by a thread: None

Heap:
 PSYoungGen      total 208384K, used 111918K [0x00000000e0000000, 0x00000000f1300000, 0x0000000100000000)
  eden space 163840K, 46% used [0x00000000e0000000,0x00000000e4ae59a8,0x00000000ea000000)
  from space 44544K, 79% used [0x00000000ee780000,0x00000000f09e5f00,0x00000000f1300000)
  to   space 58880K, 0% used [0x00000000ea000000,0x00000000ea000000,0x00000000ed980000)
 ParOldGen       total 140800K, used 26918K [0x00000000a0000000, 0x00000000a8980000, 0x00000000e0000000)
  object space 140800K, 19% used [0x00000000a0000000,0x00000000a1a49868,0x00000000a8980000)
 Metaspace       used 61689K, capacity 63060K, committed 63360K, reserved 1105920K
  class space    used 7161K, capacity 7531K, committed 7552K, reserved 1048576K

Card table byte_map: [0x00000000118c0000,0x0000000011bd0000] byte_map_base: 0x00000000113c0000

Marking Bits: (ParMarkBitMap*) 0x000000005a805aa0
 Begin Bits: [0x00000000125d0000, 0x0000000013dd0000)
 End Bits:   [0x0000000013dd0000, 0x00000000155d0000)

Polling page: 0x00000000001f0000

CodeCache: size=245760Kb used=37862Kb max_used=38449Kb free=207897Kb
 bounds [0x0000000002500000, 0x0000000004ad0000, 0x0000000011500000]
 total_blobs=11412 nmethods=10867 adapters=455
 compilation: enabled

Compilation events (10 events):
Event: 5379.813 Thread 0x00000000181d2800 nmethod 13070 0x0000000002fb6290 code [0x0000000002fb64c0, 0x0000000002fb6f18]
Event: 5379.826 Thread 0x00000000181d2800 13072       3       java.io.ObjectStreamClass$FieldReflector::setObjFieldValues (248 bytes)
Event: 5379.830 Thread 0x00000000181d2800 nmethod 13072 0x0000000002f07010 code [0x0000000002f07380, 0x0000000002f09358]
Event: 5379.841 Thread 0x00000000181d2800 13071       3       java.io.ObjectStreamClass::setObjFieldValues (10 bytes)
Event: 5379.842 Thread 0x00000000181d2800 nmethod 13071 0x0000000002cb6150 code [0x0000000002cb62c0, 0x0000000002cb6468]
Event: 5392.477 Thread 0x00000000181be800 13073   !   4       org.jetbrains.kotlin.daemon.CompileServiceImpl$$special$$inlined$schedule$3::run (74 bytes)
Event: 5392.484 Thread 0x00000000181be800 nmethod 13073 0x0000000003239290 code [0x00000000032393e0, 0x00000000032394a8]
Event: 5520.824 Thread 0x00000000181bf800 13074   !   4       org.jetbrains.kotlin.daemon.CompileServiceImpl$SessionsContainer::cleanDead (417 bytes)
Event: 5520.842 Thread 0x00000000181b9800 13075       4       org.jetbrains.kotlin.daemon.CompileServiceImpl::getLastUsedSeconds (39 bytes)
Event: 5520.859 Thread 0x00000000181b9800 nmethod 13075 0x00000000033251d0 code [0x0000000003325340, 0x0000000003325668]

GC Heap History (10 events):
Event: 2112.066 GC heap before
{Heap before GC invocations=18 (full 4):
 PSYoungGen      total 155648K, used 139632K [0x00000000e0000000, 0x00000000ed400000, 0x0000000100000000)
  eden space 116736K, 99% used [0x00000000e0000000,0x00000000e70e9e88,0x00000000e7200000)
  from space 38912K, 61% used [0x00000000e7200000,0x00000000e8972410,0x00000000e9800000)
  to   space 39424K, 0% used [0x00000000ead80000,0x00000000ead80000,0x00000000ed400000)
 ParOldGen       total 140800K, used 20670K [0x00000000a0000000, 0x00000000a8980000, 0x00000000e0000000)
  object space 140800K, 14% used [0x00000000a0000000,0x00000000a142f8b0,0x00000000a8980000)
 Metaspace       used 58305K, capacity 59450K, committed 59672K, reserved 1101824K
  class space    used 6938K, capacity 7228K, committed 7296K, reserved 1048576K
Event: 2112.095 GC heap after
Heap after GC invocations=18 (full 4):
 PSYoungGen      total 172032K, used 38548K [0x00000000e0000000, 0x00000000edb00000, 0x0000000100000000)
  eden space 132608K, 0% used [0x00000000e0000000,0x00000000e0000000,0x00000000e8180000)
  from space 39424K, 97% used [0x00000000ead80000,0x00000000ed325028,0x00000000ed400000)
  to   space 45056K, 0% used [0x00000000e8180000,0x00000000e8180000,0x00000000ead80000)
 ParOldGen       total 140800K, used 20678K [0x00000000a0000000, 0x00000000a8980000, 0x00000000e0000000)
  object space 140800K, 14% used [0x00000000a0000000,0x00000000a14318b0,0x00000000a8980000)
 Metaspace       used 58305K, capacity 59450K, committed 59672K, reserved 1101824K
  class space    used 6938K, capacity 7228K, committed 7296K, reserved 1048576K
}
Event: 2408.217 GC heap before
{Heap before GC invocations=19 (full 4):
 PSYoungGen      total 172032K, used 170811K [0x00000000e0000000, 0x00000000edb00000, 0x0000000100000000)
  eden space 132608K, 99% used [0x00000000e0000000,0x00000000e8129e58,0x00000000e8180000)
  from space 39424K, 97% used [0x00000000ead80000,0x00000000ed325028,0x00000000ed400000)
  to   space 45056K, 0% used [0x00000000e8180000,0x00000000e8180000,0x00000000ead80000)
 ParOldGen       total 140800K, used 20678K [0x00000000a0000000, 0x00000000a8980000, 0x00000000e0000000)
  object space 140800K, 14% used [0x00000000a0000000,0x00000000a14318b0,0x00000000a8980000)
 Metaspace       used 58877K, capacity 60162K, committed 60568K, reserved 1101824K
  class space    used 6989K, capacity 7306K, committed 7424K, reserved 1048576K
Event: 2408.268 GC heap after
Heap after GC invocations=19 (full 4):
 PSYoungGen      total 177664K, used 39205K [0x00000000e0000000, 0x00000000ef200000, 0x0000000100000000)
  eden space 132608K, 0% used [0x00000000e0000000,0x00000000e0000000,0x00000000e8180000)
  from space 45056K, 87% used [0x00000000e8180000,0x00000000ea7c9690,0x00000000ead80000)
  to   space 49664K, 0% used [0x00000000ec180000,0x00000000ec180000,0x00000000ef200000)
 ParOldGen       total 140800K, used 20686K [0x00000000a0000000, 0x00000000a8980000, 0x00000000e0000000)
  object space 140800K, 14% used [0x00000000a0000000,0x00000000a14338b0,0x00000000a8980000)
 Metaspace       used 58877K, capacity 60162K, committed 60568K, reserved 1101824K
  class space    used 6989K, capacity 7306K, committed 7424K, reserved 1048576K
}
Event: 2935.567 GC heap before
{Heap before GC invocations=20 (full 4):
 PSYoungGen      total 177664K, used 171813K [0x00000000e0000000, 0x00000000ef200000, 0x0000000100000000)
  eden space 132608K, 100% used [0x00000000e0000000,0x00000000e8180000,0x00000000e8180000)
  from space 45056K, 87% used [0x00000000e8180000,0x00000000ea7c9690,0x00000000ead80000)
  to   space 49664K, 0% used [0x00000000ec180000,0x00000000ec180000,0x00000000ef200000)
 ParOldGen       total 140800K, used 20686K [0x00000000a0000000, 0x00000000a8980000, 0x00000000e0000000)
  object space 140800K, 14% used [0x00000000a0000000,0x00000000a14338b0,0x00000000a8980000)
 Metaspace       used 59862K, capacity 61150K, committed 61440K, reserved 1103872K
  class space    used 7028K, capacity 7350K, committed 7424K, reserved 1048576K
Event: 2935.591 GC heap after
Heap after GC invocations=20 (full 4):
 PSYoungGen      total 190976K, used 27373K [0x00000000e0000000, 0x00000000eee00000, 0x0000000100000000)
  eden space 145408K, 0% used [0x00000000e0000000,0x00000000e0000000,0x00000000e8e00000)
  from space 45568K, 60% used [0x00000000ec180000,0x00000000edc3b660,0x00000000eee00000)
  to   space 49152K, 0% used [0x00000000e8e00000,0x00000000e8e00000,0x00000000ebe00000)
 ParOldGen       total 140800K, used 20694K [0x00000000a0000000, 0x00000000a8980000, 0x00000000e0000000)
  object space 140800K, 14% used [0x00000000a0000000,0x00000000a14358b0,0x00000000a8980000)
 Metaspace       used 59862K, capacity 61150K, committed 61440K, reserved 1103872K
  class space    used 7028K, capacity 7350K, committed 7424K, reserved 1048576K
}
Event: 2936.882 GC heap before
{Heap before GC invocations=21 (full 4):
 PSYoungGen      total 190976K, used 172781K [0x00000000e0000000, 0x00000000eee00000, 0x0000000100000000)
  eden space 145408K, 100% used [0x00000000e0000000,0x00000000e8e00000,0x00000000e8e00000)
  from space 45568K, 60% used [0x00000000ec180000,0x00000000edc3b660,0x00000000eee00000)
  to   space 49152K, 0% used [0x00000000e8e00000,0x00000000e8e00000,0x00000000ebe00000)
 ParOldGen       total 140800K, used 20694K [0x00000000a0000000, 0x00000000a8980000, 0x00000000e0000000)
  object space 140800K, 14% used [0x00000000a0000000,0x00000000a14358b0,0x00000000a8980000)
 Metaspace       used 60681K, capacity 62026K, committed 62208K, reserved 1103872K
  class space    used 7086K, capacity 7424K, committed 7424K, reserved 1048576K
Event: 2936.949 GC heap after
Heap after GC invocations=21 (full 4):
 PSYoungGen      total 194560K, used 49124K [0x00000000e0000000, 0x00000000f2080000, 0x0000000100000000)
  eden space 145408K, 0% used [0x00000000e0000000,0x00000000e0000000,0x00000000e8e00000)
  from space 49152K, 99% used [0x00000000e8e00000,0x00000000ebdf92d8,0x00000000ebe00000)
  to   space 58368K, 0% used [0x00000000ee780000,0x00000000ee780000,0x00000000f2080000)
 ParOldGen       total 140800K, used 26910K [0x00000000a0000000, 0x00000000a8980000, 0x00000000e0000000)
  object space 140800K, 19% used [0x00000000a0000000,0x00000000a1a47868,0x00000000a8980000)
 Metaspace       used 60681K, capacity 62026K, committed 62208K, reserved 1103872K
  class space    used 7086K, capacity 7424K, committed 7424K, reserved 1048576K
}
Event: 2980.058 GC heap before
{Heap before GC invocations=22 (full 4):
 PSYoungGen      total 194560K, used 194532K [0x00000000e0000000, 0x00000000f2080000, 0x0000000100000000)
  eden space 145408K, 100% used [0x00000000e0000000,0x00000000e8e00000,0x00000000e8e00000)
  from space 49152K, 99% used [0x00000000e8e00000,0x00000000ebdf92d8,0x00000000ebe00000)
  to   space 58368K, 0% used [0x00000000ee780000,0x00000000ee780000,0x00000000f2080000)
 ParOldGen       total 140800K, used 26910K [0x00000000a0000000, 0x00000000a8980000, 0x00000000e0000000)
  object space 140800K, 19% used [0x00000000a0000000,0x00000000a1a47868,0x00000000a8980000)
 Metaspace       used 61474K, capacity 62824K, committed 63104K, reserved 1105920K
  class space    used 7147K, capacity 7497K, committed 7552K, reserved 1048576K
Event: 2980.077 GC heap after
Heap after GC invocations=22 (full 4):
 PSYoungGen      total 208384K, used 35223K [0x00000000e0000000, 0x00000000f1300000, 0x0000000100000000)
  eden space 163840K, 0% used [0x00000000e0000000,0x00000000e0000000,0x00000000ea000000)
  from space 44544K, 79% used [0x00000000ee780000,0x00000000f09e5f00,0x00000000f1300000)
  to   space 58880K, 0% used [0x00000000ea000000,0x00000000ea000000,0x00000000ed980000)
 ParOldGen       total 140800K, used 26918K [0x00000000a0000000, 0x00000000a8980000, 0x00000000e0000000)
  object space 140800K, 19% used [0x00000000a0000000,0x00000000a1a49868,0x00000000a8980000)
 Metaspace       used 61474K, capacity 62824K, committed 63104K, reserved 1105920K
  class space    used 7147K, capacity 7497K, committed 7552K, reserved 1048576K
}

Deoptimization events (10 events):
Event: 2980.208 Thread 0x000000001d176000 Uncommon trap: reason=class_check action=maybe_recompile pc=0x000000000363bf64 method=org.jetbrains.kotlin.load.java.typeEnhancement.SignatureEnhancement.parts(Lorg/jetbrains/kotlin/descriptors/CallableMemberDescriptor;Lorg/jetbrains/kotlin/descriptors/an
Event: 2980.208 Thread 0x000000001d176000 Uncommon trap: reason=class_check action=maybe_recompile pc=0x000000000363bf64 method=org.jetbrains.kotlin.load.java.typeEnhancement.SignatureEnhancement.parts(Lorg/jetbrains/kotlin/descriptors/CallableMemberDescriptor;Lorg/jetbrains/kotlin/descriptors/an
Event: 2980.358 Thread 0x000000001d176000 Uncommon trap: reason=class_check action=maybe_recompile pc=0x00000000047d571c method=org.jetbrains.kotlin.load.java.lazy.descriptors.LazyJavaClassMemberScope.getPropertiesFromSupertypes(Lorg/jetbrains/kotlin/name/Name;)Ljava/util/Set; @ 95
Event: 2980.358 Thread 0x000000001d176000 Uncommon trap: reason=class_check action=maybe_recompile pc=0x00000000047d571c method=org.jetbrains.kotlin.load.java.lazy.descriptors.LazyJavaClassMemberScope.getPropertiesFromSupertypes(Lorg/jetbrains/kotlin/name/Name;)Ljava/util/Set; @ 95
Event: 2980.358 Thread 0x000000001d176000 Uncommon trap: reason=class_check action=maybe_recompile pc=0x00000000049c94c4 method=org.jetbrains.kotlin.load.java.lazy.descriptors.LazyJavaClassMemberScope.getPropertiesFromSupertypes(Lorg/jetbrains/kotlin/name/Name;)Ljava/util/Set; @ 95
Event: 2980.387 Thread 0x000000001d176000 Uncommon trap: reason=null_check action=make_not_entrant pc=0x0000000004a095e0 method=org.jetbrains.kotlin.resolve.lazy.LazyImportScope.getParent()Lorg/jetbrains/kotlin/resolve/scopes/HierarchicalScope; @ 4
Event: 2980.395 Thread 0x000000001d176000 Uncommon trap: reason=array_check action=maybe_recompile pc=0x0000000004a05c00 method=org.jetbrains.kotlin.com.intellij.extapi.psi.StubBasedPsiElementBase.getStubOrPsiChildren(Lorg/jetbrains/kotlin/com/intellij/psi/stubs/IStubElementType;Lorg/jetbrains/ko
Event: 2980.396 Thread 0x000000001d176000 Uncommon trap: reason=array_check action=maybe_recompile pc=0x0000000004a05c00 method=org.jetbrains.kotlin.com.intellij.extapi.psi.StubBasedPsiElementBase.getStubOrPsiChildren(Lorg/jetbrains/kotlin/com/intellij/psi/stubs/IStubElementType;Lorg/jetbrains/ko
Event: 2980.398 Thread 0x000000001d176000 Uncommon trap: reason=array_check action=maybe_recompile pc=0x0000000004a05c00 method=org.jetbrains.kotlin.com.intellij.extapi.psi.StubBasedPsiElementBase.getStubOrPsiChildren(Lorg/jetbrains/kotlin/com/intellij/psi/stubs/IStubElementType;Lorg/jetbrains/ko
Event: 2980.401 Thread 0x000000001d176000 Uncommon trap: reason=array_check action=maybe_recompile pc=0x0000000004a05c00 method=org.jetbrains.kotlin.com.intellij.extapi.psi.StubBasedPsiElementBase.getStubOrPsiChildren(Lorg/jetbrains/kotlin/com/intellij/psi/stubs/IStubElementType;Lorg/jetbrains/ko

Classes redefined (0 events):
No events

Internal exceptions (10 events):
Event: 2935.825 Thread 0x000000001d177800 Exception <a 'java/io/FileNotFoundException'> (0x00000000e11c6bd0) thrown at [D:\src\AOSP-openjdk-cygwin\jdk8u\hotspot\src\share\vm\prims\jni.cpp, line 709]
Event: 2935.825 Thread 0x000000001d177800 Exception <a 'java/io/FileNotFoundException'> (0x00000000e11c8770) thrown at [D:\src\AOSP-openjdk-cygwin\jdk8u\hotspot\src\share\vm\prims\jni.cpp, line 709]
Event: 2936.816 Thread 0x000000001d177800 Exception <a 'java/lang/NoSuchMethodError': java.lang.Object.lambda$static$0(I)[Lorg/jetbrains/kotlin/com/intellij/psi/PsiParameter;> (0x00000000e8a47948) thrown at [D:\src\AOSP-openjdk-cygwin\jdk8u\hotspot\src\share\vm\interpreter\linkResolver.cpp, line 
Event: 2979.796 Thread 0x000000001d17b800 Exception <a 'java/lang/InterruptedException'> (0x00000000e5e44a90) thrown at [D:\src\AOSP-openjdk-cygwin\jdk8u\hotspot\src\share\vm\runtime\objectMonitor.cpp, line 1684]
Event: 2979.814 Thread 0x000000001d176000 Exception <a 'java/io/FileNotFoundException'> (0x00000000e5f79ce8) thrown at [D:\src\AOSP-openjdk-cygwin\jdk8u\hotspot\src\share\vm\prims\jni.cpp, line 709]
Event: 2979.814 Thread 0x000000001d176000 Exception <a 'sun/nio/fs/WindowsException'> (0x00000000e5f7b708) thrown at [D:\src\AOSP-openjdk-cygwin\jdk8u\hotspot\src\share\vm\prims\jni.cpp, line 709]
Event: 2979.816 Thread 0x000000001d176000 Exception <a 'sun/nio/fs/WindowsException'> (0x00000000e5f7f500) thrown at [D:\src\AOSP-openjdk-cygwin\jdk8u\hotspot\src\share\vm\prims\jni.cpp, line 709]
Event: 2979.816 Thread 0x000000001d176000 Exception <a 'java/io/FileNotFoundException'> (0x00000000e5f80940) thrown at [D:\src\AOSP-openjdk-cygwin\jdk8u\hotspot\src\share\vm\prims\jni.cpp, line 709]
Event: 2979.817 Thread 0x000000001d176000 Exception <a 'java/io/FileNotFoundException'> (0x00000000e5f824e0) thrown at [D:\src\AOSP-openjdk-cygwin\jdk8u\hotspot\src\share\vm\prims\jni.cpp, line 709]
Event: 2980.387 Thread 0x000000001d176000 Implicit null exception at 0x0000000004a09570 to 0x0000000004a095d5

Events (10 events):
Event: 5520.869 Thread 0x00000000181b9800 flushing nmethod 0x00000000039884d0
Event: 5520.869 Thread 0x00000000181b9800 flushing nmethod 0x0000000003991790
Event: 5520.870 Thread 0x00000000181b9800 flushing nmethod 0x0000000003992b50
Event: 5520.870 Thread 0x00000000181b9800 flushing nmethod 0x0000000003999c50
Event: 5520.870 Thread 0x00000000181b9800 flushing nmethod 0x000000000399a2d0
Event: 5520.873 Thread 0x00000000181b9800 flushing nmethod 0x00000000039ccc90
Event: 5520.873 Thread 0x00000000181b9800 flushing nmethod 0x00000000039d7a10
Event: 5520.874 Thread 0x00000000181b9800 flushing nmethod 0x00000000039e1a10
Event: 5520.875 Thread 0x00000000181b9800 flushing nmethod 0x00000000039eaad0
Event: 5520.876 Thread 0x00000000181b9800 flushing nmethod 0x0000000003a063d0


Dynamic libraries:
0x00007ff68aba0000 - 0x00007ff68abd1000 	C:\Program Files\Android\Android Studio\jre\jre\bin\java.exe
0x00007ffa27190000 - 0x00007ffa27371000 	C:\Windows\SYSTEM32\ntdll.dll
0x00007ffa26740000 - 0x00007ffa267f2000 	C:\Windows\System32\KERNEL32.DLL
0x00007ffa23560000 - 0x00007ffa237d3000 	C:\Windows\System32\KERNELBASE.dll
0x00007ffa26870000 - 0x00007ffa26911000 	C:\Windows\System32\ADVAPI32.dll
0x00007ffa24a80000 - 0x00007ffa24b1e000 	C:\Windows\System32\msvcrt.dll
0x00007ffa25000000 - 0x00007ffa2505b000 	C:\Windows\System32\sechost.dll
0x00007ffa26c60000 - 0x00007ffa26d84000 	C:\Windows\System32\RPCRT4.dll
0x00007ffa26ad0000 - 0x00007ffa26c60000 	C:\Windows\System32\USER32.dll
0x00007ffa24310000 - 0x00007ffa24330000 	C:\Windows\System32\win32u.dll
0x00007ffa26800000 - 0x00007ffa26828000 	C:\Windows\System32\GDI32.dll
0x00007ffa23900000 - 0x00007ffa23a92000 	C:\Windows\System32\gdi32full.dll
0x00007ffa23860000 - 0x00007ffa238ff000 	C:\Windows\System32\msvcp_win.dll
0x00007ffa23aa0000 - 0x00007ffa23b9a000 	C:\Windows\System32\ucrtbase.dll
0x00007ffa105b0000 - 0x00007ffa10819000 	C:\Windows\WinSxS\amd64_microsoft.windows.common-controls_6595b64144ccf1df_6.0.17134.407_none_fb449d63306391e9\COMCTL32.dll
0x00007ffa26e30000 - 0x00007ffa27152000 	C:\Windows\System32\combase.dll
0x00007ffa237e0000 - 0x00007ffa2385a000 	C:\Windows\System32\bcryptPrimitives.dll
0x00007ffa26840000 - 0x00007ffa2686d000 	C:\Windows\System32\IMM32.DLL
0x0000000059e80000 - 0x0000000059f52000 	C:\Program Files\Android\Android Studio\jre\jre\bin\msvcr100.dll
0x000000005a040000 - 0x000000005a881000 	C:\Program Files\Android\Android Studio\jre\jre\bin\server\jvm.dll
0x00007ffa24620000 - 0x00007ffa24628000 	C:\Windows\System32\PSAPI.DLL
0x00007ffa11f90000 - 0x00007ffa11f99000 	C:\Windows\SYSTEM32\WSOCK32.dll
0x00007ffa206a0000 - 0x00007ffa206c3000 	C:\Windows\SYSTEM32\WINMM.dll
0x00007ffa25060000 - 0x00007ffa250cc000 	C:\Windows\System32\WS2_32.dll
0x00007ffa11c90000 - 0x00007ffa11c9a000 	C:\Windows\SYSTEM32\VERSION.dll
0x00007ffa20670000 - 0x00007ffa2069a000 	C:\Windows\SYSTEM32\winmmbase.dll
0x00007ffa243e0000 - 0x00007ffa24429000 	C:\Windows\System32\cfgmgr32.dll
0x00007ffa0a540000 - 0x00007ffa0a54f000 	C:\Program Files\Android\Android Studio\jre\jre\bin\verify.dll
0x00007ffa07eb0000 - 0x00007ffa07ed9000 	C:\Program Files\Android\Android Studio\jre\jre\bin\java.dll
0x00007ffa07e90000 - 0x00007ffa07ea6000 	C:\Program Files\Android\Android Studio\jre\jre\bin\zip.dll
0x00007ffa25250000 - 0x00007ffa2668f000 	C:\Windows\System32\SHELL32.dll
0x00007ffa26690000 - 0x00007ffa26739000 	C:\Windows\System32\shcore.dll
0x00007ffa23c00000 - 0x00007ffa2430d000 	C:\Windows\System32\windows.storage.dll
0x00007ffa26a70000 - 0x00007ffa26ac1000 	C:\Windows\System32\shlwapi.dll
0x00007ffa23540000 - 0x00007ffa23551000 	C:\Windows\System32\kernel.appcore.dll
0x00007ffa23520000 - 0x00007ffa2353f000 	C:\Windows\System32\profapi.dll
0x00007ffa234b0000 - 0x00007ffa234fc000 	C:\Windows\System32\powrprof.dll
0x00007ffa234a0000 - 0x00007ffa234aa000 	C:\Windows\System32\FLTLIB.DLL
0x00007ff9fa080000 - 0x00007ff9fa08d000 	C:\Program Files\Android\Android Studio\jre\jre\bin\management.dll
0x00007ffa07e70000 - 0x00007ffa07e8a000 	C:\Program Files\Android\Android Studio\jre\jre\bin\net.dll
0x00007ffa22d20000 - 0x00007ffa22d86000 	C:\Windows\system32\mswsock.dll
0x00007ff9fa090000 - 0x00007ff9fa0a1000 	C:\Program Files\Android\Android Studio\jre\jre\bin\nio.dll
0x00007ffa22ed0000 - 0x00007ffa22ee7000 	C:\Windows\SYSTEM32\CRYPTSP.dll
0x00007ffa22900000 - 0x00007ffa22933000 	C:\Windows\system32\rsaenh.dll
0x00007ffa23000000 - 0x00007ffa23025000 	C:\Windows\SYSTEM32\bcrypt.dll
0x00007ffa233d0000 - 0x00007ffa233f8000 	C:\Windows\SYSTEM32\USERENV.dll
0x00007ffa22ef0000 - 0x00007ffa22efb000 	C:\Windows\SYSTEM32\CRYPTBASE.dll
0x00007ffa22aa0000 - 0x00007ffa22ad8000 	C:\Windows\SYSTEM32\IPHLPAPI.DLL
0x00007ffa24f00000 - 0x00007ffa24f08000 	C:\Windows\System32\NSI.dll
0x00007ffa1cde0000 - 0x00007ffa1cdf6000 	C:\Windows\SYSTEM32\dhcpcsvc6.DLL
0x00007ffa1cd90000 - 0x00007ffa1cdaa000 	C:\Windows\SYSTEM32\dhcpcsvc.DLL

VM Arguments:
jvm_args: -Djava.awt.headless=true -Djava.rmi.server.hostname=127.0.0.1 -Xmx1536m -Dkotlin.environment.keepalive 
java_command: org.jetbrains.kotlin.daemon.KotlinCompileDaemon --daemon-runFilesPath C:\Users\verdy\AppData\Local\kotlin\daemon --daemon-autoshutdownIdleSeconds=7200 --daemon-compilerClasspath C:\Users\verdy\.gradle\caches\modules-2\files-2.1\org.jetbrains.kotlin\kotlin-compiler-embeddable\1.3.10\adc9e577de39fba3db6d60662892118afedd713\kotlin-compiler-embeddable-1.3.10.jar;C:\Users\verdy\.gradle\caches\modules-2\files-2.1\org.jetbrains.kotlin\kotlin-reflect\1.3.10\dd02865be0351707554b16a896b766b2396cdafa\kotlin-reflect-1.3.10.jar;C:\Users\verdy\.gradle\caches\modules-2\files-2.1\org.jetbrains.kotlin\kotlin-stdlib\1.3.10\b178c1501609c6e4ee8be635513cb023a466457d\kotlin-stdlib-1.3.10.jar;C:\Users\verdy\.gradle\caches\modules-2\files-2.1\org.jetbrains.kotlin\kotlin-script-runtime\1.3.10\1d2bac36f99b84e1493244f12629bc0756a3ff90\kotlin-script-runtime-1.3.10.jar;C:\Users\verdy\.gradle\caches\modules-2\files-2.1\org.jetbrains.kotlin\kotlin-stdlib-common\1.3.10\1b19d99229dcedad7caf50534dce38fe82845269\kotlin-stdlib-common-1.3.10.jar;C:\Users\verdy\.gradle\caches\modules-2\files-2.1\org.jetbrains\annotations\13.0\919f0dfe192fb4e063e7dacadee7f8bb9a2672a9\annotations-13.0.jar;C:\Program Files\Android\Android Studio\jre\lib\tools.jar
java_class_path (initial): C:\Users\verdy\.gradle\caches\modules-2\files-2.1\org.jetbrains.kotlin\kotlin-compiler-embeddable\1.3.10\adc9e577de39fba3db6d60662892118afedd713\kotlin-compiler-embeddable-1.3.10.jar;C:\Users\verdy\.gradle\caches\modules-2\files-2.1\org.jetbrains.kotlin\kotlin-reflect\1.3.10\dd02865be0351707554b16a896b766b2396cdafa\kotlin-reflect-1.3.10.jar;C:\Users\verdy\.gradle\caches\modules-2\files-2.1\org.jetbrains.kotlin\kotlin-stdlib\1.3.10\b178c1501609c6e4ee8be635513cb023a466457d\kotlin-stdlib-1.3.10.jar;C:\Users\verdy\.gradle\caches\modules-2\files-2.1\org.jetbrains.kotlin\kotlin-script-runtime\1.3.10\1d2bac36f99b84e1493244f12629bc0756a3ff90\kotlin-script-runtime-1.3.10.jar;C:\Users\verdy\.gradle\caches\modules-2\files-2.1\org.jetbrains.kotlin\kotlin-stdlib-common\1.3.10\1b19d99229dcedad7caf50534dce38fe82845269\kotlin-stdlib-common-1.3.10.jar;C:\Users\verdy\.gradle\caches\modules-2\files-2.1\org.jetbrains\annotations\13.0\919f0dfe192fb4e063e7dacadee7f8bb9a2672a9\annotations-13.0.jar;C:\Program Files\Android\Android Studio\jre\lib\tools.jar
Launcher Type: SUN_STANDARD

Environment Variables:
PATH=C:\Program Files (x86)\Intel\Intel(R) Management Engine Components\iCLS\;C:\Program Files\Intel\Intel(R) Management Engine Components\iCLS\;C:\Windows\system32;C:\Windows;C:\Windows\System32\Wbem;C:\Windows\System32\WindowsPowerShell\v1.0\;C:\Windows\System32\OpenSSH\;C:\Program Files (x86)\Intel\Intel(R) Management Engine Components\DAL;C:\Program Files\Intel\Intel(R) Management Engine Components\DAL;C:\Program Files (x86)\Intel\Intel(R) Management Engine Components\IPT;C:\Program Files\Intel\Intel(R) Management Engine Components\IPT;C:\Program Files\nodejs\;C:\Program Files\Intel\WiFi\bin\;C:\Program Files\Common Files\Intel\WirelessCommon\;C:\Program Files (x86)\GitExtensions\;C:\Program Files\Git\cmd;C:\Users\verdy\AppData\Local\Microsoft\WindowsApps;;C:\Users\verdy\AppData\Local\Programs\Microsoft VS Code\bin;C:\Users\verdy\AppData\Roaming\npm
USERNAME=verdy
OS=Windows_NT
PROCESSOR_IDENTIFIER=Intel64 Family 6 Model 142 Stepping 10, GenuineIntel



---------------  S Y S T E M  ---------------

OS: Windows 10.0 , 64 bit Build 17134 (10.0.17134.1)

CPU:total 8 (initial active 8) (4 cores per cpu, 2 threads per core) family 6 model 142 stepping 10, cmov, cx8, fxsr, mmx, sse, sse2, sse3, ssse3, sse4.1, sse4.2, popcnt, avx, avx2, aes, clmul, erms, 3dnowpref, lzcnt, ht, tsc, tscinvbit, bmi1, bmi2, adx

Memory: 4k page, physical 8238236k(502444k free), swap 10491036k(248k free)

vm_info: OpenJDK 64-Bit Server VM (25.152-b06) for windows-amd64 JRE (1.8.0_152-release-1136-b06), built by "builder" with MS VC++ 10.0 (VS2010)

time: Mon Nov 26 15:04:55 2018
elapsed time: 5521 seconds (0d 1h 32m 1s)

